19:32:07:773  INFO 16760 --- [main] com.hmall.pay.PayApplication             : The following 1 profile is active: "dev"
19:32:08:851  INFO 16760 --- [main] o.s.cloud.context.scope.GenericScope     : BeanFactory id=7b37b7bb-2eee-3c1c-be4e-c17d043dc409
19:32:08:910  INFO 16760 --- [main] trationDelegate$BeanPostProcessorChecker : Bean 'io.seata.spring.boot.autoconfigure.SeataCoreAutoConfiguration' of type [io.seata.spring.boot.autoconfigure.SeataCoreAutoConfiguration] is not eligible for getting processed by all BeanPostProcessors (for example: not eligible for auto-proxying)
19:32:08:910  INFO 16760 --- [main] trationDelegate$BeanPostProcessorChecker : Bean 'springApplicationContextProvider' of type [io.seata.spring.boot.autoconfigure.provider.SpringApplicationContextProvider] is not eligible for getting processed by all BeanPostProcessors (for example: not eligible for auto-proxying)
19:32:08:911  INFO 16760 --- [main] trationDelegate$BeanPostProcessorChecker : Bean 'io.seata.spring.boot.autoconfigure.SeataAutoConfiguration' of type [io.seata.spring.boot.autoconfigure.SeataAutoConfiguration] is not eligible for getting processed by all BeanPostProcessors (for example: not eligible for auto-proxying)
19:32:08:941  INFO 16760 --- [main] trationDelegate$BeanPostProcessorChecker : Bean 'failureHandler' of type [io.seata.tm.api.DefaultFailureHandlerImpl] is not eligible for getting processed by all BeanPostProcessors (for example: not eligible for auto-proxying)
19:32:08:944  INFO 16760 --- [main] trationDelegate$BeanPostProcessorChecker : Bean 'org.springframework.cloud.commons.config.CommonsConfigAutoConfiguration' of type [org.springframework.cloud.commons.config.CommonsConfigAutoConfiguration] is not eligible for getting processed by all BeanPostProcessors (for example: not eligible for auto-proxying)
19:32:08:945  INFO 16760 --- [main] trationDelegate$BeanPostProcessorChecker : Bean 'org.springframework.cloud.client.loadbalancer.LoadBalancerDefaultMappingsProviderAutoConfiguration' of type [org.springframework.cloud.client.loadbalancer.LoadBalancerDefaultMappingsProviderAutoConfiguration] is not eligible for getting processed by all BeanPostProcessors (for example: not eligible for auto-proxying)
19:32:08:945  INFO 16760 --- [main] trationDelegate$BeanPostProcessorChecker : Bean 'loadBalancerClientsDefaultsMappingsProvider' of type [org.springframework.cloud.client.loadbalancer.LoadBalancerDefaultMappingsProviderAutoConfiguration$$Lambda$577/0x000001ae9f54d700] is not eligible for getting processed by all BeanPostProcessors (for example: not eligible for auto-proxying)
19:32:08:946  INFO 16760 --- [main] trationDelegate$BeanPostProcessorChecker : Bean 'defaultsBindHandlerAdvisor' of type [org.springframework.cloud.commons.config.DefaultsBindHandlerAdvisor] is not eligible for getting processed by all BeanPostProcessors (for example: not eligible for auto-proxying)
19:32:08:949  INFO 16760 --- [main] trationDelegate$BeanPostProcessorChecker : Bean 'springCloudAlibabaConfiguration' of type [io.seata.spring.boot.autoconfigure.properties.SpringCloudAlibabaConfiguration] is not eligible for getting processed by all BeanPostProcessors (for example: not eligible for auto-proxying)
19:32:08:951  INFO 16760 --- [main] trationDelegate$BeanPostProcessorChecker : Bean 'seataProperties' of type [io.seata.spring.boot.autoconfigure.properties.SeataProperties] is not eligible for getting processed by all BeanPostProcessors (for example: not eligible for auto-proxying)
19:32:08:953  INFO 16760 --- [main] i.s.s.b.a.SeataAutoConfiguration         : Automatically configure Seata
19:32:08:995  INFO 16760 --- [main] io.seata.config.ConfigurationFactory     : load Configuration from :Spring Configuration
19:32:08:999  INFO 16760 --- [main] io.seata.config.ConfigurationFactory     : load Configuration from :Spring Configuration
19:32:09:012  WARN 16760 --- [main] ConfigServletWebServerApplicationContext : Exception encountered during context initialization - cancelling refresh attempt: org.springframework.beans.factory.BeanCreationException: Error creating bean with name 'globalTransactionScanner' defined in class path resource [io/seata/spring/boot/autoconfigure/SeataAutoConfiguration.class]: Bean instantiation via factory method failed; nested exception is org.springframework.beans.BeanInstantiationException: Failed to instantiate [io.seata.spring.annotation.GlobalTransactionScanner]: Factory method 'globalTransactionScanner' threw exception; nested exception is java.lang.ExceptionInInitializerError
19:32:09:020  INFO 16760 --- [main] ConditionEvaluationReportLoggingListener : 

Error starting ApplicationContext. To display the conditions report re-run your application with 'debug' enabled.
19:32:09:040 ERROR 16760 --- [main] o.s.boot.SpringApplication               : Application run failed

org.springframework.beans.factory.BeanCreationException: Error creating bean with name 'globalTransactionScanner' defined in class path resource [io/seata/spring/boot/autoconfigure/SeataAutoConfiguration.class]: Bean instantiation via factory method failed; nested exception is org.springframework.beans.BeanInstantiationException: Failed to instantiate [io.seata.spring.annotation.GlobalTransactionScanner]: Factory method 'globalTransactionScanner' threw exception; nested exception is java.lang.ExceptionInInitializerError
	at org.springframework.beans.factory.support.ConstructorResolver.instantiate(ConstructorResolver.java:658) ~[spring-beans-5.3.27.jar:5.3.27]
	at org.springframework.beans.factory.support.ConstructorResolver.instantiateUsingFactoryMethod(ConstructorResolver.java:638) ~[spring-beans-5.3.27.jar:5.3.27]
	at org.springframework.beans.factory.support.AbstractAutowireCapableBeanFactory.instantiateUsingFactoryMethod(AbstractAutowireCapableBeanFactory.java:1352) ~[spring-beans-5.3.27.jar:5.3.27]
	at org.springframework.beans.factory.support.AbstractAutowireCapableBeanFactory.createBeanInstance(AbstractAutowireCapableBeanFactory.java:1195) ~[spring-beans-5.3.27.jar:5.3.27]
	at org.springframework.beans.factory.support.AbstractAutowireCapableBeanFactory.doCreateBean(AbstractAutowireCapableBeanFactory.java:582) ~[spring-beans-5.3.27.jar:5.3.27]
	at org.springframework.beans.factory.support.AbstractAutowireCapableBeanFactory.createBean(AbstractAutowireCapableBeanFactory.java:542) ~[spring-beans-5.3.27.jar:5.3.27]
	at org.springframework.beans.factory.support.AbstractBeanFactory.lambda$doGetBean$0(AbstractBeanFactory.java:335) ~[spring-beans-5.3.27.jar:5.3.27]
	at org.springframework.beans.factory.support.DefaultSingletonBeanRegistry.getSingleton(DefaultSingletonBeanRegistry.java:234) ~[spring-beans-5.3.27.jar:5.3.27]
	at org.springframework.beans.factory.support.AbstractBeanFactory.doGetBean(AbstractBeanFactory.java:333) ~[spring-beans-5.3.27.jar:5.3.27]
	at org.springframework.beans.factory.support.AbstractBeanFactory.getBean(AbstractBeanFactory.java:213) ~[spring-beans-5.3.27.jar:5.3.27]
	at org.springframework.context.support.PostProcessorRegistrationDelegate.registerBeanPostProcessors(PostProcessorRegistrationDelegate.java:258) ~[spring-context-5.3.27.jar:5.3.27]
	at org.springframework.context.support.AbstractApplicationContext.registerBeanPostProcessors(AbstractApplicationContext.java:764) ~[spring-context-5.3.27.jar:5.3.27]
	at org.springframework.context.support.AbstractApplicationContext.refresh(AbstractApplicationContext.java:567) ~[spring-context-5.3.27.jar:5.3.27]
	at org.springframework.boot.web.servlet.context.ServletWebServerApplicationContext.refresh(ServletWebServerApplicationContext.java:147) ~[spring-boot-2.7.12.jar:2.7.12]
	at org.springframework.boot.SpringApplication.refresh(SpringApplication.java:731) ~[spring-boot-2.7.12.jar:2.7.12]
	at org.springframework.boot.SpringApplication.refreshContext(SpringApplication.java:408) ~[spring-boot-2.7.12.jar:2.7.12]
	at org.springframework.boot.SpringApplication.run(SpringApplication.java:307) ~[spring-boot-2.7.12.jar:2.7.12]
	at org.springframework.boot.SpringApplication.run(SpringApplication.java:1303) ~[spring-boot-2.7.12.jar:2.7.12]
	at org.springframework.boot.SpringApplication.run(SpringApplication.java:1292) ~[spring-boot-2.7.12.jar:2.7.12]
	at com.hmall.pay.PayApplication.main(PayApplication.java:14) ~[classes/:na]
Caused by: org.springframework.beans.BeanInstantiationException: Failed to instantiate [io.seata.spring.annotation.GlobalTransactionScanner]: Factory method 'globalTransactionScanner' threw exception; nested exception is java.lang.ExceptionInInitializerError
	at org.springframework.beans.factory.support.SimpleInstantiationStrategy.instantiate(SimpleInstantiationStrategy.java:185) ~[spring-beans-5.3.27.jar:5.3.27]
	at org.springframework.beans.factory.support.ConstructorResolver.instantiate(ConstructorResolver.java:653) ~[spring-beans-5.3.27.jar:5.3.27]
	... 19 common frames omitted
Caused by: java.lang.ExceptionInInitializerError: null
	at net.sf.cglib.core.KeyFactory$Generator.generateClass(KeyFactory.java:166) ~[cglib-3.1.jar:na]
	at net.sf.cglib.core.DefaultGeneratorStrategy.generate(DefaultGeneratorStrategy.java:25) ~[cglib-3.1.jar:na]
	at net.sf.cglib.core.AbstractClassGenerator.create(AbstractClassGenerator.java:216) ~[cglib-3.1.jar:na]
	at net.sf.cglib.core.KeyFactory$Generator.create(KeyFactory.java:144) ~[cglib-3.1.jar:na]
	at net.sf.cglib.core.KeyFactory.create(KeyFactory.java:116) ~[cglib-3.1.jar:na]
	at net.sf.cglib.core.KeyFactory.create(KeyFactory.java:108) ~[cglib-3.1.jar:na]
	at net.sf.cglib.core.KeyFactory.create(KeyFactory.java:104) ~[cglib-3.1.jar:na]
	at net.sf.cglib.proxy.Enhancer.<clinit>(Enhancer.java:69) ~[cglib-3.1.jar:na]
	at io.seata.config.ConfigurationCache.proxy(ConfigurationCache.java:104) ~[seata-all-1.5.2.jar:1.5.2]
	at io.seata.config.ConfigurationFactory.buildConfiguration(ConfigurationFactory.java:136) ~[seata-all-1.5.2.jar:1.5.2]
	at io.seata.config.ConfigurationFactory.getInstance(ConfigurationFactory.java:94) ~[seata-all-1.5.2.jar:1.5.2]
	at io.seata.spring.annotation.GlobalTransactionScanner.<init>(GlobalTransactionScanner.java:105) ~[seata-all-1.5.2.jar:1.5.2]
	at io.seata.spring.annotation.GlobalTransactionScanner.<init>(GlobalTransactionScanner.java:162) ~[seata-all-1.5.2.jar:1.5.2]
	at io.seata.spring.boot.autoconfigure.SeataAutoConfiguration.globalTransactionScanner(SeataAutoConfiguration.java:83) ~[seata-spring-boot-starter-1.5.2.jar:1.5.2]
	at java.base/jdk.internal.reflect.NativeMethodAccessorImpl.invoke0(Native Method) ~[na:na]
	at java.base/jdk.internal.reflect.NativeMethodAccessorImpl.invoke(NativeMethodAccessorImpl.java:77) ~[na:na]
	at java.base/jdk.internal.reflect.DelegatingMethodAccessorImpl.invoke(DelegatingMethodAccessorImpl.java:43) ~[na:na]
	at java.base/java.lang.reflect.Method.invoke(Method.java:568) ~[na:na]
	at org.springframework.beans.factory.support.SimpleInstantiationStrategy.instantiate(SimpleInstantiationStrategy.java:154) ~[spring-beans-5.3.27.jar:5.3.27]
	... 20 common frames omitted
Caused by: java.lang.reflect.InaccessibleObjectException: Unable to make protected final java.lang.Class java.lang.ClassLoader.defineClass(java.lang.String,byte[],int,int,java.security.ProtectionDomain) throws java.lang.ClassFormatError accessible: module java.base does not "opens java.lang" to unnamed module @7770f470
	at java.base/java.lang.reflect.AccessibleObject.checkCanSetAccessible(AccessibleObject.java:354) ~[na:na]
	at java.base/java.lang.reflect.AccessibleObject.checkCanSetAccessible(AccessibleObject.java:297) ~[na:na]
	at java.base/java.lang.reflect.Method.checkCanSetAccessible(Method.java:199) ~[na:na]
	at java.base/java.lang.reflect.Method.setAccessible(Method.java:193) ~[na:na]
	at net.sf.cglib.core.ReflectUtils$2.run(ReflectUtils.java:56) ~[cglib-3.1.jar:na]
	at java.base/java.security.AccessController.doPrivileged(AccessController.java:318) ~[na:na]
	at net.sf.cglib.core.ReflectUtils.<clinit>(ReflectUtils.java:46) ~[cglib-3.1.jar:na]
	... 39 common frames omitted

19:32:09:050  WARN 16760 --- [Thread-1] c.a.n.common.http.HttpClientBeanHolder   : [HttpClientBeanHolder] Start destroying common HttpClient
19:32:09:050  WARN 16760 --- [Thread-5] c.a.nacos.common.notify.NotifyCenter     : [NotifyCenter] Start destroying Publisher
19:32:09:051  WARN 16760 --- [Thread-5] c.a.nacos.common.notify.NotifyCenter     : [NotifyCenter] Destruction of the end
19:32:09:051  WARN 16760 --- [Thread-1] c.a.n.common.http.HttpClientBeanHolder   : [HttpClientBeanHolder] Destruction of the end
19:32:37:926  INFO 15864 --- [main] com.hmall.pay.PayApplication             : The following 1 profile is active: "dev"
19:32:38:712  INFO 15864 --- [main] o.s.cloud.context.scope.GenericScope     : BeanFactory id=7b37b7bb-2eee-3c1c-be4e-c17d043dc409
19:32:38:769  INFO 15864 --- [main] trationDelegate$BeanPostProcessorChecker : Bean 'io.seata.spring.boot.autoconfigure.SeataCoreAutoConfiguration' of type [io.seata.spring.boot.autoconfigure.SeataCoreAutoConfiguration] is not eligible for getting processed by all BeanPostProcessors (for example: not eligible for auto-proxying)
19:32:38:770  INFO 15864 --- [main] trationDelegate$BeanPostProcessorChecker : Bean 'springApplicationContextProvider' of type [io.seata.spring.boot.autoconfigure.provider.SpringApplicationContextProvider] is not eligible for getting processed by all BeanPostProcessors (for example: not eligible for auto-proxying)
19:32:38:770  INFO 15864 --- [main] trationDelegate$BeanPostProcessorChecker : Bean 'io.seata.spring.boot.autoconfigure.SeataAutoConfiguration' of type [io.seata.spring.boot.autoconfigure.SeataAutoConfiguration] is not eligible for getting processed by all BeanPostProcessors (for example: not eligible for auto-proxying)
19:32:38:790  INFO 15864 --- [main] trationDelegate$BeanPostProcessorChecker : Bean 'failureHandler' of type [io.seata.tm.api.DefaultFailureHandlerImpl] is not eligible for getting processed by all BeanPostProcessors (for example: not eligible for auto-proxying)
19:32:38:793  INFO 15864 --- [main] trationDelegate$BeanPostProcessorChecker : Bean 'org.springframework.cloud.commons.config.CommonsConfigAutoConfiguration' of type [org.springframework.cloud.commons.config.CommonsConfigAutoConfiguration] is not eligible for getting processed by all BeanPostProcessors (for example: not eligible for auto-proxying)
19:32:38:794  INFO 15864 --- [main] trationDelegate$BeanPostProcessorChecker : Bean 'org.springframework.cloud.client.loadbalancer.LoadBalancerDefaultMappingsProviderAutoConfiguration' of type [org.springframework.cloud.client.loadbalancer.LoadBalancerDefaultMappingsProviderAutoConfiguration] is not eligible for getting processed by all BeanPostProcessors (for example: not eligible for auto-proxying)
19:32:38:794  INFO 15864 --- [main] trationDelegate$BeanPostProcessorChecker : Bean 'loadBalancerClientsDefaultsMappingsProvider' of type [org.springframework.cloud.client.loadbalancer.LoadBalancerDefaultMappingsProviderAutoConfiguration$$Lambda$577/0x000001b901550f80] is not eligible for getting processed by all BeanPostProcessors (for example: not eligible for auto-proxying)
19:32:38:794  INFO 15864 --- [main] trationDelegate$BeanPostProcessorChecker : Bean 'defaultsBindHandlerAdvisor' of type [org.springframework.cloud.commons.config.DefaultsBindHandlerAdvisor] is not eligible for getting processed by all BeanPostProcessors (for example: not eligible for auto-proxying)
19:32:38:797  INFO 15864 --- [main] trationDelegate$BeanPostProcessorChecker : Bean 'springCloudAlibabaConfiguration' of type [io.seata.spring.boot.autoconfigure.properties.SpringCloudAlibabaConfiguration] is not eligible for getting processed by all BeanPostProcessors (for example: not eligible for auto-proxying)
19:32:38:799  INFO 15864 --- [main] trationDelegate$BeanPostProcessorChecker : Bean 'seataProperties' of type [io.seata.spring.boot.autoconfigure.properties.SeataProperties] is not eligible for getting processed by all BeanPostProcessors (for example: not eligible for auto-proxying)
19:32:38:800  INFO 15864 --- [main] i.s.s.b.a.SeataAutoConfiguration         : Automatically configure Seata
19:32:38:846  INFO 15864 --- [main] io.seata.config.ConfigurationFactory     : load Configuration from :Spring Configuration
19:32:38:851  INFO 15864 --- [main] io.seata.config.ConfigurationFactory     : load Configuration from :Spring Configuration
19:32:38:863  WARN 15864 --- [main] ConfigServletWebServerApplicationContext : Exception encountered during context initialization - cancelling refresh attempt: org.springframework.beans.factory.BeanCreationException: Error creating bean with name 'globalTransactionScanner' defined in class path resource [io/seata/spring/boot/autoconfigure/SeataAutoConfiguration.class]: Bean instantiation via factory method failed; nested exception is org.springframework.beans.BeanInstantiationException: Failed to instantiate [io.seata.spring.annotation.GlobalTransactionScanner]: Factory method 'globalTransactionScanner' threw exception; nested exception is java.lang.ExceptionInInitializerError
19:32:38:870  INFO 15864 --- [main] ConditionEvaluationReportLoggingListener : 

Error starting ApplicationContext. To display the conditions report re-run your application with 'debug' enabled.
19:32:38:890 ERROR 15864 --- [main] o.s.boot.SpringApplication               : Application run failed

org.springframework.beans.factory.BeanCreationException: Error creating bean with name 'globalTransactionScanner' defined in class path resource [io/seata/spring/boot/autoconfigure/SeataAutoConfiguration.class]: Bean instantiation via factory method failed; nested exception is org.springframework.beans.BeanInstantiationException: Failed to instantiate [io.seata.spring.annotation.GlobalTransactionScanner]: Factory method 'globalTransactionScanner' threw exception; nested exception is java.lang.ExceptionInInitializerError
	at org.springframework.beans.factory.support.ConstructorResolver.instantiate(ConstructorResolver.java:658) ~[spring-beans-5.3.27.jar:5.3.27]
	at org.springframework.beans.factory.support.ConstructorResolver.instantiateUsingFactoryMethod(ConstructorResolver.java:638) ~[spring-beans-5.3.27.jar:5.3.27]
	at org.springframework.beans.factory.support.AbstractAutowireCapableBeanFactory.instantiateUsingFactoryMethod(AbstractAutowireCapableBeanFactory.java:1352) ~[spring-beans-5.3.27.jar:5.3.27]
	at org.springframework.beans.factory.support.AbstractAutowireCapableBeanFactory.createBeanInstance(AbstractAutowireCapableBeanFactory.java:1195) ~[spring-beans-5.3.27.jar:5.3.27]
	at org.springframework.beans.factory.support.AbstractAutowireCapableBeanFactory.doCreateBean(AbstractAutowireCapableBeanFactory.java:582) ~[spring-beans-5.3.27.jar:5.3.27]
	at org.springframework.beans.factory.support.AbstractAutowireCapableBeanFactory.createBean(AbstractAutowireCapableBeanFactory.java:542) ~[spring-beans-5.3.27.jar:5.3.27]
	at org.springframework.beans.factory.support.AbstractBeanFactory.lambda$doGetBean$0(AbstractBeanFactory.java:335) ~[spring-beans-5.3.27.jar:5.3.27]
	at org.springframework.beans.factory.support.DefaultSingletonBeanRegistry.getSingleton(DefaultSingletonBeanRegistry.java:234) ~[spring-beans-5.3.27.jar:5.3.27]
	at org.springframework.beans.factory.support.AbstractBeanFactory.doGetBean(AbstractBeanFactory.java:333) ~[spring-beans-5.3.27.jar:5.3.27]
	at org.springframework.beans.factory.support.AbstractBeanFactory.getBean(AbstractBeanFactory.java:213) ~[spring-beans-5.3.27.jar:5.3.27]
	at org.springframework.context.support.PostProcessorRegistrationDelegate.registerBeanPostProcessors(PostProcessorRegistrationDelegate.java:258) ~[spring-context-5.3.27.jar:5.3.27]
	at org.springframework.context.support.AbstractApplicationContext.registerBeanPostProcessors(AbstractApplicationContext.java:764) ~[spring-context-5.3.27.jar:5.3.27]
	at org.springframework.context.support.AbstractApplicationContext.refresh(AbstractApplicationContext.java:567) ~[spring-context-5.3.27.jar:5.3.27]
	at org.springframework.boot.web.servlet.context.ServletWebServerApplicationContext.refresh(ServletWebServerApplicationContext.java:147) ~[spring-boot-2.7.12.jar:2.7.12]
	at org.springframework.boot.SpringApplication.refresh(SpringApplication.java:731) ~[spring-boot-2.7.12.jar:2.7.12]
	at org.springframework.boot.SpringApplication.refreshContext(SpringApplication.java:408) ~[spring-boot-2.7.12.jar:2.7.12]
	at org.springframework.boot.SpringApplication.run(SpringApplication.java:307) ~[spring-boot-2.7.12.jar:2.7.12]
	at org.springframework.boot.SpringApplication.run(SpringApplication.java:1303) ~[spring-boot-2.7.12.jar:2.7.12]
	at org.springframework.boot.SpringApplication.run(SpringApplication.java:1292) ~[spring-boot-2.7.12.jar:2.7.12]
	at com.hmall.pay.PayApplication.main(PayApplication.java:14) ~[classes/:na]
Caused by: org.springframework.beans.BeanInstantiationException: Failed to instantiate [io.seata.spring.annotation.GlobalTransactionScanner]: Factory method 'globalTransactionScanner' threw exception; nested exception is java.lang.ExceptionInInitializerError
	at org.springframework.beans.factory.support.SimpleInstantiationStrategy.instantiate(SimpleInstantiationStrategy.java:185) ~[spring-beans-5.3.27.jar:5.3.27]
	at org.springframework.beans.factory.support.ConstructorResolver.instantiate(ConstructorResolver.java:653) ~[spring-beans-5.3.27.jar:5.3.27]
	... 19 common frames omitted
Caused by: java.lang.ExceptionInInitializerError: null
	at net.sf.cglib.core.KeyFactory$Generator.generateClass(KeyFactory.java:166) ~[cglib-3.1.jar:na]
	at net.sf.cglib.core.DefaultGeneratorStrategy.generate(DefaultGeneratorStrategy.java:25) ~[cglib-3.1.jar:na]
	at net.sf.cglib.core.AbstractClassGenerator.create(AbstractClassGenerator.java:216) ~[cglib-3.1.jar:na]
	at net.sf.cglib.core.KeyFactory$Generator.create(KeyFactory.java:144) ~[cglib-3.1.jar:na]
	at net.sf.cglib.core.KeyFactory.create(KeyFactory.java:116) ~[cglib-3.1.jar:na]
	at net.sf.cglib.core.KeyFactory.create(KeyFactory.java:108) ~[cglib-3.1.jar:na]
	at net.sf.cglib.core.KeyFactory.create(KeyFactory.java:104) ~[cglib-3.1.jar:na]
	at net.sf.cglib.proxy.Enhancer.<clinit>(Enhancer.java:69) ~[cglib-3.1.jar:na]
	at io.seata.config.ConfigurationCache.proxy(ConfigurationCache.java:104) ~[seata-all-1.5.2.jar:1.5.2]
	at io.seata.config.ConfigurationFactory.buildConfiguration(ConfigurationFactory.java:136) ~[seata-all-1.5.2.jar:1.5.2]
	at io.seata.config.ConfigurationFactory.getInstance(ConfigurationFactory.java:94) ~[seata-all-1.5.2.jar:1.5.2]
	at io.seata.spring.annotation.GlobalTransactionScanner.<init>(GlobalTransactionScanner.java:105) ~[seata-all-1.5.2.jar:1.5.2]
	at io.seata.spring.annotation.GlobalTransactionScanner.<init>(GlobalTransactionScanner.java:162) ~[seata-all-1.5.2.jar:1.5.2]
	at io.seata.spring.boot.autoconfigure.SeataAutoConfiguration.globalTransactionScanner(SeataAutoConfiguration.java:83) ~[seata-spring-boot-starter-1.5.2.jar:1.5.2]
	at java.base/jdk.internal.reflect.NativeMethodAccessorImpl.invoke0(Native Method) ~[na:na]
	at java.base/jdk.internal.reflect.NativeMethodAccessorImpl.invoke(NativeMethodAccessorImpl.java:77) ~[na:na]
	at java.base/jdk.internal.reflect.DelegatingMethodAccessorImpl.invoke(DelegatingMethodAccessorImpl.java:43) ~[na:na]
	at java.base/java.lang.reflect.Method.invoke(Method.java:568) ~[na:na]
	at org.springframework.beans.factory.support.SimpleInstantiationStrategy.instantiate(SimpleInstantiationStrategy.java:154) ~[spring-beans-5.3.27.jar:5.3.27]
	... 20 common frames omitted
Caused by: java.lang.reflect.InaccessibleObjectException: Unable to make protected final java.lang.Class java.lang.ClassLoader.defineClass(java.lang.String,byte[],int,int,java.security.ProtectionDomain) throws java.lang.ClassFormatError accessible: module java.base does not "opens java.lang" to unnamed module @38afe297
	at java.base/java.lang.reflect.AccessibleObject.checkCanSetAccessible(AccessibleObject.java:354) ~[na:na]
	at java.base/java.lang.reflect.AccessibleObject.checkCanSetAccessible(AccessibleObject.java:297) ~[na:na]
	at java.base/java.lang.reflect.Method.checkCanSetAccessible(Method.java:199) ~[na:na]
	at java.base/java.lang.reflect.Method.setAccessible(Method.java:193) ~[na:na]
	at net.sf.cglib.core.ReflectUtils$2.run(ReflectUtils.java:56) ~[cglib-3.1.jar:na]
	at java.base/java.security.AccessController.doPrivileged(AccessController.java:318) ~[na:na]
	at net.sf.cglib.core.ReflectUtils.<clinit>(ReflectUtils.java:46) ~[cglib-3.1.jar:na]
	... 39 common frames omitted

19:32:38:892  WARN 15864 --- [Thread-1] c.a.n.common.http.HttpClientBeanHolder   : [HttpClientBeanHolder] Start destroying common HttpClient
19:32:38:892  WARN 15864 --- [Thread-5] c.a.nacos.common.notify.NotifyCenter     : [NotifyCenter] Start destroying Publisher
19:32:38:892  WARN 15864 --- [Thread-5] c.a.nacos.common.notify.NotifyCenter     : [NotifyCenter] Destruction of the end
19:32:38:892  WARN 15864 --- [Thread-1] c.a.n.common.http.HttpClientBeanHolder   : [HttpClientBeanHolder] Destruction of the end
19:33:03:392  INFO 19792 --- [main] com.hmall.pay.PayApplication             : The following 1 profile is active: "dev"
19:33:04:325  INFO 19792 --- [main] o.s.cloud.context.scope.GenericScope     : BeanFactory id=7b37b7bb-2eee-3c1c-be4e-c17d043dc409
19:33:04:385  INFO 19792 --- [main] trationDelegate$BeanPostProcessorChecker : Bean 'io.seata.spring.boot.autoconfigure.SeataCoreAutoConfiguration' of type [io.seata.spring.boot.autoconfigure.SeataCoreAutoConfiguration] is not eligible for getting processed by all BeanPostProcessors (for example: not eligible for auto-proxying)
19:33:04:386  INFO 19792 --- [main] trationDelegate$BeanPostProcessorChecker : Bean 'springApplicationContextProvider' of type [io.seata.spring.boot.autoconfigure.provider.SpringApplicationContextProvider] is not eligible for getting processed by all BeanPostProcessors (for example: not eligible for auto-proxying)
19:33:04:386  INFO 19792 --- [main] trationDelegate$BeanPostProcessorChecker : Bean 'io.seata.spring.boot.autoconfigure.SeataAutoConfiguration' of type [io.seata.spring.boot.autoconfigure.SeataAutoConfiguration] is not eligible for getting processed by all BeanPostProcessors (for example: not eligible for auto-proxying)
19:33:04:409  INFO 19792 --- [main] trationDelegate$BeanPostProcessorChecker : Bean 'failureHandler' of type [io.seata.tm.api.DefaultFailureHandlerImpl] is not eligible for getting processed by all BeanPostProcessors (for example: not eligible for auto-proxying)
19:33:04:411  INFO 19792 --- [main] trationDelegate$BeanPostProcessorChecker : Bean 'org.springframework.cloud.commons.config.CommonsConfigAutoConfiguration' of type [org.springframework.cloud.commons.config.CommonsConfigAutoConfiguration] is not eligible for getting processed by all BeanPostProcessors (for example: not eligible for auto-proxying)
19:33:04:412  INFO 19792 --- [main] trationDelegate$BeanPostProcessorChecker : Bean 'org.springframework.cloud.client.loadbalancer.LoadBalancerDefaultMappingsProviderAutoConfiguration' of type [org.springframework.cloud.client.loadbalancer.LoadBalancerDefaultMappingsProviderAutoConfiguration] is not eligible for getting processed by all BeanPostProcessors (for example: not eligible for auto-proxying)
19:33:04:412  INFO 19792 --- [main] trationDelegate$BeanPostProcessorChecker : Bean 'loadBalancerClientsDefaultsMappingsProvider' of type [org.springframework.cloud.client.loadbalancer.LoadBalancerDefaultMappingsProviderAutoConfiguration$$Lambda$577/0x0000025553550af0] is not eligible for getting processed by all BeanPostProcessors (for example: not eligible for auto-proxying)
19:33:04:413  INFO 19792 --- [main] trationDelegate$BeanPostProcessorChecker : Bean 'defaultsBindHandlerAdvisor' of type [org.springframework.cloud.commons.config.DefaultsBindHandlerAdvisor] is not eligible for getting processed by all BeanPostProcessors (for example: not eligible for auto-proxying)
19:33:04:415  INFO 19792 --- [main] trationDelegate$BeanPostProcessorChecker : Bean 'springCloudAlibabaConfiguration' of type [io.seata.spring.boot.autoconfigure.properties.SpringCloudAlibabaConfiguration] is not eligible for getting processed by all BeanPostProcessors (for example: not eligible for auto-proxying)
19:33:04:417  INFO 19792 --- [main] trationDelegate$BeanPostProcessorChecker : Bean 'seataProperties' of type [io.seata.spring.boot.autoconfigure.properties.SeataProperties] is not eligible for getting processed by all BeanPostProcessors (for example: not eligible for auto-proxying)
19:33:04:419  INFO 19792 --- [main] i.s.s.b.a.SeataAutoConfiguration         : Automatically configure Seata
19:33:04:456  INFO 19792 --- [main] io.seata.config.ConfigurationFactory     : load Configuration from :Spring Configuration
19:33:04:460  INFO 19792 --- [main] io.seata.config.ConfigurationFactory     : load Configuration from :Spring Configuration
19:33:04:472  WARN 19792 --- [main] ConfigServletWebServerApplicationContext : Exception encountered during context initialization - cancelling refresh attempt: org.springframework.beans.factory.BeanCreationException: Error creating bean with name 'globalTransactionScanner' defined in class path resource [io/seata/spring/boot/autoconfigure/SeataAutoConfiguration.class]: Bean instantiation via factory method failed; nested exception is org.springframework.beans.BeanInstantiationException: Failed to instantiate [io.seata.spring.annotation.GlobalTransactionScanner]: Factory method 'globalTransactionScanner' threw exception; nested exception is java.lang.ExceptionInInitializerError
19:33:04:480  INFO 19792 --- [main] ConditionEvaluationReportLoggingListener : 

Error starting ApplicationContext. To display the conditions report re-run your application with 'debug' enabled.
19:33:04:500 ERROR 19792 --- [main] o.s.boot.SpringApplication               : Application run failed

org.springframework.beans.factory.BeanCreationException: Error creating bean with name 'globalTransactionScanner' defined in class path resource [io/seata/spring/boot/autoconfigure/SeataAutoConfiguration.class]: Bean instantiation via factory method failed; nested exception is org.springframework.beans.BeanInstantiationException: Failed to instantiate [io.seata.spring.annotation.GlobalTransactionScanner]: Factory method 'globalTransactionScanner' threw exception; nested exception is java.lang.ExceptionInInitializerError
	at org.springframework.beans.factory.support.ConstructorResolver.instantiate(ConstructorResolver.java:658) ~[spring-beans-5.3.27.jar:5.3.27]
	at org.springframework.beans.factory.support.ConstructorResolver.instantiateUsingFactoryMethod(ConstructorResolver.java:638) ~[spring-beans-5.3.27.jar:5.3.27]
	at org.springframework.beans.factory.support.AbstractAutowireCapableBeanFactory.instantiateUsingFactoryMethod(AbstractAutowireCapableBeanFactory.java:1352) ~[spring-beans-5.3.27.jar:5.3.27]
	at org.springframework.beans.factory.support.AbstractAutowireCapableBeanFactory.createBeanInstance(AbstractAutowireCapableBeanFactory.java:1195) ~[spring-beans-5.3.27.jar:5.3.27]
	at org.springframework.beans.factory.support.AbstractAutowireCapableBeanFactory.doCreateBean(AbstractAutowireCapableBeanFactory.java:582) ~[spring-beans-5.3.27.jar:5.3.27]
	at org.springframework.beans.factory.support.AbstractAutowireCapableBeanFactory.createBean(AbstractAutowireCapableBeanFactory.java:542) ~[spring-beans-5.3.27.jar:5.3.27]
	at org.springframework.beans.factory.support.AbstractBeanFactory.lambda$doGetBean$0(AbstractBeanFactory.java:335) ~[spring-beans-5.3.27.jar:5.3.27]
	at org.springframework.beans.factory.support.DefaultSingletonBeanRegistry.getSingleton(DefaultSingletonBeanRegistry.java:234) ~[spring-beans-5.3.27.jar:5.3.27]
	at org.springframework.beans.factory.support.AbstractBeanFactory.doGetBean(AbstractBeanFactory.java:333) ~[spring-beans-5.3.27.jar:5.3.27]
	at org.springframework.beans.factory.support.AbstractBeanFactory.getBean(AbstractBeanFactory.java:213) ~[spring-beans-5.3.27.jar:5.3.27]
	at org.springframework.context.support.PostProcessorRegistrationDelegate.registerBeanPostProcessors(PostProcessorRegistrationDelegate.java:258) ~[spring-context-5.3.27.jar:5.3.27]
	at org.springframework.context.support.AbstractApplicationContext.registerBeanPostProcessors(AbstractApplicationContext.java:764) ~[spring-context-5.3.27.jar:5.3.27]
	at org.springframework.context.support.AbstractApplicationContext.refresh(AbstractApplicationContext.java:567) ~[spring-context-5.3.27.jar:5.3.27]
	at org.springframework.boot.web.servlet.context.ServletWebServerApplicationContext.refresh(ServletWebServerApplicationContext.java:147) ~[spring-boot-2.7.12.jar:2.7.12]
	at org.springframework.boot.SpringApplication.refresh(SpringApplication.java:731) ~[spring-boot-2.7.12.jar:2.7.12]
	at org.springframework.boot.SpringApplication.refreshContext(SpringApplication.java:408) ~[spring-boot-2.7.12.jar:2.7.12]
	at org.springframework.boot.SpringApplication.run(SpringApplication.java:307) ~[spring-boot-2.7.12.jar:2.7.12]
	at org.springframework.boot.SpringApplication.run(SpringApplication.java:1303) ~[spring-boot-2.7.12.jar:2.7.12]
	at org.springframework.boot.SpringApplication.run(SpringApplication.java:1292) ~[spring-boot-2.7.12.jar:2.7.12]
	at com.hmall.pay.PayApplication.main(PayApplication.java:14) ~[classes/:na]
Caused by: org.springframework.beans.BeanInstantiationException: Failed to instantiate [io.seata.spring.annotation.GlobalTransactionScanner]: Factory method 'globalTransactionScanner' threw exception; nested exception is java.lang.ExceptionInInitializerError
	at org.springframework.beans.factory.support.SimpleInstantiationStrategy.instantiate(SimpleInstantiationStrategy.java:185) ~[spring-beans-5.3.27.jar:5.3.27]
	at org.springframework.beans.factory.support.ConstructorResolver.instantiate(ConstructorResolver.java:653) ~[spring-beans-5.3.27.jar:5.3.27]
	... 19 common frames omitted
Caused by: java.lang.ExceptionInInitializerError: null
	at net.sf.cglib.core.KeyFactory$Generator.generateClass(KeyFactory.java:166) ~[cglib-3.1.jar:na]
	at net.sf.cglib.core.DefaultGeneratorStrategy.generate(DefaultGeneratorStrategy.java:25) ~[cglib-3.1.jar:na]
	at net.sf.cglib.core.AbstractClassGenerator.create(AbstractClassGenerator.java:216) ~[cglib-3.1.jar:na]
	at net.sf.cglib.core.KeyFactory$Generator.create(KeyFactory.java:144) ~[cglib-3.1.jar:na]
	at net.sf.cglib.core.KeyFactory.create(KeyFactory.java:116) ~[cglib-3.1.jar:na]
	at net.sf.cglib.core.KeyFactory.create(KeyFactory.java:108) ~[cglib-3.1.jar:na]
	at net.sf.cglib.core.KeyFactory.create(KeyFactory.java:104) ~[cglib-3.1.jar:na]
	at net.sf.cglib.proxy.Enhancer.<clinit>(Enhancer.java:69) ~[cglib-3.1.jar:na]
	at io.seata.config.ConfigurationCache.proxy(ConfigurationCache.java:104) ~[seata-all-1.5.2.jar:1.5.2]
	at io.seata.config.ConfigurationFactory.buildConfiguration(ConfigurationFactory.java:136) ~[seata-all-1.5.2.jar:1.5.2]
	at io.seata.config.ConfigurationFactory.getInstance(ConfigurationFactory.java:94) ~[seata-all-1.5.2.jar:1.5.2]
	at io.seata.spring.annotation.GlobalTransactionScanner.<init>(GlobalTransactionScanner.java:105) ~[seata-all-1.5.2.jar:1.5.2]
	at io.seata.spring.annotation.GlobalTransactionScanner.<init>(GlobalTransactionScanner.java:162) ~[seata-all-1.5.2.jar:1.5.2]
	at io.seata.spring.boot.autoconfigure.SeataAutoConfiguration.globalTransactionScanner(SeataAutoConfiguration.java:83) ~[seata-spring-boot-starter-1.5.2.jar:1.5.2]
	at java.base/jdk.internal.reflect.NativeMethodAccessorImpl.invoke0(Native Method) ~[na:na]
	at java.base/jdk.internal.reflect.NativeMethodAccessorImpl.invoke(NativeMethodAccessorImpl.java:77) ~[na:na]
	at java.base/jdk.internal.reflect.DelegatingMethodAccessorImpl.invoke(DelegatingMethodAccessorImpl.java:43) ~[na:na]
	at java.base/java.lang.reflect.Method.invoke(Method.java:568) ~[na:na]
	at org.springframework.beans.factory.support.SimpleInstantiationStrategy.instantiate(SimpleInstantiationStrategy.java:154) ~[spring-beans-5.3.27.jar:5.3.27]
	... 20 common frames omitted
Caused by: java.lang.reflect.InaccessibleObjectException: Unable to make protected final java.lang.Class java.lang.ClassLoader.defineClass(java.lang.String,byte[],int,int,java.security.ProtectionDomain) throws java.lang.ClassFormatError accessible: module java.base does not "opens java.lang" to unnamed module @38afe297
	at java.base/java.lang.reflect.AccessibleObject.checkCanSetAccessible(AccessibleObject.java:354) ~[na:na]
	at java.base/java.lang.reflect.AccessibleObject.checkCanSetAccessible(AccessibleObject.java:297) ~[na:na]
	at java.base/java.lang.reflect.Method.checkCanSetAccessible(Method.java:199) ~[na:na]
	at java.base/java.lang.reflect.Method.setAccessible(Method.java:193) ~[na:na]
	at net.sf.cglib.core.ReflectUtils$2.run(ReflectUtils.java:56) ~[cglib-3.1.jar:na]
	at java.base/java.security.AccessController.doPrivileged(AccessController.java:318) ~[na:na]
	at net.sf.cglib.core.ReflectUtils.<clinit>(ReflectUtils.java:46) ~[cglib-3.1.jar:na]
	... 39 common frames omitted

19:33:04:502  WARN 19792 --- [Thread-1] c.a.n.common.http.HttpClientBeanHolder   : [HttpClientBeanHolder] Start destroying common HttpClient
19:33:04:502  WARN 19792 --- [Thread-5] c.a.nacos.common.notify.NotifyCenter     : [NotifyCenter] Start destroying Publisher
19:33:04:502  WARN 19792 --- [Thread-5] c.a.nacos.common.notify.NotifyCenter     : [NotifyCenter] Destruction of the end
19:33:04:502  WARN 19792 --- [Thread-1] c.a.n.common.http.HttpClientBeanHolder   : [HttpClientBeanHolder] Destruction of the end
19:33:40:301  INFO 13856 --- [main] com.hmall.pay.PayApplication             : The following 1 profile is active: "local"
19:33:41:155  INFO 13856 --- [main] o.s.cloud.context.scope.GenericScope     : BeanFactory id=7b37b7bb-2eee-3c1c-be4e-c17d043dc409
19:33:41:204  INFO 13856 --- [main] trationDelegate$BeanPostProcessorChecker : Bean 'io.seata.spring.boot.autoconfigure.SeataCoreAutoConfiguration' of type [io.seata.spring.boot.autoconfigure.SeataCoreAutoConfiguration] is not eligible for getting processed by all BeanPostProcessors (for example: not eligible for auto-proxying)
19:33:41:204  INFO 13856 --- [main] trationDelegate$BeanPostProcessorChecker : Bean 'springApplicationContextProvider' of type [io.seata.spring.boot.autoconfigure.provider.SpringApplicationContextProvider] is not eligible for getting processed by all BeanPostProcessors (for example: not eligible for auto-proxying)
19:33:41:204  INFO 13856 --- [main] trationDelegate$BeanPostProcessorChecker : Bean 'io.seata.spring.boot.autoconfigure.SeataAutoConfiguration' of type [io.seata.spring.boot.autoconfigure.SeataAutoConfiguration] is not eligible for getting processed by all BeanPostProcessors (for example: not eligible for auto-proxying)
19:33:41:226  INFO 13856 --- [main] trationDelegate$BeanPostProcessorChecker : Bean 'failureHandler' of type [io.seata.tm.api.DefaultFailureHandlerImpl] is not eligible for getting processed by all BeanPostProcessors (for example: not eligible for auto-proxying)
19:33:41:229  INFO 13856 --- [main] trationDelegate$BeanPostProcessorChecker : Bean 'org.springframework.cloud.commons.config.CommonsConfigAutoConfiguration' of type [org.springframework.cloud.commons.config.CommonsConfigAutoConfiguration] is not eligible for getting processed by all BeanPostProcessors (for example: not eligible for auto-proxying)
19:33:41:230  INFO 13856 --- [main] trationDelegate$BeanPostProcessorChecker : Bean 'org.springframework.cloud.client.loadbalancer.LoadBalancerDefaultMappingsProviderAutoConfiguration' of type [org.springframework.cloud.client.loadbalancer.LoadBalancerDefaultMappingsProviderAutoConfiguration] is not eligible for getting processed by all BeanPostProcessors (for example: not eligible for auto-proxying)
19:33:41:230  INFO 13856 --- [main] trationDelegate$BeanPostProcessorChecker : Bean 'loadBalancerClientsDefaultsMappingsProvider' of type [org.springframework.cloud.client.loadbalancer.LoadBalancerDefaultMappingsProviderAutoConfiguration$$Lambda$568/0x000000080066cc40] is not eligible for getting processed by all BeanPostProcessors (for example: not eligible for auto-proxying)
19:33:41:230  INFO 13856 --- [main] trationDelegate$BeanPostProcessorChecker : Bean 'defaultsBindHandlerAdvisor' of type [org.springframework.cloud.commons.config.DefaultsBindHandlerAdvisor] is not eligible for getting processed by all BeanPostProcessors (for example: not eligible for auto-proxying)
19:33:41:233  INFO 13856 --- [main] trationDelegate$BeanPostProcessorChecker : Bean 'springCloudAlibabaConfiguration' of type [io.seata.spring.boot.autoconfigure.properties.SpringCloudAlibabaConfiguration] is not eligible for getting processed by all BeanPostProcessors (for example: not eligible for auto-proxying)
19:33:41:235  INFO 13856 --- [main] trationDelegate$BeanPostProcessorChecker : Bean 'seataProperties' of type [io.seata.spring.boot.autoconfigure.properties.SeataProperties] is not eligible for getting processed by all BeanPostProcessors (for example: not eligible for auto-proxying)
19:33:41:237  INFO 13856 --- [main] i.s.s.b.a.SeataAutoConfiguration         : Automatically configure Seata
19:33:41:276  INFO 13856 --- [main] io.seata.config.ConfigurationFactory     : load Configuration from :Spring Configuration
19:33:41:280  INFO 13856 --- [main] io.seata.config.ConfigurationFactory     : load Configuration from :Spring Configuration
19:33:41:323  INFO 13856 --- [main] i.s.s.a.GlobalTransactionScanner         : Initializing Global Transaction Clients ... 
19:33:41:405  INFO 13856 --- [main] i.s.core.rpc.netty.NettyClientBootstrap  : NettyClientBootstrap has started
19:33:41:430  INFO 13856 --- [main] com.alibaba.nacos.common.remote.client   : [RpcClientFactory] create a new rpc client of 10f502a3-a737-4f85-b114-50cd8cdd4994
19:33:41:430  INFO 13856 --- [main] com.alibaba.nacos.common.remote.client   : [10f502a3-a737-4f85-b114-50cd8cdd4994] RpcClient init label, labels = {module=naming, source=sdk}
19:33:41:432  INFO 13856 --- [main] com.alibaba.nacos.common.remote.client   : [10f502a3-a737-4f85-b114-50cd8cdd4994] RpcClient init, ServerListFactory = com.alibaba.nacos.client.naming.core.ServerListManager
19:33:41:432  INFO 13856 --- [main] com.alibaba.nacos.common.remote.client   : [10f502a3-a737-4f85-b114-50cd8cdd4994] Registry connection listener to current client:com.alibaba.nacos.client.naming.remote.gprc.redo.NamingGrpcRedoService
19:33:41:433  INFO 13856 --- [main] com.alibaba.nacos.common.remote.client   : [10f502a3-a737-4f85-b114-50cd8cdd4994] Register server push request handler:com.alibaba.nacos.client.naming.remote.gprc.NamingPushRequestHandler
19:33:41:433  INFO 13856 --- [main] com.alibaba.nacos.common.remote.client   : [10f502a3-a737-4f85-b114-50cd8cdd4994] Try to connect to server on start up, server: {serverIp = '192.168.137.128', server main port = 8848}
19:33:41:550  INFO 13856 --- [main] com.alibaba.nacos.common.remote.client   : [10f502a3-a737-4f85-b114-50cd8cdd4994] Success to connect to server [192.168.137.128:8848] on start up, connectionId = 1712403221441_192.168.137.1_50582
19:33:41:550  INFO 13856 --- [main] com.alibaba.nacos.common.remote.client   : [10f502a3-a737-4f85-b114-50cd8cdd4994] Register server push request handler:com.alibaba.nacos.common.remote.client.RpcClient$ConnectResetRequestHandler
19:33:41:550  INFO 13856 --- [com.alibaba.nacos.client.remote.worker] com.alibaba.nacos.common.remote.client   : [10f502a3-a737-4f85-b114-50cd8cdd4994] Notify connected event to listeners.
19:33:41:551  INFO 13856 --- [main] com.alibaba.nacos.common.remote.client   : [10f502a3-a737-4f85-b114-50cd8cdd4994] Register server push request handler:com.alibaba.nacos.common.remote.client.RpcClient$$Lambda$476/0x0000000800420840
19:33:41:610  INFO 13856 --- [main] i.s.c.r.netty.NettyClientChannelManager  : will connect to 192.168.137.128:8099
19:33:42:104  INFO 13856 --- [nacos-grpc-client-executor-6] com.alibaba.nacos.common.remote.client   : [10f502a3-a737-4f85-b114-50cd8cdd4994] Receive server push request, request = NotifySubscriberRequest, requestId = 19
19:33:42:110  INFO 13856 --- [nacos-grpc-client-executor-6] com.alibaba.nacos.common.remote.client   : [10f502a3-a737-4f85-b114-50cd8cdd4994] Ack server push request, request = NotifySubscriberRequest, requestId = 19
19:33:42:276  INFO 13856 --- [main] i.s.core.rpc.netty.NettyPoolableFactory  : NettyPool create channel to transactionRole:TMROLE,address:192.168.137.128:8099,msg:< RegisterTMRequest{applicationId='pay-service', transactionServiceGroup='hmall'} >
19:33:43:067  INFO 13856 --- [main] i.s.c.rpc.netty.TmNettyRemotingClient    : register TM success. client version:1.5.2, server version:1.5.2,channel:[id: 0x27c78270, L:/192.168.137.1:50583 - R:/192.168.137.128:8099]
19:33:43:071  INFO 13856 --- [main] i.s.core.rpc.netty.NettyPoolableFactory  : register success, cost 51 ms, version:1.5.2,role:TMROLE,channel:[id: 0x27c78270, L:/192.168.137.1:50583 - R:/192.168.137.128:8099]
19:33:43:072  INFO 13856 --- [main] i.s.s.a.GlobalTransactionScanner         : Transaction Manager Client is initialized. applicationId[pay-service] txServiceGroup[hmall]
19:33:43:080  INFO 13856 --- [main] io.seata.rm.datasource.AsyncWorker       : Async Commit Buffer Limit: 10000
19:33:43:081  INFO 13856 --- [main] i.s.rm.datasource.xa.ResourceManagerXA   : ResourceManagerXA init ...
19:33:43:087  INFO 13856 --- [main] i.s.core.rpc.netty.NettyClientBootstrap  : NettyClientBootstrap has started
19:33:43:087  INFO 13856 --- [main] i.s.s.a.GlobalTransactionScanner         : Resource Manager is initialized. applicationId[pay-service] txServiceGroup[hmall]
19:33:43:087  INFO 13856 --- [main] i.s.s.a.GlobalTransactionScanner         : Global Transaction Clients are initialized. 
19:33:43:089  INFO 13856 --- [main] trationDelegate$BeanPostProcessorChecker : Bean 'io.seata.spring.boot.autoconfigure.SeataDataSourceAutoConfiguration' of type [io.seata.spring.boot.autoconfigure.SeataDataSourceAutoConfiguration] is not eligible for getting processed by all BeanPostProcessors (for example: not eligible for auto-proxying)
19:33:43:261  INFO 13856 --- [main] trationDelegate$BeanPostProcessorChecker : Bean 'com.alibaba.cloud.seata.feign.SeataFeignClientAutoConfiguration$FeignBeanPostProcessorConfiguration' of type [com.alibaba.cloud.seata.feign.SeataFeignClientAutoConfiguration$FeignBeanPostProcessorConfiguration] is not eligible for getting processed by all BeanPostProcessors (for example: not eligible for auto-proxying)
19:33:43:263  INFO 13856 --- [main] trationDelegate$BeanPostProcessorChecker : Bean 'seataFeignObjectWrapper' of type [com.alibaba.cloud.seata.feign.SeataFeignObjectWrapper] is not eligible for getting processed by all BeanPostProcessors (for example: not eligible for auto-proxying)
19:33:43:485  INFO 13856 --- [main] o.s.b.w.embedded.tomcat.TomcatWebServer  : Tomcat initialized with port(s): 8086 (http)
19:33:43:486  INFO 13856 --- [main] o.a.catalina.core.AprLifecycleListener   : An older version [1.2.23] of the Apache Tomcat Native library is installed, while Tomcat recommends a minimum version of [1.2.30]
19:33:43:486  INFO 13856 --- [main] o.a.catalina.core.AprLifecycleListener   : Loaded Apache Tomcat Native library [1.2.23] using APR version [1.7.0].
19:33:43:486  INFO 13856 --- [main] o.a.catalina.core.AprLifecycleListener   : APR capabilities: IPv6 [true], sendfile [true], accept filters [false], random [true], UDS [false].
19:33:43:486  INFO 13856 --- [main] o.a.catalina.core.AprLifecycleListener   : APR/OpenSSL configuration: useAprConnector [false], useOpenSSL [true]
19:33:43:500  INFO 13856 --- [main] o.a.catalina.core.AprLifecycleListener   : OpenSSL successfully initialized [OpenSSL 1.1.1c  28 May 2019]
19:33:43:509  INFO 13856 --- [main] o.apache.catalina.core.StandardService   : Starting service [Tomcat]
19:33:43:509  INFO 13856 --- [main] org.apache.catalina.core.StandardEngine  : Starting Servlet engine: [Apache Tomcat/9.0.75]
19:33:43:732  INFO 13856 --- [main] o.a.c.c.C.[Tomcat].[localhost].[/]       : Initializing Spring embedded WebApplicationContext
19:33:43:732  INFO 13856 --- [main] w.s.c.ServletWebServerApplicationContext : Root WebApplicationContext: initialization completed in 3418 ms
19:33:43:965  INFO 13856 --- [main] o.s.c.openfeign.FeignClientFactoryBean   : For 'user-service' URL not provided. Will try picking an instance via load-balancing.
19:33:44:347  INFO 13856 --- [main] com.zaxxer.hikari.HikariDataSource       : HikariPool-1 - Starting...
19:33:44:537  INFO 13856 --- [main] com.zaxxer.hikari.HikariDataSource       : HikariPool-1 - Start completed.
19:33:44:663  INFO 13856 --- [main] i.s.c.r.netty.NettyClientChannelManager  : will connect to 192.168.137.128:8099
19:33:44:663  INFO 13856 --- [main] i.s.c.rpc.netty.RmNettyRemotingClient    : RM will register :jdbc:mysql://192.168.137.128:3306/hm-pay
19:33:44:664  INFO 13856 --- [main] i.s.core.rpc.netty.NettyPoolableFactory  : NettyPool create channel to transactionRole:RMROLE,address:192.168.137.128:8099,msg:< RegisterRMRequest{resourceIds='jdbc:mysql://192.168.137.128:3306/hm-pay', applicationId='pay-service', transactionServiceGroup='hmall'} >
19:33:44:673  INFO 13856 --- [main] i.s.c.rpc.netty.RmNettyRemotingClient    : register RM success. client version:1.5.2, server version:1.5.2,channel:[id: 0x7ba298ed, L:/192.168.137.1:50589 - R:/192.168.137.128:8099]
19:33:44:673  INFO 13856 --- [main] i.s.core.rpc.netty.NettyPoolableFactory  : register success, cost 7 ms, version:1.5.2,role:RMROLE,channel:[id: 0x7ba298ed, L:/192.168.137.1:50589 - R:/192.168.137.128:8099]
19:33:47:015  INFO 13856 --- [main] i.s.s.a.GlobalTransactionScanner         : Bean[com.hmall.pay.service.impl.PayOrderServiceImpl$$EnhancerBySpringCGLIB$$32912ab4] with name [payOrderServiceImpl] would use interceptor [io.seata.spring.annotation.GlobalTransactionalInterceptor]
19:33:47:147  INFO 13856 --- [main] c.a.c.sentinel.SentinelWebMvcConfigurer  : [Sentinel Starter] register SentinelWebInterceptor with urlPatterns: [/**].
19:33:48:386  INFO 13856 --- [main] pertySourcedRequestMappingHandlerMapping : Mapped URL path [/v2/api-docs] onto method [springfox.documentation.swagger2.web.Swagger2ControllerWebMvc#getDocumentation(String, HttpServletRequest)]
19:33:49:870  INFO 13856 --- [main] com.alibaba.nacos.common.remote.client   : [RpcClientFactory] create a new rpc client of 23e8051a-7d95-44b6-a144-128de6d4d17b
19:33:49:871  INFO 13856 --- [main] com.alibaba.nacos.common.remote.client   : [23e8051a-7d95-44b6-a144-128de6d4d17b] RpcClient init label, labels = {module=naming, source=sdk}
19:33:49:871  INFO 13856 --- [main] com.alibaba.nacos.common.remote.client   : [23e8051a-7d95-44b6-a144-128de6d4d17b] RpcClient init, ServerListFactory = com.alibaba.nacos.client.naming.core.ServerListManager
19:33:49:871  INFO 13856 --- [main] com.alibaba.nacos.common.remote.client   : [23e8051a-7d95-44b6-a144-128de6d4d17b] Registry connection listener to current client:com.alibaba.nacos.client.naming.remote.gprc.redo.NamingGrpcRedoService
19:33:49:871  INFO 13856 --- [main] com.alibaba.nacos.common.remote.client   : [23e8051a-7d95-44b6-a144-128de6d4d17b] Register server push request handler:com.alibaba.nacos.client.naming.remote.gprc.NamingPushRequestHandler
19:33:49:872  INFO 13856 --- [main] com.alibaba.nacos.common.remote.client   : [23e8051a-7d95-44b6-a144-128de6d4d17b] Try to connect to server on start up, server: {serverIp = '192.168.137.128', server main port = 8848}
19:33:49:994  INFO 13856 --- [main] com.alibaba.nacos.common.remote.client   : [23e8051a-7d95-44b6-a144-128de6d4d17b] Success to connect to server [192.168.137.128:8848] on start up, connectionId = 1712403229879_192.168.137.1_50624
19:33:49:994  INFO 13856 --- [main] com.alibaba.nacos.common.remote.client   : [23e8051a-7d95-44b6-a144-128de6d4d17b] Register server push request handler:com.alibaba.nacos.common.remote.client.RpcClient$ConnectResetRequestHandler
19:33:49:994  INFO 13856 --- [main] com.alibaba.nacos.common.remote.client   : [23e8051a-7d95-44b6-a144-128de6d4d17b] Register server push request handler:com.alibaba.nacos.common.remote.client.RpcClient$$Lambda$476/0x0000000800420840
19:33:49:994  INFO 13856 --- [com.alibaba.nacos.client.remote.worker] com.alibaba.nacos.common.remote.client   : [23e8051a-7d95-44b6-a144-128de6d4d17b] Notify connected event to listeners.
19:33:50:021  INFO 13856 --- [main] o.s.b.w.embedded.tomcat.TomcatWebServer  : Tomcat started on port(s): 8086 (http) with context path ''
19:33:50:029  INFO 13856 --- [main] c.a.c.n.registry.NacosServiceRegistry    : nacos registry, DEFAULT_GROUP pay-service 192.168.137.1:8086 register finished
19:33:50:544  INFO 13856 --- [nacos-grpc-client-executor-5] com.alibaba.nacos.common.remote.client   : [23e8051a-7d95-44b6-a144-128de6d4d17b] Receive server push request, request = NotifySubscriberRequest, requestId = 20
19:33:50:550  INFO 13856 --- [nacos-grpc-client-executor-5] com.alibaba.nacos.common.remote.client   : [23e8051a-7d95-44b6-a144-128de6d4d17b] Ack server push request, request = NotifySubscriberRequest, requestId = 20
19:33:50:937  INFO 13856 --- [main] d.s.w.p.DocumentationPluginsBootstrapper : Documentation plugins bootstrapped
19:33:50:939  INFO 13856 --- [main] d.s.w.p.DocumentationPluginsBootstrapper : Found 1 custom documentation plugin(s)
19:33:50:963  INFO 13856 --- [main] s.d.s.w.s.ApiListingReferenceScanner     : Scanning for api listing references
19:33:51:061  INFO 13856 --- [main] com.hmall.pay.PayApplication             : Started PayApplication in 16.44 seconds (JVM running for 18.281)
19:33:51:067  INFO 13856 --- [main] c.a.c.n.refresh.NacosContextRefresher    : [Nacos Config] Listening config: dataId=pay-service, group=DEFAULT_GROUP
19:33:51:068  INFO 13856 --- [main] c.a.c.n.refresh.NacosContextRefresher    : [Nacos Config] Listening config: dataId=pay-service.yaml, group=DEFAULT_GROUP
19:33:51:068  INFO 13856 --- [main] c.a.c.n.refresh.NacosContextRefresher    : [Nacos Config] Listening config: dataId=pay-service-local.yaml, group=DEFAULT_GROUP
19:33:54:867  WARN 13856 --- [Thread-1] c.a.n.common.http.HttpClientBeanHolder   : [HttpClientBeanHolder] Start destroying common HttpClient
19:33:54:867  WARN 13856 --- [Thread-5] c.a.nacos.common.notify.NotifyCenter     : [NotifyCenter] Start destroying Publisher
19:33:54:867  WARN 13856 --- [Thread-5] c.a.nacos.common.notify.NotifyCenter     : [NotifyCenter] Destruction of the end
19:33:54:868  WARN 13856 --- [Thread-1] c.a.n.common.http.HttpClientBeanHolder   : [HttpClientBeanHolder] Destruction of the end
19:33:55:509  INFO 13856 --- [SpringContextShutdownHook] c.a.c.n.registry.NacosServiceRegistry    : De-registering from Nacos Server now...
19:33:55:512  INFO 13856 --- [SpringContextShutdownHook] c.a.c.n.registry.NacosServiceRegistry    : De-registration finished.
19:33:56:068  INFO 13856 --- [nacos-grpc-client-executor-12] com.alibaba.nacos.common.remote.client   : [23e8051a-7d95-44b6-a144-128de6d4d17b] Receive server push request, request = NotifySubscriberRequest, requestId = 21
19:33:56:075  INFO 13856 --- [nacos-grpc-client-executor-12] com.alibaba.nacos.common.remote.client   : [23e8051a-7d95-44b6-a144-128de6d4d17b] Ack server push request, request = NotifySubscriberRequest, requestId = 21
19:33:56:166  INFO 13856 --- [SpringContextShutdownHook] com.alibaba.nacos.common.remote.client   : Shutdown rpc client, set status to shutdown
19:33:56:166  INFO 13856 --- [SpringContextShutdownHook] com.alibaba.nacos.common.remote.client   : Shutdown client event executor java.util.concurrent.ScheduledThreadPoolExecutor@5015277c[Running, pool size = 2, active threads = 2, queued tasks = 0, completed tasks = 0]
19:33:56:166  INFO 13856 --- [SpringContextShutdownHook] com.alibaba.nacos.common.remote.client   : Close current connection 1712403229879_192.168.137.1_50624
19:33:56:168  INFO 13856 --- [nacos-grpc-client-executor-13] c.a.n.c.remote.client.grpc.GrpcClient    : [1712403229879_192.168.137.1_50624]Ignore complete event,isRunning:false,isAbandon=false
19:33:56:172  INFO 13856 --- [SpringContextShutdownHook] c.a.n.c.remote.client.grpc.GrpcClient    : Shutdown grpc executor java.util.concurrent.ThreadPoolExecutor@673fa761[Running, pool size = 14, active threads = 0, queued tasks = 0, completed tasks = 14]
19:33:56:176  INFO 13856 --- [SpringContextShutdownHook] com.zaxxer.hikari.HikariDataSource       : HikariPool-1 - Shutdown initiated...
19:33:56:191  INFO 13856 --- [SpringContextShutdownHook] com.zaxxer.hikari.HikariDataSource       : HikariPool-1 - Shutdown completed.
19:33:56:196  INFO 13856 --- [NettyClientSelector_RMROLE_1_1] i.s.c.r.n.AbstractNettyRemotingClient    : channel inactive: [id: 0x7ba298ed, L:/192.168.137.1:50589 ! R:/192.168.137.128:8099]
19:33:56:197  INFO 13856 --- [NettyClientSelector_RMROLE_1_1] i.s.c.r.netty.NettyClientChannelManager  : return to pool, rm channel:[id: 0x7ba298ed, L:/192.168.137.1:50589 ! R:/192.168.137.128:8099]
19:33:56:197  INFO 13856 --- [NettyClientSelector_RMROLE_1_1] i.s.core.rpc.netty.NettyPoolableFactory  : channel valid false,channel:[id: 0x7ba298ed, L:/192.168.137.1:50589 ! R:/192.168.137.128:8099]
19:33:56:198  INFO 13856 --- [NettyClientSelector_RMROLE_1_1] i.s.core.rpc.netty.NettyPoolableFactory  : will destroy channel:[id: 0x7ba298ed, L:/192.168.137.1:50589 ! R:/192.168.137.128:8099]
19:33:56:199  INFO 13856 --- [NettyClientSelector_RMROLE_1_1] i.s.c.r.n.AbstractNettyRemotingClient    : ChannelHandlerContext(AbstractNettyRemotingClient$ClientHandler#0, [id: 0x7ba298ed, L:/192.168.137.1:50589 ! R:/192.168.137.128:8099]) will closed
19:33:56:199  INFO 13856 --- [NettyClientSelector_RMROLE_1_1] i.s.c.r.n.AbstractNettyRemotingClient    : ChannelHandlerContext(AbstractNettyRemotingClient$ClientHandler#0, [id: 0x7ba298ed, L:/192.168.137.1:50589 ! R:/192.168.137.128:8099]) will closed
19:47:14:060  INFO 20140 --- [main] com.hmall.pay.PayApplication             : The following 1 profile is active: "local"
19:47:15:855  INFO 20140 --- [main] o.s.cloud.context.scope.GenericScope     : BeanFactory id=7b37b7bb-2eee-3c1c-be4e-c17d043dc409
19:47:16:064  INFO 20140 --- [main] trationDelegate$BeanPostProcessorChecker : Bean 'io.seata.spring.boot.autoconfigure.SeataCoreAutoConfiguration' of type [io.seata.spring.boot.autoconfigure.SeataCoreAutoConfiguration] is not eligible for getting processed by all BeanPostProcessors (for example: not eligible for auto-proxying)
19:47:16:064  INFO 20140 --- [main] trationDelegate$BeanPostProcessorChecker : Bean 'springApplicationContextProvider' of type [io.seata.spring.boot.autoconfigure.provider.SpringApplicationContextProvider] is not eligible for getting processed by all BeanPostProcessors (for example: not eligible for auto-proxying)
19:47:16:065  INFO 20140 --- [main] trationDelegate$BeanPostProcessorChecker : Bean 'io.seata.spring.boot.autoconfigure.SeataAutoConfiguration' of type [io.seata.spring.boot.autoconfigure.SeataAutoConfiguration] is not eligible for getting processed by all BeanPostProcessors (for example: not eligible for auto-proxying)
19:47:16:124  INFO 20140 --- [main] trationDelegate$BeanPostProcessorChecker : Bean 'failureHandler' of type [io.seata.tm.api.DefaultFailureHandlerImpl] is not eligible for getting processed by all BeanPostProcessors (for example: not eligible for auto-proxying)
19:47:16:129  INFO 20140 --- [main] trationDelegate$BeanPostProcessorChecker : Bean 'org.springframework.cloud.commons.config.CommonsConfigAutoConfiguration' of type [org.springframework.cloud.commons.config.CommonsConfigAutoConfiguration] is not eligible for getting processed by all BeanPostProcessors (for example: not eligible for auto-proxying)
19:47:16:140  INFO 20140 --- [main] trationDelegate$BeanPostProcessorChecker : Bean 'org.springframework.cloud.client.loadbalancer.LoadBalancerDefaultMappingsProviderAutoConfiguration' of type [org.springframework.cloud.client.loadbalancer.LoadBalancerDefaultMappingsProviderAutoConfiguration] is not eligible for getting processed by all BeanPostProcessors (for example: not eligible for auto-proxying)
19:47:16:140  INFO 20140 --- [main] trationDelegate$BeanPostProcessorChecker : Bean 'loadBalancerClientsDefaultsMappingsProvider' of type [org.springframework.cloud.client.loadbalancer.LoadBalancerDefaultMappingsProviderAutoConfiguration$$Lambda$568/0x000000080066c440] is not eligible for getting processed by all BeanPostProcessors (for example: not eligible for auto-proxying)
19:47:16:141  INFO 20140 --- [main] trationDelegate$BeanPostProcessorChecker : Bean 'defaultsBindHandlerAdvisor' of type [org.springframework.cloud.commons.config.DefaultsBindHandlerAdvisor] is not eligible for getting processed by all BeanPostProcessors (for example: not eligible for auto-proxying)
19:47:16:151  INFO 20140 --- [main] trationDelegate$BeanPostProcessorChecker : Bean 'springCloudAlibabaConfiguration' of type [io.seata.spring.boot.autoconfigure.properties.SpringCloudAlibabaConfiguration] is not eligible for getting processed by all BeanPostProcessors (for example: not eligible for auto-proxying)
19:47:16:155  INFO 20140 --- [main] trationDelegate$BeanPostProcessorChecker : Bean 'seataProperties' of type [io.seata.spring.boot.autoconfigure.properties.SeataProperties] is not eligible for getting processed by all BeanPostProcessors (for example: not eligible for auto-proxying)
19:47:16:160  INFO 20140 --- [main] i.s.s.b.a.SeataAutoConfiguration         : Automatically configure Seata
19:47:16:288  INFO 20140 --- [main] io.seata.config.ConfigurationFactory     : load Configuration from :Spring Configuration
19:47:16:294  INFO 20140 --- [main] io.seata.config.ConfigurationFactory     : load Configuration from :Spring Configuration
19:47:16:391  INFO 20140 --- [main] i.s.s.a.GlobalTransactionScanner         : Initializing Global Transaction Clients ... 
19:47:16:614  INFO 20140 --- [main] i.s.core.rpc.netty.NettyClientBootstrap  : NettyClientBootstrap has started
19:47:16:669  INFO 20140 --- [main] com.alibaba.nacos.common.remote.client   : [RpcClientFactory] create a new rpc client of 3b527994-012c-473e-9672-0d3f53146af2
19:47:16:669  INFO 20140 --- [main] com.alibaba.nacos.common.remote.client   : [3b527994-012c-473e-9672-0d3f53146af2] RpcClient init label, labels = {module=naming, source=sdk}
19:47:16:707  INFO 20140 --- [main] com.alibaba.nacos.common.remote.client   : [3b527994-012c-473e-9672-0d3f53146af2] RpcClient init, ServerListFactory = com.alibaba.nacos.client.naming.core.ServerListManager
19:47:16:707  INFO 20140 --- [main] com.alibaba.nacos.common.remote.client   : [3b527994-012c-473e-9672-0d3f53146af2] Registry connection listener to current client:com.alibaba.nacos.client.naming.remote.gprc.redo.NamingGrpcRedoService
19:47:16:708  INFO 20140 --- [main] com.alibaba.nacos.common.remote.client   : [3b527994-012c-473e-9672-0d3f53146af2] Register server push request handler:com.alibaba.nacos.client.naming.remote.gprc.NamingPushRequestHandler
19:47:16:708  INFO 20140 --- [main] com.alibaba.nacos.common.remote.client   : [3b527994-012c-473e-9672-0d3f53146af2] Try to connect to server on start up, server: {serverIp = '192.168.137.128', server main port = 8848}
19:47:16:864  INFO 20140 --- [main] com.alibaba.nacos.common.remote.client   : [3b527994-012c-473e-9672-0d3f53146af2] Success to connect to server [192.168.137.128:8848] on start up, connectionId = 1712404036741_192.168.137.1_51528
19:47:16:864  INFO 20140 --- [com.alibaba.nacos.client.remote.worker] com.alibaba.nacos.common.remote.client   : [3b527994-012c-473e-9672-0d3f53146af2] Notify connected event to listeners.
19:47:16:864  INFO 20140 --- [main] com.alibaba.nacos.common.remote.client   : [3b527994-012c-473e-9672-0d3f53146af2] Register server push request handler:com.alibaba.nacos.common.remote.client.RpcClient$ConnectResetRequestHandler
19:47:16:865  INFO 20140 --- [main] com.alibaba.nacos.common.remote.client   : [3b527994-012c-473e-9672-0d3f53146af2] Register server push request handler:com.alibaba.nacos.common.remote.client.RpcClient$$Lambda$476/0x000000080042b040
19:47:16:978  INFO 20140 --- [main] i.s.c.r.netty.NettyClientChannelManager  : will connect to 192.168.137.128:8099
19:47:17:482  INFO 20140 --- [nacos-grpc-client-executor-5] com.alibaba.nacos.common.remote.client   : [3b527994-012c-473e-9672-0d3f53146af2] Receive server push request, request = NotifySubscriberRequest, requestId = 28
19:47:17:491  INFO 20140 --- [nacos-grpc-client-executor-5] com.alibaba.nacos.common.remote.client   : [3b527994-012c-473e-9672-0d3f53146af2] Ack server push request, request = NotifySubscriberRequest, requestId = 28
19:47:17:961  INFO 20140 --- [main] i.s.core.rpc.netty.NettyPoolableFactory  : NettyPool create channel to transactionRole:TMROLE,address:192.168.137.128:8099,msg:< RegisterTMRequest{applicationId='pay-service', transactionServiceGroup='hmall'} >
19:47:18:961  INFO 20140 --- [main] i.s.c.rpc.netty.TmNettyRemotingClient    : register TM success. client version:1.5.2, server version:1.5.2,channel:[id: 0x8c7b729b, L:/192.168.137.1:51562 - R:/192.168.137.128:8099]
19:47:18:969  INFO 20140 --- [main] i.s.core.rpc.netty.NettyPoolableFactory  : register success, cost 61 ms, version:1.5.2,role:TMROLE,channel:[id: 0x8c7b729b, L:/192.168.137.1:51562 - R:/192.168.137.128:8099]
19:47:18:970  INFO 20140 --- [main] i.s.s.a.GlobalTransactionScanner         : Transaction Manager Client is initialized. applicationId[pay-service] txServiceGroup[hmall]
19:47:18:978  INFO 20140 --- [main] io.seata.rm.datasource.AsyncWorker       : Async Commit Buffer Limit: 10000
19:47:18:978  INFO 20140 --- [main] i.s.rm.datasource.xa.ResourceManagerXA   : ResourceManagerXA init ...
19:47:18:985  INFO 20140 --- [main] i.s.core.rpc.netty.NettyClientBootstrap  : NettyClientBootstrap has started
19:47:18:985  INFO 20140 --- [main] i.s.s.a.GlobalTransactionScanner         : Resource Manager is initialized. applicationId[pay-service] txServiceGroup[hmall]
19:47:18:985  INFO 20140 --- [main] i.s.s.a.GlobalTransactionScanner         : Global Transaction Clients are initialized. 
19:47:18:988  INFO 20140 --- [main] trationDelegate$BeanPostProcessorChecker : Bean 'io.seata.spring.boot.autoconfigure.SeataDataSourceAutoConfiguration' of type [io.seata.spring.boot.autoconfigure.SeataDataSourceAutoConfiguration] is not eligible for getting processed by all BeanPostProcessors (for example: not eligible for auto-proxying)
19:47:19:162  INFO 20140 --- [main] trationDelegate$BeanPostProcessorChecker : Bean 'com.alibaba.cloud.seata.feign.SeataFeignClientAutoConfiguration$FeignBeanPostProcessorConfiguration' of type [com.alibaba.cloud.seata.feign.SeataFeignClientAutoConfiguration$FeignBeanPostProcessorConfiguration] is not eligible for getting processed by all BeanPostProcessors (for example: not eligible for auto-proxying)
19:47:19:164  INFO 20140 --- [main] trationDelegate$BeanPostProcessorChecker : Bean 'seataFeignObjectWrapper' of type [com.alibaba.cloud.seata.feign.SeataFeignObjectWrapper] is not eligible for getting processed by all BeanPostProcessors (for example: not eligible for auto-proxying)
19:47:19:453  INFO 20140 --- [main] o.s.b.w.embedded.tomcat.TomcatWebServer  : Tomcat initialized with port(s): 8086 (http)
19:47:19:454  INFO 20140 --- [main] o.a.catalina.core.AprLifecycleListener   : An older version [1.2.23] of the Apache Tomcat Native library is installed, while Tomcat recommends a minimum version of [1.2.30]
19:47:19:454  INFO 20140 --- [main] o.a.catalina.core.AprLifecycleListener   : Loaded Apache Tomcat Native library [1.2.23] using APR version [1.7.0].
19:47:19:454  INFO 20140 --- [main] o.a.catalina.core.AprLifecycleListener   : APR capabilities: IPv6 [true], sendfile [true], accept filters [false], random [true], UDS [false].
19:47:19:454  INFO 20140 --- [main] o.a.catalina.core.AprLifecycleListener   : APR/OpenSSL configuration: useAprConnector [false], useOpenSSL [true]
19:47:19:458  INFO 20140 --- [main] o.a.catalina.core.AprLifecycleListener   : OpenSSL successfully initialized [OpenSSL 1.1.1c  28 May 2019]
19:47:19:469  INFO 20140 --- [main] o.apache.catalina.core.StandardService   : Starting service [Tomcat]
19:47:19:469  INFO 20140 --- [main] org.apache.catalina.core.StandardEngine  : Starting Servlet engine: [Apache Tomcat/9.0.75]
19:47:19:768  INFO 20140 --- [main] o.a.c.c.C.[Tomcat].[localhost].[/]       : Initializing Spring embedded WebApplicationContext
19:47:19:769  INFO 20140 --- [main] w.s.c.ServletWebServerApplicationContext : Root WebApplicationContext: initialization completed in 5688 ms
19:47:20:061  INFO 20140 --- [main] o.s.c.openfeign.FeignClientFactoryBean   : For 'user-service' URL not provided. Will try picking an instance via load-balancing.
19:47:20:498  INFO 20140 --- [main] com.zaxxer.hikari.HikariDataSource       : HikariPool-1 - Starting...
19:47:20:765  INFO 20140 --- [main] com.zaxxer.hikari.HikariDataSource       : HikariPool-1 - Start completed.
19:47:20:930  INFO 20140 --- [main] i.s.c.r.netty.NettyClientChannelManager  : will connect to 192.168.137.128:8099
19:47:20:931  INFO 20140 --- [main] i.s.c.rpc.netty.RmNettyRemotingClient    : RM will register :jdbc:mysql://192.168.137.128:3306/hm-pay
19:47:20:932  INFO 20140 --- [main] i.s.core.rpc.netty.NettyPoolableFactory  : NettyPool create channel to transactionRole:RMROLE,address:192.168.137.128:8099,msg:< RegisterRMRequest{resourceIds='jdbc:mysql://192.168.137.128:3306/hm-pay', applicationId='pay-service', transactionServiceGroup='hmall'} >
19:47:20:949  INFO 20140 --- [main] i.s.c.rpc.netty.RmNettyRemotingClient    : register RM success. client version:1.5.2, server version:1.5.2,channel:[id: 0xbe2688e7, L:/192.168.137.1:51570 - R:/192.168.137.128:8099]
19:47:20:949  INFO 20140 --- [main] i.s.core.rpc.netty.NettyPoolableFactory  : register success, cost 8 ms, version:1.5.2,role:RMROLE,channel:[id: 0xbe2688e7, L:/192.168.137.1:51570 - R:/192.168.137.128:8099]
19:47:27:227  INFO 20140 --- [main] i.s.s.a.GlobalTransactionScanner         : Bean[com.hmall.pay.service.impl.PayOrderServiceImpl$$EnhancerBySpringCGLIB$$643928d6] with name [payOrderServiceImpl] would use interceptor [io.seata.spring.annotation.GlobalTransactionalInterceptor]
19:47:27:389  INFO 20140 --- [main] c.a.c.sentinel.SentinelWebMvcConfigurer  : [Sentinel Starter] register SentinelWebInterceptor with urlPatterns: [/**].
19:47:28:863  INFO 20140 --- [main] pertySourcedRequestMappingHandlerMapping : Mapped URL path [/v2/api-docs] onto method [springfox.documentation.swagger2.web.Swagger2ControllerWebMvc#getDocumentation(String, HttpServletRequest)]
19:47:30:251  INFO 20140 --- [main] com.alibaba.nacos.common.remote.client   : [RpcClientFactory] create a new rpc client of bb90fba5-eef2-4915-9282-982946149bcc
19:47:30:251  INFO 20140 --- [main] com.alibaba.nacos.common.remote.client   : [bb90fba5-eef2-4915-9282-982946149bcc] RpcClient init label, labels = {module=naming, source=sdk}
19:47:30:252  INFO 20140 --- [main] com.alibaba.nacos.common.remote.client   : [bb90fba5-eef2-4915-9282-982946149bcc] RpcClient init, ServerListFactory = com.alibaba.nacos.client.naming.core.ServerListManager
19:47:30:252  INFO 20140 --- [main] com.alibaba.nacos.common.remote.client   : [bb90fba5-eef2-4915-9282-982946149bcc] Registry connection listener to current client:com.alibaba.nacos.client.naming.remote.gprc.redo.NamingGrpcRedoService
19:47:30:252  INFO 20140 --- [main] com.alibaba.nacos.common.remote.client   : [bb90fba5-eef2-4915-9282-982946149bcc] Register server push request handler:com.alibaba.nacos.client.naming.remote.gprc.NamingPushRequestHandler
19:47:30:252  INFO 20140 --- [main] com.alibaba.nacos.common.remote.client   : [bb90fba5-eef2-4915-9282-982946149bcc] Try to connect to server on start up, server: {serverIp = '192.168.137.128', server main port = 8848}
19:47:30:380  INFO 20140 --- [main] com.alibaba.nacos.common.remote.client   : [bb90fba5-eef2-4915-9282-982946149bcc] Success to connect to server [192.168.137.128:8848] on start up, connectionId = 1712404050263_192.168.137.1_51608
19:47:30:380  INFO 20140 --- [main] com.alibaba.nacos.common.remote.client   : [bb90fba5-eef2-4915-9282-982946149bcc] Register server push request handler:com.alibaba.nacos.common.remote.client.RpcClient$ConnectResetRequestHandler
19:47:30:380  INFO 20140 --- [com.alibaba.nacos.client.remote.worker] com.alibaba.nacos.common.remote.client   : [bb90fba5-eef2-4915-9282-982946149bcc] Notify connected event to listeners.
19:47:30:380  INFO 20140 --- [main] com.alibaba.nacos.common.remote.client   : [bb90fba5-eef2-4915-9282-982946149bcc] Register server push request handler:com.alibaba.nacos.common.remote.client.RpcClient$$Lambda$476/0x000000080042b040
19:47:30:402  INFO 20140 --- [main] o.s.b.w.embedded.tomcat.TomcatWebServer  : Tomcat started on port(s): 8086 (http) with context path ''
19:47:30:410  INFO 20140 --- [main] c.a.c.n.registry.NacosServiceRegistry    : nacos registry, DEFAULT_GROUP pay-service 192.168.137.1:8086 register finished
19:47:30:894  INFO 20140 --- [nacos-grpc-client-executor-6] com.alibaba.nacos.common.remote.client   : [bb90fba5-eef2-4915-9282-982946149bcc] Receive server push request, request = NotifySubscriberRequest, requestId = 32
19:47:30:899  INFO 20140 --- [nacos-grpc-client-executor-6] com.alibaba.nacos.common.remote.client   : [bb90fba5-eef2-4915-9282-982946149bcc] Ack server push request, request = NotifySubscriberRequest, requestId = 32
19:47:31:498  INFO 20140 --- [main] d.s.w.p.DocumentationPluginsBootstrapper : Documentation plugins bootstrapped
19:47:31:501  INFO 20140 --- [main] d.s.w.p.DocumentationPluginsBootstrapper : Found 1 custom documentation plugin(s)
19:47:31:520  INFO 20140 --- [main] s.d.s.w.s.ApiListingReferenceScanner     : Scanning for api listing references
19:47:31:614  INFO 20140 --- [main] com.hmall.pay.PayApplication             : Started PayApplication in 25.318 seconds (JVM running for 27.345)
19:47:31:618  INFO 20140 --- [main] c.a.c.n.refresh.NacosContextRefresher    : [Nacos Config] Listening config: dataId=pay-service, group=DEFAULT_GROUP
19:47:31:619  INFO 20140 --- [main] c.a.c.n.refresh.NacosContextRefresher    : [Nacos Config] Listening config: dataId=pay-service.yaml, group=DEFAULT_GROUP
19:47:31:620  INFO 20140 --- [main] c.a.c.n.refresh.NacosContextRefresher    : [Nacos Config] Listening config: dataId=pay-service-local.yaml, group=DEFAULT_GROUP
19:59:40:593  INFO 20140 --- [http-nio-8086-exec-1] o.a.c.c.C.[Tomcat].[localhost].[/]       : Initializing Spring DispatcherServlet 'dispatcherServlet'
19:59:40:595  INFO 20140 --- [http-nio-8086-exec-1] o.s.web.servlet.DispatcherServlet        : Initializing Servlet 'dispatcherServlet'
19:59:40:618  INFO 20140 --- [http-nio-8086-exec-1] o.s.web.servlet.DispatcherServlet        : Completed initialization in 23 ms
19:59:41:082 DEBUG 20140 --- [http-nio-8086-exec-1] c.h.pay.mapper.PayOrderMapper.selectOne  : ==>  Preparing: SELECT id,biz_order_no,pay_order_no,biz_user_id,pay_channel_code,amount,pay_type,status,expand_json,result_code,result_msg,pay_success_time,pay_over_time,qr_code_url,create_time,update_time,creater,updater,is_delete FROM pay_order WHERE (biz_order_no = ?)
19:59:41:118 DEBUG 20140 --- [http-nio-8086-exec-1] c.h.pay.mapper.PayOrderMapper.selectOne  : ==> Parameters: 1776580526916780033(Long)
19:59:41:145 DEBUG 20140 --- [http-nio-8086-exec-1] c.h.pay.mapper.PayOrderMapper.selectOne  : <==      Total: 0
19:59:41:227 DEBUG 20140 --- [http-nio-8086-exec-1] c.h.pay.mapper.PayOrderMapper.insert     : ==>  Preparing: INSERT INTO pay_order ( id, biz_order_no, pay_order_no, biz_user_id, pay_channel_code, amount, pay_type, status, pay_over_time ) VALUES ( ?, ?, ?, ?, ?, ?, ?, ?, ? )
19:59:41:231 DEBUG 20140 --- [http-nio-8086-exec-1] c.h.pay.mapper.PayOrderMapper.insert     : ==> Parameters: 1776580533954932738(Long), 1776580526916780033(Long), 1776580533954932737(Long), 1(Long), balance(String), 48500(Integer), 5(Integer), 1(Integer), 2024-04-06T21:59:41.220289500(LocalDateTime)
19:59:41:236 DEBUG 20140 --- [http-nio-8086-exec-1] c.h.pay.mapper.PayOrderMapper.insert     : <==    Updates: 1
19:59:50:225 DEBUG 20140 --- [http-nio-8086-exec-2] c.h.pay.mapper.PayOrderMapper.selectOne  : ==>  Preparing: SELECT id,biz_order_no,pay_order_no,biz_user_id,pay_channel_code,amount,pay_type,status,expand_json,result_code,result_msg,pay_success_time,pay_over_time,qr_code_url,create_time,update_time,creater,updater,is_delete FROM pay_order WHERE (biz_order_no = ?)
19:59:50:225 DEBUG 20140 --- [http-nio-8086-exec-2] c.h.pay.mapper.PayOrderMapper.selectOne  : ==> Parameters: 1776580526916780033(Long)
19:59:50:230 DEBUG 20140 --- [http-nio-8086-exec-2] c.h.pay.mapper.PayOrderMapper.selectOne  : <==      Total: 1
20:00:00:248 DEBUG 20140 --- [http-nio-8086-exec-3] c.h.pay.mapper.PayOrderMapper.selectOne  : ==>  Preparing: SELECT id,biz_order_no,pay_order_no,biz_user_id,pay_channel_code,amount,pay_type,status,expand_json,result_code,result_msg,pay_success_time,pay_over_time,qr_code_url,create_time,update_time,creater,updater,is_delete FROM pay_order WHERE (biz_order_no = ?)
20:00:00:248 DEBUG 20140 --- [http-nio-8086-exec-3] c.h.pay.mapper.PayOrderMapper.selectOne  : ==> Parameters: 1776580526916780033(Long)
20:00:00:250 DEBUG 20140 --- [http-nio-8086-exec-3] c.h.pay.mapper.PayOrderMapper.selectOne  : <==      Total: 1
20:00:10:260 DEBUG 20140 --- [http-nio-8086-exec-4] c.h.pay.mapper.PayOrderMapper.selectOne  : ==>  Preparing: SELECT id,biz_order_no,pay_order_no,biz_user_id,pay_channel_code,amount,pay_type,status,expand_json,result_code,result_msg,pay_success_time,pay_over_time,qr_code_url,create_time,update_time,creater,updater,is_delete FROM pay_order WHERE (biz_order_no = ?)
20:00:10:261 DEBUG 20140 --- [http-nio-8086-exec-4] c.h.pay.mapper.PayOrderMapper.selectOne  : ==> Parameters: 1776580526916780033(Long)
20:00:10:263 DEBUG 20140 --- [http-nio-8086-exec-4] c.h.pay.mapper.PayOrderMapper.selectOne  : <==      Total: 1
20:00:25:275 DEBUG 20140 --- [http-nio-8086-exec-5] c.h.pay.mapper.PayOrderMapper.selectOne  : ==>  Preparing: SELECT id,biz_order_no,pay_order_no,biz_user_id,pay_channel_code,amount,pay_type,status,expand_json,result_code,result_msg,pay_success_time,pay_over_time,qr_code_url,create_time,update_time,creater,updater,is_delete FROM pay_order WHERE (biz_order_no = ?)
20:00:25:275 DEBUG 20140 --- [http-nio-8086-exec-5] c.h.pay.mapper.PayOrderMapper.selectOne  : ==> Parameters: 1776580526916780033(Long)
20:00:25:277 DEBUG 20140 --- [http-nio-8086-exec-5] c.h.pay.mapper.PayOrderMapper.selectOne  : <==      Total: 1
20:00:40:287 DEBUG 20140 --- [http-nio-8086-exec-6] c.h.pay.mapper.PayOrderMapper.selectOne  : ==>  Preparing: SELECT id,biz_order_no,pay_order_no,biz_user_id,pay_channel_code,amount,pay_type,status,expand_json,result_code,result_msg,pay_success_time,pay_over_time,qr_code_url,create_time,update_time,creater,updater,is_delete FROM pay_order WHERE (biz_order_no = ?)
20:00:40:287 DEBUG 20140 --- [http-nio-8086-exec-6] c.h.pay.mapper.PayOrderMapper.selectOne  : ==> Parameters: 1776580526916780033(Long)
20:00:40:289 DEBUG 20140 --- [http-nio-8086-exec-6] c.h.pay.mapper.PayOrderMapper.selectOne  : <==      Total: 1
20:02:33:861 DEBUG 20140 --- [http-nio-8086-exec-9] c.h.pay.mapper.PayOrderMapper.selectOne  : ==>  Preparing: SELECT id,biz_order_no,pay_order_no,biz_user_id,pay_channel_code,amount,pay_type,status,expand_json,result_code,result_msg,pay_success_time,pay_over_time,qr_code_url,create_time,update_time,creater,updater,is_delete FROM pay_order WHERE (biz_order_no = ?)
20:02:33:861 DEBUG 20140 --- [http-nio-8086-exec-9] c.h.pay.mapper.PayOrderMapper.selectOne  : ==> Parameters: 1776581257572925441(Long)
20:02:33:862 DEBUG 20140 --- [http-nio-8086-exec-9] c.h.pay.mapper.PayOrderMapper.selectOne  : <==      Total: 0
20:02:33:864 DEBUG 20140 --- [http-nio-8086-exec-9] c.h.pay.mapper.PayOrderMapper.insert     : ==>  Preparing: INSERT INTO pay_order ( id, biz_order_no, pay_order_no, biz_user_id, pay_channel_code, amount, pay_type, status, pay_over_time ) VALUES ( ?, ?, ?, ?, ?, ?, ?, ?, ? )
20:02:33:865 DEBUG 20140 --- [http-nio-8086-exec-9] c.h.pay.mapper.PayOrderMapper.insert     : ==> Parameters: 1776581258021826562(Long), 1776581257572925441(Long), 1776581258021826561(Long), 1(Long), balance(String), 12800(Integer), 5(Integer), 1(Integer), 2024-04-06T22:02:33.863814700(LocalDateTime)
20:02:33:870 DEBUG 20140 --- [http-nio-8086-exec-9] c.h.pay.mapper.PayOrderMapper.insert     : <==    Updates: 1
20:02:36:736  INFO 20140 --- [http-nio-8086-exec-10] io.seata.tm.TransactionManagerHolder     : TransactionManager Singleton io.seata.tm.DefaultTransactionManager@16cda9b0
20:02:36:746  INFO 20140 --- [http-nio-8086-exec-10] i.seata.tm.api.DefaultGlobalTransaction  : Begin new global transaction [192.168.137.128:8099:54550925504589836]
20:02:36:754 DEBUG 20140 --- [http-nio-8086-exec-10] c.h.p.mapper.PayOrderMapper.selectById   : ==>  Preparing: SELECT id,biz_order_no,pay_order_no,biz_user_id,pay_channel_code,amount,pay_type,status,expand_json,result_code,result_msg,pay_success_time,pay_over_time,qr_code_url,create_time,update_time,creater,updater,is_delete FROM pay_order WHERE id=?
20:02:36:820 DEBUG 20140 --- [http-nio-8086-exec-10] c.h.p.mapper.PayOrderMapper.selectById   : ==> Parameters: 1776581258021826562(Long)
20:02:36:823 DEBUG 20140 --- [http-nio-8086-exec-10] c.h.p.mapper.PayOrderMapper.selectById   : <==      Total: 1
20:02:36:831 DEBUG 20140 --- [http-nio-8086-exec-10] com.hmall.api.client.UserClient          : [UserClient#deductMoney] ---> PUT http://user-service/users/money/deduct?pw=123&amount=12800 HTTP/1.1
20:02:37:042 DEBUG 20140 --- [http-nio-8086-exec-10] com.hmall.api.client.UserClient          : [UserClient#deductMoney] <--- HTTP/1.1 200 (210ms)
20:02:37:047 DEBUG 20140 --- [http-nio-8086-exec-10] c.h.pay.mapper.PayOrderMapper.update     : ==>  Preparing: UPDATE pay_order SET status=?,pay_success_time=? WHERE (id = ? AND status IN (?,?))
20:02:37:066 DEBUG 20140 --- [http-nio-8086-exec-10] c.h.pay.mapper.PayOrderMapper.update     : ==> Parameters: 3(Integer), 2024-04-06T20:02:37.042441100(LocalDateTime), 1776581258021826562(Long), 0(Integer), 1(Integer)
20:02:37:219 DEBUG 20140 --- [http-nio-8086-exec-10] c.h.pay.mapper.PayOrderMapper.update     : <==    Updates: 1
20:02:37:225  INFO 20140 --- [http-nio-8086-exec-10] o.s.a.r.c.CachingConnectionFactory       : Attempting to connect to: [192.168.137.128:5672]
20:02:37:258  INFO 20140 --- [http-nio-8086-exec-10] o.s.a.r.c.CachingConnectionFactory       : Created new connection: rabbitConnectionFactory#7bbe532b:0/SimpleConnection@6cecbad7 [delegate=amqp://hmall@192.168.137.128:5672//hmall, localPort= 52515]
20:02:37:287  INFO 20140 --- [http-nio-8086-exec-10] i.seata.tm.api.DefaultGlobalTransaction  : Suspending current transaction, xid = 192.168.137.128:8099:54550925504589836
20:02:37:287  INFO 20140 --- [http-nio-8086-exec-10] i.seata.tm.api.DefaultGlobalTransaction  : [192.168.137.128:8099:54550925504589836] commit status: Committed
20:02:37:487  INFO 20140 --- [nacos-grpc-client-executor-194] com.alibaba.nacos.common.remote.client   : [bb90fba5-eef2-4915-9282-982946149bcc] Receive server push request, request = NotifySubscriberRequest, requestId = 50
20:02:37:487  INFO 20140 --- [nacos-grpc-client-executor-194] com.alibaba.nacos.common.remote.client   : [bb90fba5-eef2-4915-9282-982946149bcc] Ack server push request, request = NotifySubscriberRequest, requestId = 50
20:02:37:996  INFO 20140 --- [rpcDispatch_RMROLE_1_1_16] i.s.c.r.p.c.RmBranchCommitProcessor      : rm client handle branch commit process:xid=192.168.137.128:8099:54550925504589836,branchId=54550925504589837,branchType=AT,resourceId=jdbc:mysql://192.168.137.128:3306/hm-pay,applicationData=null
20:02:37:997  INFO 20140 --- [rpcDispatch_RMROLE_1_1_16] io.seata.rm.AbstractRMHandler            : Branch committing: 192.168.137.128:8099:54550925504589836 54550925504589837 jdbc:mysql://192.168.137.128:3306/hm-pay null
20:02:37:998  INFO 20140 --- [rpcDispatch_RMROLE_1_1_16] io.seata.rm.AbstractRMHandler            : Branch commit result: PhaseTwo_Committed
20:02:43:799 DEBUG 20140 --- [http-nio-8086-exec-1] c.h.pay.mapper.PayOrderMapper.selectOne  : ==>  Preparing: SELECT id,biz_order_no,pay_order_no,biz_user_id,pay_channel_code,amount,pay_type,status,expand_json,result_code,result_msg,pay_success_time,pay_over_time,qr_code_url,create_time,update_time,creater,updater,is_delete FROM pay_order WHERE (biz_order_no = ?)
20:02:43:799 DEBUG 20140 --- [http-nio-8086-exec-1] c.h.pay.mapper.PayOrderMapper.selectOne  : ==> Parameters: 1776581257572925441(Long)
20:02:43:801 DEBUG 20140 --- [http-nio-8086-exec-1] c.h.pay.mapper.PayOrderMapper.selectOne  : <==      Total: 1
20:12:20:894  WARN 20140 --- [Thread-1] c.a.n.common.http.HttpClientBeanHolder   : [HttpClientBeanHolder] Start destroying common HttpClient
20:12:20:894  WARN 20140 --- [Thread-5] c.a.nacos.common.notify.NotifyCenter     : [NotifyCenter] Start destroying Publisher
20:12:20:895  WARN 20140 --- [Thread-5] c.a.nacos.common.notify.NotifyCenter     : [NotifyCenter] Destruction of the end
20:12:20:897  WARN 20140 --- [Thread-1] c.a.n.common.http.HttpClientBeanHolder   : [HttpClientBeanHolder] Destruction of the end
20:12:21:795  INFO 20140 --- [SpringContextShutdownHook] c.a.c.n.registry.NacosServiceRegistry    : De-registering from Nacos Server now...
20:12:21:798  INFO 20140 --- [SpringContextShutdownHook] c.a.c.n.registry.NacosServiceRegistry    : De-registration finished.
20:12:22:128  INFO 20140 --- [SpringContextShutdownHook] com.alibaba.nacos.common.remote.client   : Shutdown rpc client, set status to shutdown
20:12:22:128  INFO 20140 --- [SpringContextShutdownHook] com.alibaba.nacos.common.remote.client   : Shutdown client event executor java.util.concurrent.ScheduledThreadPoolExecutor@2c36fbdc[Running, pool size = 2, active threads = 2, queued tasks = 0, completed tasks = 0]
20:12:22:128  INFO 20140 --- [SpringContextShutdownHook] com.alibaba.nacos.common.remote.client   : Close current connection 1712404050263_192.168.137.1_51608
20:12:22:130  INFO 20140 --- [nacos-grpc-client-executor-313] c.a.n.c.remote.client.grpc.GrpcClient    : [1712404050263_192.168.137.1_51608]Ignore complete event,isRunning:false,isAbandon=false
20:12:22:135  INFO 20140 --- [SpringContextShutdownHook] c.a.n.c.remote.client.grpc.GrpcClient    : Shutdown grpc executor java.util.concurrent.ThreadPoolExecutor@25bcb5e[Running, pool size = 5, active threads = 0, queued tasks = 0, completed tasks = 314]
20:12:22:144  INFO 20140 --- [SpringContextShutdownHook] com.zaxxer.hikari.HikariDataSource       : HikariPool-1 - Shutdown initiated...
20:12:22:162  INFO 20140 --- [SpringContextShutdownHook] com.zaxxer.hikari.HikariDataSource       : HikariPool-1 - Shutdown completed.
20:12:22:184  INFO 20140 --- [NettyClientSelector_RMROLE_1_1] i.s.c.r.n.AbstractNettyRemotingClient    : channel inactive: [id: 0xbe2688e7, L:/192.168.137.1:51570 ! R:/192.168.137.128:8099]
20:12:22:184  INFO 20140 --- [NettyClientSelector_RMROLE_1_1] i.s.c.r.netty.NettyClientChannelManager  : return to pool, rm channel:[id: 0xbe2688e7, L:/192.168.137.1:51570 ! R:/192.168.137.128:8099]
20:12:22:185  INFO 20140 --- [NettyClientSelector_RMROLE_1_1] i.s.core.rpc.netty.NettyPoolableFactory  : channel valid false,channel:[id: 0xbe2688e7, L:/192.168.137.1:51570 ! R:/192.168.137.128:8099]
20:12:22:187  INFO 20140 --- [NettyClientSelector_RMROLE_1_1] i.s.core.rpc.netty.NettyPoolableFactory  : will destroy channel:[id: 0xbe2688e7, L:/192.168.137.1:51570 ! R:/192.168.137.128:8099]
20:12:22:188  INFO 20140 --- [NettyClientSelector_RMROLE_1_1] i.s.c.r.n.AbstractNettyRemotingClient    : ChannelHandlerContext(AbstractNettyRemotingClient$ClientHandler#0, [id: 0xbe2688e7, L:/192.168.137.1:51570 ! R:/192.168.137.128:8099]) will closed
20:12:22:188  INFO 20140 --- [NettyClientSelector_RMROLE_1_1] i.s.c.r.n.AbstractNettyRemotingClient    : ChannelHandlerContext(AbstractNettyRemotingClient$ClientHandler#0, [id: 0xbe2688e7, L:/192.168.137.1:51570 ! R:/192.168.137.128:8099]) will closed
