08:04:12:314  INFO 2476 --- [main] com.hmall.gateway.GatewayApplication     : The following 1 profile is active: "local"
08:04:13:540  INFO 2476 --- [main] o.s.cloud.context.scope.GenericScope     : BeanFactory id=d1d0a184-7ed6-315a-9788-ea61111f508b
08:04:13:667  INFO 2476 --- [main] trationDelegate$BeanPostProcessorChecker : Bean 'org.springframework.cloud.client.loadbalancer.reactive.LoadBalancerBeanPostProcessorAutoConfiguration' of type [org.springframework.cloud.client.loadbalancer.reactive.LoadBalancerBeanPostProcessorAutoConfiguration] is not eligible for getting processed by all BeanPostProcessors (for example: not eligible for auto-proxying)
08:04:13:668  INFO 2476 --- [main] trationDelegate$BeanPostProcessorChecker : Bean 'org.springframework.cloud.client.loadbalancer.reactive.LoadBalancerBeanPostProcessorAutoConfiguration$ReactorDeferringLoadBalancerFilterConfig' of type [org.springframework.cloud.client.loadbalancer.reactive.LoadBalancerBeanPostProcessorAutoConfiguration$ReactorDeferringLoadBalancerFilterConfig] is not eligible for getting processed by all BeanPostProcessors (for example: not eligible for auto-proxying)
08:04:13:673  INFO 2476 --- [main] trationDelegate$BeanPostProcessorChecker : Bean 'reactorDeferringLoadBalancerExchangeFilterFunction' of type [org.springframework.cloud.client.loadbalancer.reactive.DeferringLoadBalancerExchangeFilterFunction] is not eligible for getting processed by all BeanPostProcessors (for example: not eligible for auto-proxying)
08:04:15:092 DEBUG 2476 --- [main] c.h.gateway.route.DynamicRouteLoader     : 监听到路由配置变更，[
    {
        "id": "item",
        "predicates": [{
            "name": "Path",
            "args": {"_genkey_0":"/items/**"}
        }],
        "filters": [],
        "uri": "lb://item-service"
    },
    {
        "id": "cart",
        "predicates": [{
            "name": "Path",
            "args": {"_genkey_0":"/carts/**"}
        }],
        "filters": [],
        "uri": "lb://cart-service"
    },
    {
        "id": "user",
        "predicates": [{
            "name": "Path",
            "args": {"_genkey_0":"/users/**", "_genkey_1":"/addresses/**"}
        }],
        "filters": [],
        "uri": "lb://user-service"
    },
    {
        "id": "trade",
        "predicates": [{
            "name": "Path",
            "args": {"_genkey_0":"/orders/**"}
        }],
        "filters": [],
        "uri": "lb://trade-service"
    },
    {
        "id": "pay",
        "predicates": [{
            "name": "Path",
            "args": {"_genkey_0":"/pay-orders/**"}
        }],
        "filters": [],
        "uri": "lb://pay-service"
    },
    {
        "id": "search",
        "predicates": [{
            "name": "Path",
            "args": {"_genkey_0":"/search/**"}
        }],
        "filters": [],
        "uri": "lb://search-service"
    }
]
08:04:18:574  INFO 2476 --- [main] o.s.cloud.commons.util.InetUtils         : Cannot determine local hostname
08:04:22:057  INFO 2476 --- [main] o.s.cloud.commons.util.InetUtils         : Cannot determine local hostname
08:04:22:615  INFO 2476 --- [main] o.s.c.g.r.RouteDefinitionRouteLocator    : Loaded RoutePredicateFactory [After]
08:04:22:615  INFO 2476 --- [main] o.s.c.g.r.RouteDefinitionRouteLocator    : Loaded RoutePredicateFactory [Before]
08:04:22:615  INFO 2476 --- [main] o.s.c.g.r.RouteDefinitionRouteLocator    : Loaded RoutePredicateFactory [Between]
08:04:22:617  INFO 2476 --- [main] o.s.c.g.r.RouteDefinitionRouteLocator    : Loaded RoutePredicateFactory [Cookie]
08:04:22:617  INFO 2476 --- [main] o.s.c.g.r.RouteDefinitionRouteLocator    : Loaded RoutePredicateFactory [Header]
08:04:22:618  INFO 2476 --- [main] o.s.c.g.r.RouteDefinitionRouteLocator    : Loaded RoutePredicateFactory [Host]
08:04:22:621  INFO 2476 --- [main] o.s.c.g.r.RouteDefinitionRouteLocator    : Loaded RoutePredicateFactory [Method]
08:04:22:621  INFO 2476 --- [main] o.s.c.g.r.RouteDefinitionRouteLocator    : Loaded RoutePredicateFactory [Path]
08:04:22:621  INFO 2476 --- [main] o.s.c.g.r.RouteDefinitionRouteLocator    : Loaded RoutePredicateFactory [Query]
08:04:22:621  INFO 2476 --- [main] o.s.c.g.r.RouteDefinitionRouteLocator    : Loaded RoutePredicateFactory [ReadBody]
08:04:22:621  INFO 2476 --- [main] o.s.c.g.r.RouteDefinitionRouteLocator    : Loaded RoutePredicateFactory [RemoteAddr]
08:04:22:621  INFO 2476 --- [main] o.s.c.g.r.RouteDefinitionRouteLocator    : Loaded RoutePredicateFactory [XForwardedRemoteAddr]
08:04:22:622  INFO 2476 --- [main] o.s.c.g.r.RouteDefinitionRouteLocator    : Loaded RoutePredicateFactory [Weight]
08:04:22:622  INFO 2476 --- [main] o.s.c.g.r.RouteDefinitionRouteLocator    : Loaded RoutePredicateFactory [CloudFoundryRouteService]
08:04:25:601  INFO 2476 --- [main] o.s.cloud.commons.util.InetUtils         : Cannot determine local hostname
08:04:25:825  INFO 2476 --- [main] com.alibaba.nacos.common.remote.client   : [RpcClientFactory] create a new rpc client of c9bc6d8b-13ba-49e2-a4b9-9e82ba23a397
08:04:25:825  INFO 2476 --- [main] com.alibaba.nacos.common.remote.client   : [c9bc6d8b-13ba-49e2-a4b9-9e82ba23a397] RpcClient init label, labels = {module=naming, source=sdk}
08:04:25:827  INFO 2476 --- [main] com.alibaba.nacos.common.remote.client   : [c9bc6d8b-13ba-49e2-a4b9-9e82ba23a397] RpcClient init, ServerListFactory = com.alibaba.nacos.client.naming.core.ServerListManager
08:04:25:827  INFO 2476 --- [main] com.alibaba.nacos.common.remote.client   : [c9bc6d8b-13ba-49e2-a4b9-9e82ba23a397] Registry connection listener to current client:com.alibaba.nacos.client.naming.remote.gprc.redo.NamingGrpcRedoService
08:04:25:827  INFO 2476 --- [main] com.alibaba.nacos.common.remote.client   : [c9bc6d8b-13ba-49e2-a4b9-9e82ba23a397] Register server push request handler:com.alibaba.nacos.client.naming.remote.gprc.NamingPushRequestHandler
08:04:25:828  INFO 2476 --- [main] com.alibaba.nacos.common.remote.client   : [c9bc6d8b-13ba-49e2-a4b9-9e82ba23a397] Try to connect to server on start up, server: {serverIp = '192.168.137.128', server main port = 8848}
08:04:25:955  INFO 2476 --- [main] com.alibaba.nacos.common.remote.client   : [c9bc6d8b-13ba-49e2-a4b9-9e82ba23a397] Success to connect to server [192.168.137.128:8848] on start up, connectionId = 1712448265808_192.168.137.1_65360
08:04:25:955  INFO 2476 --- [main] com.alibaba.nacos.common.remote.client   : [c9bc6d8b-13ba-49e2-a4b9-9e82ba23a397] Register server push request handler:com.alibaba.nacos.common.remote.client.RpcClient$ConnectResetRequestHandler
08:04:25:955  INFO 2476 --- [main] com.alibaba.nacos.common.remote.client   : [c9bc6d8b-13ba-49e2-a4b9-9e82ba23a397] Register server push request handler:com.alibaba.nacos.common.remote.client.RpcClient$$Lambda$467/0x00000005d523b840
08:04:25:956  INFO 2476 --- [com.alibaba.nacos.client.remote.worker] com.alibaba.nacos.common.remote.client   : [c9bc6d8b-13ba-49e2-a4b9-9e82ba23a397] Notify connected event to listeners.
08:04:26:549  INFO 2476 --- [nacos-grpc-client-executor-7] com.alibaba.nacos.common.remote.client   : [c9bc6d8b-13ba-49e2-a4b9-9e82ba23a397] Receive server push request, request = NotifySubscriberRequest, requestId = 3
08:04:26:558  INFO 2476 --- [nacos-grpc-client-executor-7] com.alibaba.nacos.common.remote.client   : [c9bc6d8b-13ba-49e2-a4b9-9e82ba23a397] Ack server push request, request = NotifySubscriberRequest, requestId = 3
08:04:27:144  INFO 2476 --- [main] o.s.b.web.embedded.netty.NettyWebServer  : Netty started on port 8080
08:04:29:630  INFO 2476 --- [main] o.s.cloud.commons.util.InetUtils         : Cannot determine local hostname
08:04:32:136  INFO 2476 --- [main] o.s.cloud.commons.util.InetUtils         : Cannot determine local hostname
08:04:32:154  INFO 2476 --- [main] c.a.c.n.registry.NacosServiceRegistry    : nacos registry, DEFAULT_GROUP gateway 192.168.137.1:8080 register finished
08:04:32:183  INFO 2476 --- [main] com.hmall.gateway.GatewayApplication     : Started GatewayApplication in 32.615 seconds (JVM running for 34.958)
08:04:32:188  INFO 2476 --- [main] c.a.c.n.refresh.NacosContextRefresher    : [Nacos Config] Listening config: dataId=gateway.yaml, group=DEFAULT_GROUP
08:04:32:190  INFO 2476 --- [main] c.a.c.n.refresh.NacosContextRefresher    : [Nacos Config] Listening config: dataId=gateway, group=DEFAULT_GROUP
08:04:32:191  INFO 2476 --- [main] c.a.c.n.refresh.NacosContextRefresher    : [Nacos Config] Listening config: dataId=gateway-local.yaml, group=DEFAULT_GROUP
08:04:32:653  INFO 2476 --- [nacos-grpc-client-executor-12] com.alibaba.nacos.common.remote.client   : [c9bc6d8b-13ba-49e2-a4b9-9e82ba23a397] Receive server push request, request = NotifySubscriberRequest, requestId = 5
08:04:32:664  INFO 2476 --- [nacos-grpc-client-executor-12] com.alibaba.nacos.common.remote.client   : [c9bc6d8b-13ba-49e2-a4b9-9e82ba23a397] Ack server push request, request = NotifySubscriberRequest, requestId = 5
