09:49:58:504  INFO 21116 --- [main] com.hmall.item.es.DocumentTest           : The following 1 profile is active: "local"
09:49:59:717  INFO 21116 --- [main] o.s.cloud.context.scope.GenericScope     : BeanFactory id=8d9e96af-b0f8-3749-bdb6-ec2e116d20ed
09:49:59:857  INFO 21116 --- [main] trationDelegate$BeanPostProcessorChecker : Bean 'io.seata.spring.boot.autoconfigure.SeataCoreAutoConfiguration' of type [io.seata.spring.boot.autoconfigure.SeataCoreAutoConfiguration] is not eligible for getting processed by all BeanPostProcessors (for example: not eligible for auto-proxying)
09:49:59:860  INFO 21116 --- [main] trationDelegate$BeanPostProcessorChecker : Bean 'springApplicationContextProvider' of type [io.seata.spring.boot.autoconfigure.provider.SpringApplicationContextProvider] is not eligible for getting processed by all BeanPostProcessors (for example: not eligible for auto-proxying)
09:49:59:863  INFO 21116 --- [main] trationDelegate$BeanPostProcessorChecker : Bean 'io.seata.spring.boot.autoconfigure.SeataAutoConfiguration' of type [io.seata.spring.boot.autoconfigure.SeataAutoConfiguration] is not eligible for getting processed by all BeanPostProcessors (for example: not eligible for auto-proxying)
09:49:59:917  INFO 21116 --- [main] trationDelegate$BeanPostProcessorChecker : Bean 'failureHandler' of type [io.seata.tm.api.DefaultFailureHandlerImpl] is not eligible for getting processed by all BeanPostProcessors (for example: not eligible for auto-proxying)
09:49:59:942  INFO 21116 --- [main] trationDelegate$BeanPostProcessorChecker : Bean 'org.springframework.cloud.commons.config.CommonsConfigAutoConfiguration' of type [org.springframework.cloud.commons.config.CommonsConfigAutoConfiguration] is not eligible for getting processed by all BeanPostProcessors (for example: not eligible for auto-proxying)
09:49:59:945  INFO 21116 --- [main] trationDelegate$BeanPostProcessorChecker : Bean 'org.springframework.cloud.client.loadbalancer.LoadBalancerDefaultMappingsProviderAutoConfiguration' of type [org.springframework.cloud.client.loadbalancer.LoadBalancerDefaultMappingsProviderAutoConfiguration] is not eligible for getting processed by all BeanPostProcessors (for example: not eligible for auto-proxying)
09:49:59:947  INFO 21116 --- [main] trationDelegate$BeanPostProcessorChecker : Bean 'loadBalancerClientsDefaultsMappingsProvider' of type [org.springframework.cloud.client.loadbalancer.LoadBalancerDefaultMappingsProviderAutoConfiguration$$Lambda$830/0x00000263ac66e528] is not eligible for getting processed by all BeanPostProcessors (for example: not eligible for auto-proxying)
09:49:59:950  INFO 21116 --- [main] trationDelegate$BeanPostProcessorChecker : Bean 'defaultsBindHandlerAdvisor' of type [org.springframework.cloud.commons.config.DefaultsBindHandlerAdvisor] is not eligible for getting processed by all BeanPostProcessors (for example: not eligible for auto-proxying)
09:49:59:955  INFO 21116 --- [main] trationDelegate$BeanPostProcessorChecker : Bean 'springCloudAlibabaConfiguration' of type [io.seata.spring.boot.autoconfigure.properties.SpringCloudAlibabaConfiguration] is not eligible for getting processed by all BeanPostProcessors (for example: not eligible for auto-proxying)
09:49:59:958  INFO 21116 --- [main] trationDelegate$BeanPostProcessorChecker : Bean 'seataProperties' of type [io.seata.spring.boot.autoconfigure.properties.SeataProperties] is not eligible for getting processed by all BeanPostProcessors (for example: not eligible for auto-proxying)
09:49:59:962  INFO 21116 --- [main] i.s.s.b.a.SeataAutoConfiguration         : Automatically configure Seata
09:50:00:049  INFO 21116 --- [main] io.seata.config.ConfigurationFactory     : load Configuration from :Spring Configuration
09:50:00:055  INFO 21116 --- [main] io.seata.config.ConfigurationFactory     : load Configuration from :Spring Configuration
09:50:00:082  WARN 21116 --- [main] o.s.w.c.s.GenericWebApplicationContext   : Exception encountered during context initialization - cancelling refresh attempt: org.springframework.beans.factory.BeanCreationException: Error creating bean with name 'globalTransactionScanner' defined in class path resource [io/seata/spring/boot/autoconfigure/SeataAutoConfiguration.class]: Bean instantiation via factory method failed; nested exception is org.springframework.beans.BeanInstantiationException: Failed to instantiate [io.seata.spring.annotation.GlobalTransactionScanner]: Factory method 'globalTransactionScanner' threw exception; nested exception is java.lang.ExceptionInInitializerError
09:50:00:093  INFO 21116 --- [main] ConditionEvaluationReportLoggingListener : 

Error starting ApplicationContext. To display the conditions report re-run your application with 'debug' enabled.
09:50:00:120 ERROR 21116 --- [main] o.s.boot.SpringApplication               : Application run failed

org.springframework.beans.factory.BeanCreationException: Error creating bean with name 'globalTransactionScanner' defined in class path resource [io/seata/spring/boot/autoconfigure/SeataAutoConfiguration.class]: Bean instantiation via factory method failed; nested exception is org.springframework.beans.BeanInstantiationException: Failed to instantiate [io.seata.spring.annotation.GlobalTransactionScanner]: Factory method 'globalTransactionScanner' threw exception; nested exception is java.lang.ExceptionInInitializerError
	at org.springframework.beans.factory.support.ConstructorResolver.instantiate(ConstructorResolver.java:658) ~[spring-beans-5.3.27.jar:5.3.27]
	at org.springframework.beans.factory.support.ConstructorResolver.instantiateUsingFactoryMethod(ConstructorResolver.java:638) ~[spring-beans-5.3.27.jar:5.3.27]
	at org.springframework.beans.factory.support.AbstractAutowireCapableBeanFactory.instantiateUsingFactoryMethod(AbstractAutowireCapableBeanFactory.java:1352) ~[spring-beans-5.3.27.jar:5.3.27]
	at org.springframework.beans.factory.support.AbstractAutowireCapableBeanFactory.createBeanInstance(AbstractAutowireCapableBeanFactory.java:1195) ~[spring-beans-5.3.27.jar:5.3.27]
	at org.springframework.beans.factory.support.AbstractAutowireCapableBeanFactory.doCreateBean(AbstractAutowireCapableBeanFactory.java:582) ~[spring-beans-5.3.27.jar:5.3.27]
	at org.springframework.beans.factory.support.AbstractAutowireCapableBeanFactory.createBean(AbstractAutowireCapableBeanFactory.java:542) ~[spring-beans-5.3.27.jar:5.3.27]
	at org.springframework.beans.factory.support.AbstractBeanFactory.lambda$doGetBean$0(AbstractBeanFactory.java:335) ~[spring-beans-5.3.27.jar:5.3.27]
	at org.springframework.beans.factory.support.DefaultSingletonBeanRegistry.getSingleton(DefaultSingletonBeanRegistry.java:234) ~[spring-beans-5.3.27.jar:5.3.27]
	at org.springframework.beans.factory.support.AbstractBeanFactory.doGetBean(AbstractBeanFactory.java:333) ~[spring-beans-5.3.27.jar:5.3.27]
	at org.springframework.beans.factory.support.AbstractBeanFactory.getBean(AbstractBeanFactory.java:213) ~[spring-beans-5.3.27.jar:5.3.27]
	at org.springframework.context.support.PostProcessorRegistrationDelegate.registerBeanPostProcessors(PostProcessorRegistrationDelegate.java:258) ~[spring-context-5.3.27.jar:5.3.27]
	at org.springframework.context.support.AbstractApplicationContext.registerBeanPostProcessors(AbstractApplicationContext.java:764) ~[spring-context-5.3.27.jar:5.3.27]
	at org.springframework.context.support.AbstractApplicationContext.refresh(AbstractApplicationContext.java:567) ~[spring-context-5.3.27.jar:5.3.27]
	at org.springframework.boot.SpringApplication.refresh(SpringApplication.java:731) ~[spring-boot-2.7.12.jar:2.7.12]
	at org.springframework.boot.SpringApplication.refreshContext(SpringApplication.java:408) ~[spring-boot-2.7.12.jar:2.7.12]
	at org.springframework.boot.SpringApplication.run(SpringApplication.java:307) ~[spring-boot-2.7.12.jar:2.7.12]
	at org.springframework.boot.test.context.SpringBootContextLoader.loadContext(SpringBootContextLoader.java:136) ~[spring-boot-test-2.7.12.jar:2.7.12]
	at org.springframework.test.context.cache.DefaultCacheAwareContextLoaderDelegate.loadContextInternal(DefaultCacheAwareContextLoaderDelegate.java:141) ~[spring-test-5.3.27.jar:5.3.27]
	at org.springframework.test.context.cache.DefaultCacheAwareContextLoaderDelegate.loadContext(DefaultCacheAwareContextLoaderDelegate.java:90) ~[spring-test-5.3.27.jar:5.3.27]
	at org.springframework.test.context.support.DefaultTestContext.getApplicationContext(DefaultTestContext.java:124) ~[spring-test-5.3.27.jar:5.3.27]
	at org.springframework.test.context.web.ServletTestExecutionListener.setUpRequestContextIfNecessary(ServletTestExecutionListener.java:190) ~[spring-test-5.3.27.jar:5.3.27]
	at org.springframework.test.context.web.ServletTestExecutionListener.prepareTestInstance(ServletTestExecutionListener.java:132) ~[spring-test-5.3.27.jar:5.3.27]
	at org.springframework.test.context.TestContextManager.prepareTestInstance(TestContextManager.java:248) ~[spring-test-5.3.27.jar:5.3.27]
	at org.springframework.test.context.junit.jupiter.SpringExtension.postProcessTestInstance(SpringExtension.java:138) ~[spring-test-5.3.27.jar:5.3.27]
	at org.junit.jupiter.engine.descriptor.ClassBasedTestDescriptor.lambda$invokeTestInstancePostProcessors$8(ClassBasedTestDescriptor.java:363) ~[junit-jupiter-engine-5.8.2.jar:5.8.2]
	at org.junit.jupiter.engine.descriptor.ClassBasedTestDescriptor.executeAndMaskThrowable(ClassBasedTestDescriptor.java:368) ~[junit-jupiter-engine-5.8.2.jar:5.8.2]
	at org.junit.jupiter.engine.descriptor.ClassBasedTestDescriptor.lambda$invokeTestInstancePostProcessors$9(ClassBasedTestDescriptor.java:363) ~[junit-jupiter-engine-5.8.2.jar:5.8.2]
	at java.base/java.util.stream.ReferencePipeline$3$1.accept(ReferencePipeline.java:197) ~[na:na]
	at java.base/java.util.stream.ReferencePipeline$2$1.accept(ReferencePipeline.java:179) ~[na:na]
	at java.base/java.util.ArrayList$ArrayListSpliterator.forEachRemaining(ArrayList.java:1625) ~[na:na]
	at java.base/java.util.stream.AbstractPipeline.copyInto(AbstractPipeline.java:509) ~[na:na]
	at java.base/java.util.stream.AbstractPipeline.wrapAndCopyInto(AbstractPipeline.java:499) ~[na:na]
	at java.base/java.util.stream.StreamSpliterators$WrappingSpliterator.forEachRemaining(StreamSpliterators.java:310) ~[na:na]
	at java.base/java.util.stream.Streams$ConcatSpliterator.forEachRemaining(Streams.java:735) ~[na:na]
	at java.base/java.util.stream.Streams$ConcatSpliterator.forEachRemaining(Streams.java:734) ~[na:na]
	at java.base/java.util.stream.ReferencePipeline$Head.forEach(ReferencePipeline.java:762) ~[na:na]
	at org.junit.jupiter.engine.descriptor.ClassBasedTestDescriptor.invokeTestInstancePostProcessors(ClassBasedTestDescriptor.java:362) ~[junit-jupiter-engine-5.8.2.jar:5.8.2]
	at org.junit.jupiter.engine.descriptor.ClassBasedTestDescriptor.lambda$instantiateAndPostProcessTestInstance$6(ClassBasedTestDescriptor.java:283) ~[junit-jupiter-engine-5.8.2.jar:5.8.2]
	at org.junit.platform.engine.support.hierarchical.ThrowableCollector.execute(ThrowableCollector.java:73) ~[junit-platform-engine-1.8.2.jar:1.8.2]
	at org.junit.jupiter.engine.descriptor.ClassBasedTestDescriptor.instantiateAndPostProcessTestInstance(ClassBasedTestDescriptor.java:282) ~[junit-jupiter-engine-5.8.2.jar:5.8.2]
	at org.junit.jupiter.engine.descriptor.ClassBasedTestDescriptor.lambda$testInstancesProvider$4(ClassBasedTestDescriptor.java:272) ~[junit-jupiter-engine-5.8.2.jar:5.8.2]
	at java.base/java.util.Optional.orElseGet(Optional.java:364) ~[na:na]
	at org.junit.jupiter.engine.descriptor.ClassBasedTestDescriptor.lambda$testInstancesProvider$5(ClassBasedTestDescriptor.java:271) ~[junit-jupiter-engine-5.8.2.jar:5.8.2]
	at org.junit.jupiter.engine.execution.TestInstancesProvider.getTestInstances(TestInstancesProvider.java:31) ~[junit-jupiter-engine-5.8.2.jar:5.8.2]
	at org.junit.jupiter.engine.descriptor.TestMethodTestDescriptor.lambda$prepare$0(TestMethodTestDescriptor.java:102) ~[junit-jupiter-engine-5.8.2.jar:5.8.2]
	at org.junit.platform.engine.support.hierarchical.ThrowableCollector.execute(ThrowableCollector.java:73) ~[junit-platform-engine-1.8.2.jar:1.8.2]
	at org.junit.jupiter.engine.descriptor.TestMethodTestDescriptor.prepare(TestMethodTestDescriptor.java:101) ~[junit-jupiter-engine-5.8.2.jar:5.8.2]
	at org.junit.jupiter.engine.descriptor.TestMethodTestDescriptor.prepare(TestMethodTestDescriptor.java:66) ~[junit-jupiter-engine-5.8.2.jar:5.8.2]
	at org.junit.platform.engine.support.hierarchical.NodeTestTask.lambda$prepare$2(NodeTestTask.java:123) ~[junit-platform-engine-1.8.2.jar:1.8.2]
	at org.junit.platform.engine.support.hierarchical.ThrowableCollector.execute(ThrowableCollector.java:73) ~[junit-platform-engine-1.8.2.jar:1.8.2]
	at org.junit.platform.engine.support.hierarchical.NodeTestTask.prepare(NodeTestTask.java:123) ~[junit-platform-engine-1.8.2.jar:1.8.2]
	at org.junit.platform.engine.support.hierarchical.NodeTestTask.execute(NodeTestTask.java:90) ~[junit-platform-engine-1.8.2.jar:1.8.2]
	at java.base/java.util.ArrayList.forEach(ArrayList.java:1511) ~[na:na]
	at org.junit.platform.engine.support.hierarchical.SameThreadHierarchicalTestExecutorService.invokeAll(SameThreadHierarchicalTestExecutorService.java:41) ~[junit-platform-engine-1.8.2.jar:1.8.2]
	at org.junit.platform.engine.support.hierarchical.NodeTestTask.lambda$executeRecursively$6(NodeTestTask.java:155) ~[junit-platform-engine-1.8.2.jar:1.8.2]
	at org.junit.platform.engine.support.hierarchical.ThrowableCollector.execute(ThrowableCollector.java:73) ~[junit-platform-engine-1.8.2.jar:1.8.2]
	at org.junit.platform.engine.support.hierarchical.NodeTestTask.lambda$executeRecursively$8(NodeTestTask.java:141) ~[junit-platform-engine-1.8.2.jar:1.8.2]
	at org.junit.platform.engine.support.hierarchical.Node.around(Node.java:137) ~[junit-platform-engine-1.8.2.jar:1.8.2]
	at org.junit.platform.engine.support.hierarchical.NodeTestTask.lambda$executeRecursively$9(NodeTestTask.java:139) ~[junit-platform-engine-1.8.2.jar:1.8.2]
	at org.junit.platform.engine.support.hierarchical.ThrowableCollector.execute(ThrowableCollector.java:73) ~[junit-platform-engine-1.8.2.jar:1.8.2]
	at org.junit.platform.engine.support.hierarchical.NodeTestTask.executeRecursively(NodeTestTask.java:138) ~[junit-platform-engine-1.8.2.jar:1.8.2]
	at org.junit.platform.engine.support.hierarchical.NodeTestTask.execute(NodeTestTask.java:95) ~[junit-platform-engine-1.8.2.jar:1.8.2]
	at java.base/java.util.ArrayList.forEach(ArrayList.java:1511) ~[na:na]
	at org.junit.platform.engine.support.hierarchical.SameThreadHierarchicalTestExecutorService.invokeAll(SameThreadHierarchicalTestExecutorService.java:41) ~[junit-platform-engine-1.8.2.jar:1.8.2]
	at org.junit.platform.engine.support.hierarchical.NodeTestTask.lambda$executeRecursively$6(NodeTestTask.java:155) ~[junit-platform-engine-1.8.2.jar:1.8.2]
	at org.junit.platform.engine.support.hierarchical.ThrowableCollector.execute(ThrowableCollector.java:73) ~[junit-platform-engine-1.8.2.jar:1.8.2]
	at org.junit.platform.engine.support.hierarchical.NodeTestTask.lambda$executeRecursively$8(NodeTestTask.java:141) ~[junit-platform-engine-1.8.2.jar:1.8.2]
	at org.junit.platform.engine.support.hierarchical.Node.around(Node.java:137) ~[junit-platform-engine-1.8.2.jar:1.8.2]
	at org.junit.platform.engine.support.hierarchical.NodeTestTask.lambda$executeRecursively$9(NodeTestTask.java:139) ~[junit-platform-engine-1.8.2.jar:1.8.2]
	at org.junit.platform.engine.support.hierarchical.ThrowableCollector.execute(ThrowableCollector.java:73) ~[junit-platform-engine-1.8.2.jar:1.8.2]
	at org.junit.platform.engine.support.hierarchical.NodeTestTask.executeRecursively(NodeTestTask.java:138) ~[junit-platform-engine-1.8.2.jar:1.8.2]
	at org.junit.platform.engine.support.hierarchical.NodeTestTask.execute(NodeTestTask.java:95) ~[junit-platform-engine-1.8.2.jar:1.8.2]
	at org.junit.platform.engine.support.hierarchical.SameThreadHierarchicalTestExecutorService.submit(SameThreadHierarchicalTestExecutorService.java:35) ~[junit-platform-engine-1.8.2.jar:1.8.2]
	at org.junit.platform.engine.support.hierarchical.HierarchicalTestExecutor.execute(HierarchicalTestExecutor.java:57) ~[junit-platform-engine-1.8.2.jar:1.8.2]
	at org.junit.platform.engine.support.hierarchical.HierarchicalTestEngine.execute(HierarchicalTestEngine.java:54) ~[junit-platform-engine-1.8.2.jar:1.8.2]
	at org.junit.platform.launcher.core.EngineExecutionOrchestrator.execute(EngineExecutionOrchestrator.java:107) ~[junit-platform-launcher-1.8.2.jar:1.8.2]
	at org.junit.platform.launcher.core.EngineExecutionOrchestrator.execute(EngineExecutionOrchestrator.java:88) ~[junit-platform-launcher-1.8.2.jar:1.8.2]
	at org.junit.platform.launcher.core.EngineExecutionOrchestrator.lambda$execute$0(EngineExecutionOrchestrator.java:54) ~[junit-platform-launcher-1.8.2.jar:1.8.2]
	at org.junit.platform.launcher.core.EngineExecutionOrchestrator.withInterceptedStreams(EngineExecutionOrchestrator.java:67) ~[junit-platform-launcher-1.8.2.jar:1.8.2]
	at org.junit.platform.launcher.core.EngineExecutionOrchestrator.execute(EngineExecutionOrchestrator.java:52) ~[junit-platform-launcher-1.8.2.jar:1.8.2]
	at org.junit.platform.launcher.core.DefaultLauncher.execute(DefaultLauncher.java:114) ~[junit-platform-launcher-1.8.2.jar:1.8.2]
	at org.junit.platform.launcher.core.DefaultLauncher.execute(DefaultLauncher.java:86) ~[junit-platform-launcher-1.8.2.jar:1.8.2]
	at org.junit.platform.launcher.core.DefaultLauncherSession$DelegatingLauncher.execute(DefaultLauncherSession.java:86) ~[junit-platform-launcher-1.8.2.jar:1.8.2]
	at org.junit.platform.launcher.core.SessionPerRequestLauncher.execute(SessionPerRequestLauncher.java:53) ~[junit-platform-launcher-1.8.2.jar:1.8.2]
	at com.intellij.junit5.JUnit5IdeaTestRunner.startRunnerWithArgs(JUnit5IdeaTestRunner.java:71) ~[junit5-rt.jar:na]
	at com.intellij.rt.junit.IdeaTestRunner$Repeater$1.execute(IdeaTestRunner.java:38) ~[junit-rt.jar:na]
	at com.intellij.rt.execution.junit.TestsRepeater.repeat(TestsRepeater.java:11) ~[idea_rt.jar:na]
	at com.intellij.rt.junit.IdeaTestRunner$Repeater.startRunnerWithArgs(IdeaTestRunner.java:35) ~[junit-rt.jar:na]
	at com.intellij.rt.junit.JUnitStarter.prepareStreamsAndStart(JUnitStarter.java:235) ~[junit-rt.jar:na]
	at com.intellij.rt.junit.JUnitStarter.main(JUnitStarter.java:54) ~[junit-rt.jar:na]
Caused by: org.springframework.beans.BeanInstantiationException: Failed to instantiate [io.seata.spring.annotation.GlobalTransactionScanner]: Factory method 'globalTransactionScanner' threw exception; nested exception is java.lang.ExceptionInInitializerError
	at org.springframework.beans.factory.support.SimpleInstantiationStrategy.instantiate(SimpleInstantiationStrategy.java:185) ~[spring-beans-5.3.27.jar:5.3.27]
	at org.springframework.beans.factory.support.ConstructorResolver.instantiate(ConstructorResolver.java:653) ~[spring-beans-5.3.27.jar:5.3.27]
	... 89 common frames omitted
Caused by: java.lang.ExceptionInInitializerError: null
	at net.sf.cglib.core.KeyFactory$Generator.generateClass(KeyFactory.java:166) ~[cglib-3.1.jar:na]
	at net.sf.cglib.core.DefaultGeneratorStrategy.generate(DefaultGeneratorStrategy.java:25) ~[cglib-3.1.jar:na]
	at net.sf.cglib.core.AbstractClassGenerator.create(AbstractClassGenerator.java:216) ~[cglib-3.1.jar:na]
	at net.sf.cglib.core.KeyFactory$Generator.create(KeyFactory.java:144) ~[cglib-3.1.jar:na]
	at net.sf.cglib.core.KeyFactory.create(KeyFactory.java:116) ~[cglib-3.1.jar:na]
	at net.sf.cglib.core.KeyFactory.create(KeyFactory.java:108) ~[cglib-3.1.jar:na]
	at net.sf.cglib.core.KeyFactory.create(KeyFactory.java:104) ~[cglib-3.1.jar:na]
	at net.sf.cglib.proxy.Enhancer.<clinit>(Enhancer.java:69) ~[cglib-3.1.jar:na]
	at io.seata.config.ConfigurationCache.proxy(ConfigurationCache.java:104) ~[seata-all-1.5.2.jar:1.5.2]
	at io.seata.config.ConfigurationFactory.buildConfiguration(ConfigurationFactory.java:136) ~[seata-all-1.5.2.jar:1.5.2]
	at io.seata.config.ConfigurationFactory.getInstance(ConfigurationFactory.java:94) ~[seata-all-1.5.2.jar:1.5.2]
	at io.seata.spring.annotation.GlobalTransactionScanner.<init>(GlobalTransactionScanner.java:105) ~[seata-all-1.5.2.jar:1.5.2]
	at io.seata.spring.annotation.GlobalTransactionScanner.<init>(GlobalTransactionScanner.java:162) ~[seata-all-1.5.2.jar:1.5.2]
	at io.seata.spring.boot.autoconfigure.SeataAutoConfiguration.globalTransactionScanner(SeataAutoConfiguration.java:83) ~[seata-spring-boot-starter-1.5.2.jar:1.5.2]
	at java.base/jdk.internal.reflect.NativeMethodAccessorImpl.invoke0(Native Method) ~[na:na]
	at java.base/jdk.internal.reflect.NativeMethodAccessorImpl.invoke(NativeMethodAccessorImpl.java:77) ~[na:na]
	at java.base/jdk.internal.reflect.DelegatingMethodAccessorImpl.invoke(DelegatingMethodAccessorImpl.java:43) ~[na:na]
	at java.base/java.lang.reflect.Method.invoke(Method.java:568) ~[na:na]
	at org.springframework.beans.factory.support.SimpleInstantiationStrategy.instantiate(SimpleInstantiationStrategy.java:154) ~[spring-beans-5.3.27.jar:5.3.27]
	... 90 common frames omitted
Caused by: java.lang.reflect.InaccessibleObjectException: Unable to make protected final java.lang.Class java.lang.ClassLoader.defineClass(java.lang.String,byte[],int,int,java.security.ProtectionDomain) throws java.lang.ClassFormatError accessible: module java.base does not "opens java.lang" to unnamed module @335eadca
	at java.base/java.lang.reflect.AccessibleObject.checkCanSetAccessible(AccessibleObject.java:354) ~[na:na]
	at java.base/java.lang.reflect.AccessibleObject.checkCanSetAccessible(AccessibleObject.java:297) ~[na:na]
	at java.base/java.lang.reflect.Method.checkCanSetAccessible(Method.java:199) ~[na:na]
	at java.base/java.lang.reflect.Method.setAccessible(Method.java:193) ~[na:na]
	at net.sf.cglib.core.ReflectUtils$2.run(ReflectUtils.java:56) ~[cglib-3.1.jar:na]
	at java.base/java.security.AccessController.doPrivileged(AccessController.java:318) ~[na:na]
	at net.sf.cglib.core.ReflectUtils.<clinit>(ReflectUtils.java:46) ~[cglib-3.1.jar:na]
	... 109 common frames omitted

09:50:00:126 ERROR 21116 --- [main] o.s.test.context.TestContextManager      : Caught exception while allowing TestExecutionListener [org.springframework.test.context.web.ServletTestExecutionListener@73a2e526] to prepare test instance [com.hmall.item.es.DocumentTest@415262a0]

java.lang.IllegalStateException: Failed to load ApplicationContext
	at org.springframework.test.context.cache.DefaultCacheAwareContextLoaderDelegate.loadContext(DefaultCacheAwareContextLoaderDelegate.java:98) ~[spring-test-5.3.27.jar:5.3.27]
	at org.springframework.test.context.support.DefaultTestContext.getApplicationContext(DefaultTestContext.java:124) ~[spring-test-5.3.27.jar:5.3.27]
	at org.springframework.test.context.web.ServletTestExecutionListener.setUpRequestContextIfNecessary(ServletTestExecutionListener.java:190) ~[spring-test-5.3.27.jar:5.3.27]
	at org.springframework.test.context.web.ServletTestExecutionListener.prepareTestInstance(ServletTestExecutionListener.java:132) ~[spring-test-5.3.27.jar:5.3.27]
	at org.springframework.test.context.TestContextManager.prepareTestInstance(TestContextManager.java:248) ~[spring-test-5.3.27.jar:5.3.27]
	at org.springframework.test.context.junit.jupiter.SpringExtension.postProcessTestInstance(SpringExtension.java:138) ~[spring-test-5.3.27.jar:5.3.27]
	at org.junit.jupiter.engine.descriptor.ClassBasedTestDescriptor.lambda$invokeTestInstancePostProcessors$8(ClassBasedTestDescriptor.java:363) ~[junit-jupiter-engine-5.8.2.jar:5.8.2]
	at org.junit.jupiter.engine.descriptor.ClassBasedTestDescriptor.executeAndMaskThrowable(ClassBasedTestDescriptor.java:368) ~[junit-jupiter-engine-5.8.2.jar:5.8.2]
	at org.junit.jupiter.engine.descriptor.ClassBasedTestDescriptor.lambda$invokeTestInstancePostProcessors$9(ClassBasedTestDescriptor.java:363) ~[junit-jupiter-engine-5.8.2.jar:5.8.2]
	at java.base/java.util.stream.ReferencePipeline$3$1.accept(ReferencePipeline.java:197) ~[na:na]
	at java.base/java.util.stream.ReferencePipeline$2$1.accept(ReferencePipeline.java:179) ~[na:na]
	at java.base/java.util.ArrayList$ArrayListSpliterator.forEachRemaining(ArrayList.java:1625) ~[na:na]
	at java.base/java.util.stream.AbstractPipeline.copyInto(AbstractPipeline.java:509) ~[na:na]
	at java.base/java.util.stream.AbstractPipeline.wrapAndCopyInto(AbstractPipeline.java:499) ~[na:na]
	at java.base/java.util.stream.StreamSpliterators$WrappingSpliterator.forEachRemaining(StreamSpliterators.java:310) ~[na:na]
	at java.base/java.util.stream.Streams$ConcatSpliterator.forEachRemaining(Streams.java:735) ~[na:na]
	at java.base/java.util.stream.Streams$ConcatSpliterator.forEachRemaining(Streams.java:734) ~[na:na]
	at java.base/java.util.stream.ReferencePipeline$Head.forEach(ReferencePipeline.java:762) ~[na:na]
	at org.junit.jupiter.engine.descriptor.ClassBasedTestDescriptor.invokeTestInstancePostProcessors(ClassBasedTestDescriptor.java:362) ~[junit-jupiter-engine-5.8.2.jar:5.8.2]
	at org.junit.jupiter.engine.descriptor.ClassBasedTestDescriptor.lambda$instantiateAndPostProcessTestInstance$6(ClassBasedTestDescriptor.java:283) ~[junit-jupiter-engine-5.8.2.jar:5.8.2]
	at org.junit.platform.engine.support.hierarchical.ThrowableCollector.execute(ThrowableCollector.java:73) ~[junit-platform-engine-1.8.2.jar:1.8.2]
	at org.junit.jupiter.engine.descriptor.ClassBasedTestDescriptor.instantiateAndPostProcessTestInstance(ClassBasedTestDescriptor.java:282) ~[junit-jupiter-engine-5.8.2.jar:5.8.2]
	at org.junit.jupiter.engine.descriptor.ClassBasedTestDescriptor.lambda$testInstancesProvider$4(ClassBasedTestDescriptor.java:272) ~[junit-jupiter-engine-5.8.2.jar:5.8.2]
	at java.base/java.util.Optional.orElseGet(Optional.java:364) ~[na:na]
	at org.junit.jupiter.engine.descriptor.ClassBasedTestDescriptor.lambda$testInstancesProvider$5(ClassBasedTestDescriptor.java:271) ~[junit-jupiter-engine-5.8.2.jar:5.8.2]
	at org.junit.jupiter.engine.execution.TestInstancesProvider.getTestInstances(TestInstancesProvider.java:31) ~[junit-jupiter-engine-5.8.2.jar:5.8.2]
	at org.junit.jupiter.engine.descriptor.TestMethodTestDescriptor.lambda$prepare$0(TestMethodTestDescriptor.java:102) ~[junit-jupiter-engine-5.8.2.jar:5.8.2]
	at org.junit.platform.engine.support.hierarchical.ThrowableCollector.execute(ThrowableCollector.java:73) ~[junit-platform-engine-1.8.2.jar:1.8.2]
	at org.junit.jupiter.engine.descriptor.TestMethodTestDescriptor.prepare(TestMethodTestDescriptor.java:101) ~[junit-jupiter-engine-5.8.2.jar:5.8.2]
	at org.junit.jupiter.engine.descriptor.TestMethodTestDescriptor.prepare(TestMethodTestDescriptor.java:66) ~[junit-jupiter-engine-5.8.2.jar:5.8.2]
	at org.junit.platform.engine.support.hierarchical.NodeTestTask.lambda$prepare$2(NodeTestTask.java:123) ~[junit-platform-engine-1.8.2.jar:1.8.2]
	at org.junit.platform.engine.support.hierarchical.ThrowableCollector.execute(ThrowableCollector.java:73) ~[junit-platform-engine-1.8.2.jar:1.8.2]
	at org.junit.platform.engine.support.hierarchical.NodeTestTask.prepare(NodeTestTask.java:123) ~[junit-platform-engine-1.8.2.jar:1.8.2]
	at org.junit.platform.engine.support.hierarchical.NodeTestTask.execute(NodeTestTask.java:90) ~[junit-platform-engine-1.8.2.jar:1.8.2]
	at java.base/java.util.ArrayList.forEach(ArrayList.java:1511) ~[na:na]
	at org.junit.platform.engine.support.hierarchical.SameThreadHierarchicalTestExecutorService.invokeAll(SameThreadHierarchicalTestExecutorService.java:41) ~[junit-platform-engine-1.8.2.jar:1.8.2]
	at org.junit.platform.engine.support.hierarchical.NodeTestTask.lambda$executeRecursively$6(NodeTestTask.java:155) ~[junit-platform-engine-1.8.2.jar:1.8.2]
	at org.junit.platform.engine.support.hierarchical.ThrowableCollector.execute(ThrowableCollector.java:73) ~[junit-platform-engine-1.8.2.jar:1.8.2]
	at org.junit.platform.engine.support.hierarchical.NodeTestTask.lambda$executeRecursively$8(NodeTestTask.java:141) ~[junit-platform-engine-1.8.2.jar:1.8.2]
	at org.junit.platform.engine.support.hierarchical.Node.around(Node.java:137) ~[junit-platform-engine-1.8.2.jar:1.8.2]
	at org.junit.platform.engine.support.hierarchical.NodeTestTask.lambda$executeRecursively$9(NodeTestTask.java:139) ~[junit-platform-engine-1.8.2.jar:1.8.2]
	at org.junit.platform.engine.support.hierarchical.ThrowableCollector.execute(ThrowableCollector.java:73) ~[junit-platform-engine-1.8.2.jar:1.8.2]
	at org.junit.platform.engine.support.hierarchical.NodeTestTask.executeRecursively(NodeTestTask.java:138) ~[junit-platform-engine-1.8.2.jar:1.8.2]
	at org.junit.platform.engine.support.hierarchical.NodeTestTask.execute(NodeTestTask.java:95) ~[junit-platform-engine-1.8.2.jar:1.8.2]
	at java.base/java.util.ArrayList.forEach(ArrayList.java:1511) ~[na:na]
	at org.junit.platform.engine.support.hierarchical.SameThreadHierarchicalTestExecutorService.invokeAll(SameThreadHierarchicalTestExecutorService.java:41) ~[junit-platform-engine-1.8.2.jar:1.8.2]
	at org.junit.platform.engine.support.hierarchical.NodeTestTask.lambda$executeRecursively$6(NodeTestTask.java:155) ~[junit-platform-engine-1.8.2.jar:1.8.2]
	at org.junit.platform.engine.support.hierarchical.ThrowableCollector.execute(ThrowableCollector.java:73) ~[junit-platform-engine-1.8.2.jar:1.8.2]
	at org.junit.platform.engine.support.hierarchical.NodeTestTask.lambda$executeRecursively$8(NodeTestTask.java:141) ~[junit-platform-engine-1.8.2.jar:1.8.2]
	at org.junit.platform.engine.support.hierarchical.Node.around(Node.java:137) ~[junit-platform-engine-1.8.2.jar:1.8.2]
	at org.junit.platform.engine.support.hierarchical.NodeTestTask.lambda$executeRecursively$9(NodeTestTask.java:139) ~[junit-platform-engine-1.8.2.jar:1.8.2]
	at org.junit.platform.engine.support.hierarchical.ThrowableCollector.execute(ThrowableCollector.java:73) ~[junit-platform-engine-1.8.2.jar:1.8.2]
	at org.junit.platform.engine.support.hierarchical.NodeTestTask.executeRecursively(NodeTestTask.java:138) ~[junit-platform-engine-1.8.2.jar:1.8.2]
	at org.junit.platform.engine.support.hierarchical.NodeTestTask.execute(NodeTestTask.java:95) ~[junit-platform-engine-1.8.2.jar:1.8.2]
	at org.junit.platform.engine.support.hierarchical.SameThreadHierarchicalTestExecutorService.submit(SameThreadHierarchicalTestExecutorService.java:35) ~[junit-platform-engine-1.8.2.jar:1.8.2]
	at org.junit.platform.engine.support.hierarchical.HierarchicalTestExecutor.execute(HierarchicalTestExecutor.java:57) ~[junit-platform-engine-1.8.2.jar:1.8.2]
	at org.junit.platform.engine.support.hierarchical.HierarchicalTestEngine.execute(HierarchicalTestEngine.java:54) ~[junit-platform-engine-1.8.2.jar:1.8.2]
	at org.junit.platform.launcher.core.EngineExecutionOrchestrator.execute(EngineExecutionOrchestrator.java:107) ~[junit-platform-launcher-1.8.2.jar:1.8.2]
	at org.junit.platform.launcher.core.EngineExecutionOrchestrator.execute(EngineExecutionOrchestrator.java:88) ~[junit-platform-launcher-1.8.2.jar:1.8.2]
	at org.junit.platform.launcher.core.EngineExecutionOrchestrator.lambda$execute$0(EngineExecutionOrchestrator.java:54) ~[junit-platform-launcher-1.8.2.jar:1.8.2]
	at org.junit.platform.launcher.core.EngineExecutionOrchestrator.withInterceptedStreams(EngineExecutionOrchestrator.java:67) ~[junit-platform-launcher-1.8.2.jar:1.8.2]
	at org.junit.platform.launcher.core.EngineExecutionOrchestrator.execute(EngineExecutionOrchestrator.java:52) ~[junit-platform-launcher-1.8.2.jar:1.8.2]
	at org.junit.platform.launcher.core.DefaultLauncher.execute(DefaultLauncher.java:114) ~[junit-platform-launcher-1.8.2.jar:1.8.2]
	at org.junit.platform.launcher.core.DefaultLauncher.execute(DefaultLauncher.java:86) ~[junit-platform-launcher-1.8.2.jar:1.8.2]
	at org.junit.platform.launcher.core.DefaultLauncherSession$DelegatingLauncher.execute(DefaultLauncherSession.java:86) ~[junit-platform-launcher-1.8.2.jar:1.8.2]
	at org.junit.platform.launcher.core.SessionPerRequestLauncher.execute(SessionPerRequestLauncher.java:53) ~[junit-platform-launcher-1.8.2.jar:1.8.2]
	at com.intellij.junit5.JUnit5IdeaTestRunner.startRunnerWithArgs(JUnit5IdeaTestRunner.java:71) ~[junit5-rt.jar:na]
	at com.intellij.rt.junit.IdeaTestRunner$Repeater$1.execute(IdeaTestRunner.java:38) ~[junit-rt.jar:na]
	at com.intellij.rt.execution.junit.TestsRepeater.repeat(TestsRepeater.java:11) ~[idea_rt.jar:na]
	at com.intellij.rt.junit.IdeaTestRunner$Repeater.startRunnerWithArgs(IdeaTestRunner.java:35) ~[junit-rt.jar:na]
	at com.intellij.rt.junit.JUnitStarter.prepareStreamsAndStart(JUnitStarter.java:235) ~[junit-rt.jar:na]
	at com.intellij.rt.junit.JUnitStarter.main(JUnitStarter.java:54) ~[junit-rt.jar:na]
Caused by: org.springframework.beans.factory.BeanCreationException: Error creating bean with name 'globalTransactionScanner' defined in class path resource [io/seata/spring/boot/autoconfigure/SeataAutoConfiguration.class]: Bean instantiation via factory method failed; nested exception is org.springframework.beans.BeanInstantiationException: Failed to instantiate [io.seata.spring.annotation.GlobalTransactionScanner]: Factory method 'globalTransactionScanner' threw exception; nested exception is java.lang.ExceptionInInitializerError
	at org.springframework.beans.factory.support.ConstructorResolver.instantiate(ConstructorResolver.java:658) ~[spring-beans-5.3.27.jar:5.3.27]
	at org.springframework.beans.factory.support.ConstructorResolver.instantiateUsingFactoryMethod(ConstructorResolver.java:638) ~[spring-beans-5.3.27.jar:5.3.27]
	at org.springframework.beans.factory.support.AbstractAutowireCapableBeanFactory.instantiateUsingFactoryMethod(AbstractAutowireCapableBeanFactory.java:1352) ~[spring-beans-5.3.27.jar:5.3.27]
	at org.springframework.beans.factory.support.AbstractAutowireCapableBeanFactory.createBeanInstance(AbstractAutowireCapableBeanFactory.java:1195) ~[spring-beans-5.3.27.jar:5.3.27]
	at org.springframework.beans.factory.support.AbstractAutowireCapableBeanFactory.doCreateBean(AbstractAutowireCapableBeanFactory.java:582) ~[spring-beans-5.3.27.jar:5.3.27]
	at org.springframework.beans.factory.support.AbstractAutowireCapableBeanFactory.createBean(AbstractAutowireCapableBeanFactory.java:542) ~[spring-beans-5.3.27.jar:5.3.27]
	at org.springframework.beans.factory.support.AbstractBeanFactory.lambda$doGetBean$0(AbstractBeanFactory.java:335) ~[spring-beans-5.3.27.jar:5.3.27]
	at org.springframework.beans.factory.support.DefaultSingletonBeanRegistry.getSingleton(DefaultSingletonBeanRegistry.java:234) ~[spring-beans-5.3.27.jar:5.3.27]
	at org.springframework.beans.factory.support.AbstractBeanFactory.doGetBean(AbstractBeanFactory.java:333) ~[spring-beans-5.3.27.jar:5.3.27]
	at org.springframework.beans.factory.support.AbstractBeanFactory.getBean(AbstractBeanFactory.java:213) ~[spring-beans-5.3.27.jar:5.3.27]
	at org.springframework.context.support.PostProcessorRegistrationDelegate.registerBeanPostProcessors(PostProcessorRegistrationDelegate.java:258) ~[spring-context-5.3.27.jar:5.3.27]
	at org.springframework.context.support.AbstractApplicationContext.registerBeanPostProcessors(AbstractApplicationContext.java:764) ~[spring-context-5.3.27.jar:5.3.27]
	at org.springframework.context.support.AbstractApplicationContext.refresh(AbstractApplicationContext.java:567) ~[spring-context-5.3.27.jar:5.3.27]
	at org.springframework.boot.SpringApplication.refresh(SpringApplication.java:731) ~[spring-boot-2.7.12.jar:2.7.12]
	at org.springframework.boot.SpringApplication.refreshContext(SpringApplication.java:408) ~[spring-boot-2.7.12.jar:2.7.12]
	at org.springframework.boot.SpringApplication.run(SpringApplication.java:307) ~[spring-boot-2.7.12.jar:2.7.12]
	at org.springframework.boot.test.context.SpringBootContextLoader.loadContext(SpringBootContextLoader.java:136) ~[spring-boot-test-2.7.12.jar:2.7.12]
	at org.springframework.test.context.cache.DefaultCacheAwareContextLoaderDelegate.loadContextInternal(DefaultCacheAwareContextLoaderDelegate.java:141) ~[spring-test-5.3.27.jar:5.3.27]
	at org.springframework.test.context.cache.DefaultCacheAwareContextLoaderDelegate.loadContext(DefaultCacheAwareContextLoaderDelegate.java:90) ~[spring-test-5.3.27.jar:5.3.27]
	... 71 common frames omitted
Caused by: org.springframework.beans.BeanInstantiationException: Failed to instantiate [io.seata.spring.annotation.GlobalTransactionScanner]: Factory method 'globalTransactionScanner' threw exception; nested exception is java.lang.ExceptionInInitializerError
	at org.springframework.beans.factory.support.SimpleInstantiationStrategy.instantiate(SimpleInstantiationStrategy.java:185) ~[spring-beans-5.3.27.jar:5.3.27]
	at org.springframework.beans.factory.support.ConstructorResolver.instantiate(ConstructorResolver.java:653) ~[spring-beans-5.3.27.jar:5.3.27]
	... 89 common frames omitted
Caused by: java.lang.ExceptionInInitializerError: null
	at net.sf.cglib.core.KeyFactory$Generator.generateClass(KeyFactory.java:166) ~[cglib-3.1.jar:na]
	at net.sf.cglib.core.DefaultGeneratorStrategy.generate(DefaultGeneratorStrategy.java:25) ~[cglib-3.1.jar:na]
	at net.sf.cglib.core.AbstractClassGenerator.create(AbstractClassGenerator.java:216) ~[cglib-3.1.jar:na]
	at net.sf.cglib.core.KeyFactory$Generator.create(KeyFactory.java:144) ~[cglib-3.1.jar:na]
	at net.sf.cglib.core.KeyFactory.create(KeyFactory.java:116) ~[cglib-3.1.jar:na]
	at net.sf.cglib.core.KeyFactory.create(KeyFactory.java:108) ~[cglib-3.1.jar:na]
	at net.sf.cglib.core.KeyFactory.create(KeyFactory.java:104) ~[cglib-3.1.jar:na]
	at net.sf.cglib.proxy.Enhancer.<clinit>(Enhancer.java:69) ~[cglib-3.1.jar:na]
	at io.seata.config.ConfigurationCache.proxy(ConfigurationCache.java:104) ~[seata-all-1.5.2.jar:1.5.2]
	at io.seata.config.ConfigurationFactory.buildConfiguration(ConfigurationFactory.java:136) ~[seata-all-1.5.2.jar:1.5.2]
	at io.seata.config.ConfigurationFactory.getInstance(ConfigurationFactory.java:94) ~[seata-all-1.5.2.jar:1.5.2]
	at io.seata.spring.annotation.GlobalTransactionScanner.<init>(GlobalTransactionScanner.java:105) ~[seata-all-1.5.2.jar:1.5.2]
	at io.seata.spring.annotation.GlobalTransactionScanner.<init>(GlobalTransactionScanner.java:162) ~[seata-all-1.5.2.jar:1.5.2]
	at io.seata.spring.boot.autoconfigure.SeataAutoConfiguration.globalTransactionScanner(SeataAutoConfiguration.java:83) ~[seata-spring-boot-starter-1.5.2.jar:1.5.2]
	at java.base/jdk.internal.reflect.NativeMethodAccessorImpl.invoke0(Native Method) ~[na:na]
	at java.base/jdk.internal.reflect.NativeMethodAccessorImpl.invoke(NativeMethodAccessorImpl.java:77) ~[na:na]
	at java.base/jdk.internal.reflect.DelegatingMethodAccessorImpl.invoke(DelegatingMethodAccessorImpl.java:43) ~[na:na]
	at java.base/java.lang.reflect.Method.invoke(Method.java:568) ~[na:na]
	at org.springframework.beans.factory.support.SimpleInstantiationStrategy.instantiate(SimpleInstantiationStrategy.java:154) ~[spring-beans-5.3.27.jar:5.3.27]
	... 90 common frames omitted
Caused by: java.lang.reflect.InaccessibleObjectException: Unable to make protected final java.lang.Class java.lang.ClassLoader.defineClass(java.lang.String,byte[],int,int,java.security.ProtectionDomain) throws java.lang.ClassFormatError accessible: module java.base does not "opens java.lang" to unnamed module @335eadca
	at java.base/java.lang.reflect.AccessibleObject.checkCanSetAccessible(AccessibleObject.java:354) ~[na:na]
	at java.base/java.lang.reflect.AccessibleObject.checkCanSetAccessible(AccessibleObject.java:297) ~[na:na]
	at java.base/java.lang.reflect.Method.checkCanSetAccessible(Method.java:199) ~[na:na]
	at java.base/java.lang.reflect.Method.setAccessible(Method.java:193) ~[na:na]
	at net.sf.cglib.core.ReflectUtils$2.run(ReflectUtils.java:56) ~[cglib-3.1.jar:na]
	at java.base/java.security.AccessController.doPrivileged(AccessController.java:318) ~[na:na]
	at net.sf.cglib.core.ReflectUtils.<clinit>(ReflectUtils.java:46) ~[cglib-3.1.jar:na]
	... 109 common frames omitted

09:50:00:156  WARN 21116 --- [Thread-5] c.a.nacos.common.notify.NotifyCenter     : [NotifyCenter] Start destroying Publisher
09:50:00:156  WARN 21116 --- [Thread-5] c.a.nacos.common.notify.NotifyCenter     : [NotifyCenter] Destruction of the end
09:50:00:156  WARN 21116 --- [Thread-1] c.a.n.common.http.HttpClientBeanHolder   : [HttpClientBeanHolder] Start destroying common HttpClient
09:50:00:157  WARN 21116 --- [Thread-1] c.a.n.common.http.HttpClientBeanHolder   : [HttpClientBeanHolder] Destruction of the end
09:50:19:325  INFO 17692 --- [main] com.hmall.item.es.DocumentTest           : The following 1 profile is active: "local"
09:50:20:447  INFO 17692 --- [main] o.s.cloud.context.scope.GenericScope     : BeanFactory id=8d9e96af-b0f8-3749-bdb6-ec2e116d20ed
09:50:20:575  INFO 17692 --- [main] trationDelegate$BeanPostProcessorChecker : Bean 'io.seata.spring.boot.autoconfigure.SeataCoreAutoConfiguration' of type [io.seata.spring.boot.autoconfigure.SeataCoreAutoConfiguration] is not eligible for getting processed by all BeanPostProcessors (for example: not eligible for auto-proxying)
09:50:20:578  INFO 17692 --- [main] trationDelegate$BeanPostProcessorChecker : Bean 'springApplicationContextProvider' of type [io.seata.spring.boot.autoconfigure.provider.SpringApplicationContextProvider] is not eligible for getting processed by all BeanPostProcessors (for example: not eligible for auto-proxying)
09:50:20:580  INFO 17692 --- [main] trationDelegate$BeanPostProcessorChecker : Bean 'io.seata.spring.boot.autoconfigure.SeataAutoConfiguration' of type [io.seata.spring.boot.autoconfigure.SeataAutoConfiguration] is not eligible for getting processed by all BeanPostProcessors (for example: not eligible for auto-proxying)
09:50:20:642  INFO 17692 --- [main] trationDelegate$BeanPostProcessorChecker : Bean 'failureHandler' of type [io.seata.tm.api.DefaultFailureHandlerImpl] is not eligible for getting processed by all BeanPostProcessors (for example: not eligible for auto-proxying)
09:50:20:671  INFO 17692 --- [main] trationDelegate$BeanPostProcessorChecker : Bean 'org.springframework.cloud.commons.config.CommonsConfigAutoConfiguration' of type [org.springframework.cloud.commons.config.CommonsConfigAutoConfiguration] is not eligible for getting processed by all BeanPostProcessors (for example: not eligible for auto-proxying)
09:50:20:676  INFO 17692 --- [main] trationDelegate$BeanPostProcessorChecker : Bean 'org.springframework.cloud.client.loadbalancer.LoadBalancerDefaultMappingsProviderAutoConfiguration' of type [org.springframework.cloud.client.loadbalancer.LoadBalancerDefaultMappingsProviderAutoConfiguration] is not eligible for getting processed by all BeanPostProcessors (for example: not eligible for auto-proxying)
09:50:20:679  INFO 17692 --- [main] trationDelegate$BeanPostProcessorChecker : Bean 'loadBalancerClientsDefaultsMappingsProvider' of type [org.springframework.cloud.client.loadbalancer.LoadBalancerDefaultMappingsProviderAutoConfiguration$$Lambda$829/0x0000000800793040] is not eligible for getting processed by all BeanPostProcessors (for example: not eligible for auto-proxying)
09:50:20:682  INFO 17692 --- [main] trationDelegate$BeanPostProcessorChecker : Bean 'defaultsBindHandlerAdvisor' of type [org.springframework.cloud.commons.config.DefaultsBindHandlerAdvisor] is not eligible for getting processed by all BeanPostProcessors (for example: not eligible for auto-proxying)
09:50:20:688  INFO 17692 --- [main] trationDelegate$BeanPostProcessorChecker : Bean 'springCloudAlibabaConfiguration' of type [io.seata.spring.boot.autoconfigure.properties.SpringCloudAlibabaConfiguration] is not eligible for getting processed by all BeanPostProcessors (for example: not eligible for auto-proxying)
09:50:20:692  INFO 17692 --- [main] trationDelegate$BeanPostProcessorChecker : Bean 'seataProperties' of type [io.seata.spring.boot.autoconfigure.properties.SeataProperties] is not eligible for getting processed by all BeanPostProcessors (for example: not eligible for auto-proxying)
09:50:20:698  INFO 17692 --- [main] i.s.s.b.a.SeataAutoConfiguration         : Automatically configure Seata
09:50:20:809  INFO 17692 --- [main] io.seata.config.ConfigurationFactory     : load Configuration from :Spring Configuration
09:50:20:816  INFO 17692 --- [main] io.seata.config.ConfigurationFactory     : load Configuration from :Spring Configuration
09:50:20:916  INFO 17692 --- [main] i.s.s.a.GlobalTransactionScanner         : Initializing Global Transaction Clients ... 
09:50:21:001  INFO 17692 --- [main] i.s.core.rpc.netty.NettyClientBootstrap  : NettyClientBootstrap has started
09:50:21:029  INFO 17692 --- [main] com.alibaba.nacos.common.remote.client   : [RpcClientFactory] create a new rpc client of 0ebcaf2a-b436-4c95-b2fd-4803b3087b05
09:50:21:030  INFO 17692 --- [main] com.alibaba.nacos.common.remote.client   : [0ebcaf2a-b436-4c95-b2fd-4803b3087b05] RpcClient init label, labels = {module=naming, source=sdk}
09:50:21:031  INFO 17692 --- [main] com.alibaba.nacos.common.remote.client   : [0ebcaf2a-b436-4c95-b2fd-4803b3087b05] RpcClient init, ServerListFactory = com.alibaba.nacos.client.naming.core.ServerListManager
09:50:21:032  INFO 17692 --- [main] com.alibaba.nacos.common.remote.client   : [0ebcaf2a-b436-4c95-b2fd-4803b3087b05] Registry connection listener to current client:com.alibaba.nacos.client.naming.remote.gprc.redo.NamingGrpcRedoService
09:50:21:032  INFO 17692 --- [main] com.alibaba.nacos.common.remote.client   : [0ebcaf2a-b436-4c95-b2fd-4803b3087b05] Register server push request handler:com.alibaba.nacos.client.naming.remote.gprc.NamingPushRequestHandler
09:50:21:033  INFO 17692 --- [main] com.alibaba.nacos.common.remote.client   : [0ebcaf2a-b436-4c95-b2fd-4803b3087b05] Try to connect to server on start up, server: {serverIp = '192.168.137.128', server main port = 8848}
09:50:21:164  INFO 17692 --- [main] com.alibaba.nacos.common.remote.client   : [0ebcaf2a-b436-4c95-b2fd-4803b3087b05] Success to connect to server [192.168.137.128:8848] on start up, connectionId = 1712454621033_192.168.137.1_59298
09:50:21:165  INFO 17692 --- [main] com.alibaba.nacos.common.remote.client   : [0ebcaf2a-b436-4c95-b2fd-4803b3087b05] Register server push request handler:com.alibaba.nacos.common.remote.client.RpcClient$ConnectResetRequestHandler
09:50:21:165  INFO 17692 --- [com.alibaba.nacos.client.remote.worker] com.alibaba.nacos.common.remote.client   : [0ebcaf2a-b436-4c95-b2fd-4803b3087b05] Notify connected event to listeners.
09:50:21:165  INFO 17692 --- [main] com.alibaba.nacos.common.remote.client   : [0ebcaf2a-b436-4c95-b2fd-4803b3087b05] Register server push request handler:com.alibaba.nacos.common.remote.client.RpcClient$$Lambda$741/0x00000008004cbc40
09:50:21:208  INFO 17692 --- [main] i.s.c.r.netty.NettyClientChannelManager  : will connect to 192.168.137.128:8099
09:50:21:697  INFO 17692 --- [nacos-grpc-client-executor-5] com.alibaba.nacos.common.remote.client   : [0ebcaf2a-b436-4c95-b2fd-4803b3087b05] Receive server push request, request = NotifySubscriberRequest, requestId = 63
09:50:21:705  INFO 17692 --- [nacos-grpc-client-executor-5] com.alibaba.nacos.common.remote.client   : [0ebcaf2a-b436-4c95-b2fd-4803b3087b05] Ack server push request, request = NotifySubscriberRequest, requestId = 63
09:50:21:910  INFO 17692 --- [main] i.s.core.rpc.netty.NettyPoolableFactory  : NettyPool create channel to transactionRole:TMROLE,address:192.168.137.128:8099,msg:< RegisterTMRequest{applicationId='item-service', transactionServiceGroup='hmall'} >
09:50:22:715  WARN 17692 --- [NettyClientSelector_TMROLE_1_1] ServiceLoader$InnerEnhancedServiceLoader : Load [io.seata.serializer.hessian.HessianSerializer] class fail. com/caucho/hessian/io/AbstractHessianOutput
09:50:22:739  INFO 17692 --- [main] i.s.c.rpc.netty.TmNettyRemotingClient    : register TM success. client version:1.5.2, server version:1.5.2,channel:[id: 0xc70d2b93, L:/192.168.137.1:59303 - R:/192.168.137.128:8099]
09:50:22:743  INFO 17692 --- [main] i.s.core.rpc.netty.NettyPoolableFactory  : register success, cost 54 ms, version:1.5.2,role:TMROLE,channel:[id: 0xc70d2b93, L:/192.168.137.1:59303 - R:/192.168.137.128:8099]
09:50:22:744  INFO 17692 --- [main] i.s.s.a.GlobalTransactionScanner         : Transaction Manager Client is initialized. applicationId[item-service] txServiceGroup[hmall]
09:50:22:755  INFO 17692 --- [main] io.seata.rm.datasource.AsyncWorker       : Async Commit Buffer Limit: 10000
09:50:22:756  INFO 17692 --- [main] i.s.rm.datasource.xa.ResourceManagerXA   : ResourceManagerXA init ...
09:50:22:762  INFO 17692 --- [main] i.s.core.rpc.netty.NettyClientBootstrap  : NettyClientBootstrap has started
09:50:22:762  INFO 17692 --- [main] i.s.s.a.GlobalTransactionScanner         : Resource Manager is initialized. applicationId[item-service] txServiceGroup[hmall]
09:50:22:763  INFO 17692 --- [main] i.s.s.a.GlobalTransactionScanner         : Global Transaction Clients are initialized. 
09:50:22:765  INFO 17692 --- [main] trationDelegate$BeanPostProcessorChecker : Bean 'io.seata.spring.boot.autoconfigure.SeataDataSourceAutoConfiguration' of type [io.seata.spring.boot.autoconfigure.SeataDataSourceAutoConfiguration] is not eligible for getting processed by all BeanPostProcessors (for example: not eligible for auto-proxying)
09:50:23:185  INFO 17692 --- [main] trationDelegate$BeanPostProcessorChecker : Bean 'com.alibaba.cloud.seata.feign.SeataFeignClientAutoConfiguration$FeignBeanPostProcessorConfiguration' of type [com.alibaba.cloud.seata.feign.SeataFeignClientAutoConfiguration$FeignBeanPostProcessorConfiguration] is not eligible for getting processed by all BeanPostProcessors (for example: not eligible for auto-proxying)
09:50:23:188  INFO 17692 --- [main] trationDelegate$BeanPostProcessorChecker : Bean 'seataFeignObjectWrapper' of type [com.alibaba.cloud.seata.feign.SeataFeignObjectWrapper] is not eligible for getting processed by all BeanPostProcessors (for example: not eligible for auto-proxying)
09:50:23:748  INFO 17692 --- [main] com.zaxxer.hikari.HikariDataSource       : HikariPool-1 - Starting...
09:50:24:063  INFO 17692 --- [main] com.zaxxer.hikari.HikariDataSource       : HikariPool-1 - Start completed.
09:50:24:203  INFO 17692 --- [main] i.s.c.r.netty.NettyClientChannelManager  : will connect to 192.168.137.128:8099
09:50:24:203  INFO 17692 --- [main] i.s.c.rpc.netty.RmNettyRemotingClient    : RM will register :jdbc:mysql://192.168.137.128:3306/hm-item
09:50:24:204  INFO 17692 --- [main] i.s.core.rpc.netty.NettyPoolableFactory  : NettyPool create channel to transactionRole:RMROLE,address:192.168.137.128:8099,msg:< RegisterRMRequest{resourceIds='jdbc:mysql://192.168.137.128:3306/hm-item', applicationId='item-service', transactionServiceGroup='hmall'} >
09:50:24:212  INFO 17692 --- [main] i.s.c.rpc.netty.RmNettyRemotingClient    : register RM success. client version:1.5.2, server version:1.5.2,channel:[id: 0x211159fe, L:/192.168.137.1:59319 - R:/192.168.137.128:8099]
09:50:24:212  INFO 17692 --- [main] i.s.core.rpc.netty.NettyPoolableFactory  : register success, cost 6 ms, version:1.5.2,role:RMROLE,channel:[id: 0x211159fe, L:/192.168.137.1:59319 - R:/192.168.137.128:8099]
09:50:27:128  INFO 17692 --- [main] c.a.c.sentinel.SentinelWebMvcConfigurer  : [Sentinel Starter] register SentinelWebInterceptor with urlPatterns: [/**].
09:50:29:163  INFO 17692 --- [main] pertySourcedRequestMappingHandlerMapping : Mapped URL path [/v2/api-docs] onto method [springfox.documentation.swagger2.web.Swagger2ControllerWebMvc#getDocumentation(String, HttpServletRequest)]
09:50:30:955  INFO 17692 --- [main] com.alibaba.nacos.common.remote.client   : [RpcClientFactory] create a new rpc client of 59102bc0-51d2-46ff-9cd3-26a2128a198e
09:50:30:956  INFO 17692 --- [main] com.alibaba.nacos.common.remote.client   : [59102bc0-51d2-46ff-9cd3-26a2128a198e] RpcClient init label, labels = {module=naming, source=sdk}
09:50:30:956  INFO 17692 --- [main] com.alibaba.nacos.common.remote.client   : [59102bc0-51d2-46ff-9cd3-26a2128a198e] RpcClient init, ServerListFactory = com.alibaba.nacos.client.naming.core.ServerListManager
09:50:30:956  INFO 17692 --- [main] com.alibaba.nacos.common.remote.client   : [59102bc0-51d2-46ff-9cd3-26a2128a198e] Registry connection listener to current client:com.alibaba.nacos.client.naming.remote.gprc.redo.NamingGrpcRedoService
09:50:30:956  INFO 17692 --- [main] com.alibaba.nacos.common.remote.client   : [59102bc0-51d2-46ff-9cd3-26a2128a198e] Register server push request handler:com.alibaba.nacos.client.naming.remote.gprc.NamingPushRequestHandler
09:50:30:957  INFO 17692 --- [main] com.alibaba.nacos.common.remote.client   : [59102bc0-51d2-46ff-9cd3-26a2128a198e] Try to connect to server on start up, server: {serverIp = '192.168.137.128', server main port = 8848}
09:50:31:083  INFO 17692 --- [main] com.alibaba.nacos.common.remote.client   : [59102bc0-51d2-46ff-9cd3-26a2128a198e] Success to connect to server [192.168.137.128:8848] on start up, connectionId = 1712454630958_192.168.137.1_59345
09:50:31:083  INFO 17692 --- [main] com.alibaba.nacos.common.remote.client   : [59102bc0-51d2-46ff-9cd3-26a2128a198e] Register server push request handler:com.alibaba.nacos.common.remote.client.RpcClient$ConnectResetRequestHandler
09:50:31:083  INFO 17692 --- [com.alibaba.nacos.client.remote.worker] com.alibaba.nacos.common.remote.client   : [59102bc0-51d2-46ff-9cd3-26a2128a198e] Notify connected event to listeners.
09:50:31:083  INFO 17692 --- [main] com.alibaba.nacos.common.remote.client   : [59102bc0-51d2-46ff-9cd3-26a2128a198e] Register server push request handler:com.alibaba.nacos.common.remote.client.RpcClient$$Lambda$741/0x00000008004cbc40
09:50:31:096  INFO 17692 --- [main] d.s.w.p.DocumentationPluginsBootstrapper : Documentation plugins bootstrapped
09:50:31:099  INFO 17692 --- [main] d.s.w.p.DocumentationPluginsBootstrapper : Found 1 custom documentation plugin(s)
09:50:31:137  INFO 17692 --- [main] s.d.s.w.s.ApiListingReferenceScanner     : Scanning for api listing references
09:50:31:274  INFO 17692 --- [main] com.hmall.item.es.DocumentTest           : Started DocumentTest in 18.77 seconds (JVM running for 20.951)
09:50:31:282  INFO 17692 --- [main] c.a.c.n.refresh.NacosContextRefresher    : [Nacos Config] Listening config: dataId=item-service.yaml, group=DEFAULT_GROUP
09:50:31:284  INFO 17692 --- [main] c.a.c.n.refresh.NacosContextRefresher    : [Nacos Config] Listening config: dataId=item-service-local.yaml, group=DEFAULT_GROUP
09:50:31:284  INFO 17692 --- [main] c.a.c.n.refresh.NacosContextRefresher    : [Nacos Config] Listening config: dataId=item-service, group=DEFAULT_GROUP
09:50:31:613  INFO 17692 --- [nacos-grpc-client-executor-5] com.alibaba.nacos.common.remote.client   : [59102bc0-51d2-46ff-9cd3-26a2128a198e] Receive server push request, request = NotifySubscriberRequest, requestId = 64
09:50:31:622  INFO 17692 --- [nacos-grpc-client-executor-5] com.alibaba.nacos.common.remote.client   : [59102bc0-51d2-46ff-9cd3-26a2128a198e] Ack server push request, request = NotifySubscriberRequest, requestId = 64
09:50:32:014  WARN 17692 --- [Thread-1] c.a.n.common.http.HttpClientBeanHolder   : [HttpClientBeanHolder] Start destroying common HttpClient
09:50:32:014  WARN 17692 --- [Thread-5] c.a.nacos.common.notify.NotifyCenter     : [NotifyCenter] Start destroying Publisher
09:50:32:015  WARN 17692 --- [Thread-5] c.a.nacos.common.notify.NotifyCenter     : [NotifyCenter] Destruction of the end
09:50:32:015  WARN 17692 --- [Thread-1] c.a.n.common.http.HttpClientBeanHolder   : [HttpClientBeanHolder] Destruction of the end
09:50:32:362  INFO 17692 --- [SpringContextShutdownHook] com.alibaba.nacos.common.remote.client   : Shutdown rpc client, set status to shutdown
09:50:32:362  INFO 17692 --- [SpringContextShutdownHook] com.alibaba.nacos.common.remote.client   : Shutdown client event executor java.util.concurrent.ScheduledThreadPoolExecutor@67f72ddb[Running, pool size = 2, active threads = 2, queued tasks = 0, completed tasks = 0]
09:50:32:363  INFO 17692 --- [SpringContextShutdownHook] com.alibaba.nacos.common.remote.client   : Close current connection 1712454630958_192.168.137.1_59345
09:50:32:364  INFO 17692 --- [nacos-grpc-client-executor-7] c.a.n.c.remote.client.grpc.GrpcClient    : [1712454630958_192.168.137.1_59345]Ignore complete event,isRunning:false,isAbandon=false
09:50:32:367  INFO 17692 --- [SpringContextShutdownHook] c.a.n.c.remote.client.grpc.GrpcClient    : Shutdown grpc executor java.util.concurrent.ThreadPoolExecutor@218005ff[Running, pool size = 8, active threads = 0, queued tasks = 0, completed tasks = 8]
09:50:32:371  INFO 17692 --- [SpringContextShutdownHook] com.zaxxer.hikari.HikariDataSource       : HikariPool-1 - Shutdown initiated...
09:50:32:386  INFO 17692 --- [SpringContextShutdownHook] com.zaxxer.hikari.HikariDataSource       : HikariPool-1 - Shutdown completed.
09:50:32:389  INFO 17692 --- [NettyClientSelector_TMROLE_1_1] i.s.c.r.n.AbstractNettyRemotingClient    : channel inactive: [id: 0xc70d2b93, L:/192.168.137.1:59303 ! R:/192.168.137.128:8099]
09:50:32:389  INFO 17692 --- [NettyClientSelector_TMROLE_1_1] i.s.c.r.netty.NettyClientChannelManager  : return to pool, rm channel:[id: 0xc70d2b93, L:/192.168.137.1:59303 ! R:/192.168.137.128:8099]
09:50:32:389  INFO 17692 --- [NettyClientSelector_RMROLE_1_1] i.s.c.r.n.AbstractNettyRemotingClient    : channel inactive: [id: 0x211159fe, L:/192.168.137.1:59319 ! R:/192.168.137.128:8099]
09:50:32:389  INFO 17692 --- [NettyClientSelector_TMROLE_1_1] i.s.core.rpc.netty.NettyPoolableFactory  : channel valid false,channel:[id: 0xc70d2b93, L:/192.168.137.1:59303 ! R:/192.168.137.128:8099]
09:50:32:389  INFO 17692 --- [NettyClientSelector_RMROLE_1_1] i.s.c.r.netty.NettyClientChannelManager  : return to pool, rm channel:[id: 0x211159fe, L:/192.168.137.1:59319 ! R:/192.168.137.128:8099]
09:50:32:390  INFO 17692 --- [NettyClientSelector_TMROLE_1_1] i.s.core.rpc.netty.NettyPoolableFactory  : will destroy channel:[id: 0xc70d2b93, L:/192.168.137.1:59303 ! R:/192.168.137.128:8099]
09:50:32:390  INFO 17692 --- [NettyClientSelector_RMROLE_1_1] i.s.core.rpc.netty.NettyPoolableFactory  : channel valid false,channel:[id: 0x211159fe, L:/192.168.137.1:59319 ! R:/192.168.137.128:8099]
09:50:32:391  INFO 17692 --- [NettyClientSelector_RMROLE_1_1] i.s.core.rpc.netty.NettyPoolableFactory  : will destroy channel:[id: 0x211159fe, L:/192.168.137.1:59319 ! R:/192.168.137.128:8099]
09:50:32:391  INFO 17692 --- [NettyClientSelector_TMROLE_1_1] i.s.c.r.n.AbstractNettyRemotingClient    : ChannelHandlerContext(AbstractNettyRemotingClient$ClientHandler#0, [id: 0xc70d2b93, L:/192.168.137.1:59303 ! R:/192.168.137.128:8099]) will closed
09:50:32:391  INFO 17692 --- [NettyClientSelector_RMROLE_1_1] i.s.c.r.n.AbstractNettyRemotingClient    : ChannelHandlerContext(AbstractNettyRemotingClient$ClientHandler#0, [id: 0x211159fe, L:/192.168.137.1:59319 ! R:/192.168.137.128:8099]) will closed
09:50:32:391  INFO 17692 --- [NettyClientSelector_RMROLE_1_1] i.s.c.r.n.AbstractNettyRemotingClient    : ChannelHandlerContext(AbstractNettyRemotingClient$ClientHandler#0, [id: 0x211159fe, L:/192.168.137.1:59319 ! R:/192.168.137.128:8099]) will closed
09:50:32:391  INFO 17692 --- [NettyClientSelector_TMROLE_1_1] i.s.c.r.n.AbstractNettyRemotingClient    : ChannelHandlerContext(AbstractNettyRemotingClient$ClientHandler#0, [id: 0xc70d2b93, L:/192.168.137.1:59303 ! R:/192.168.137.128:8099]) will closed
09:51:14:098  INFO 21888 --- [main] com.hmall.item.es.DocumentTest           : The following 1 profile is active: "local"
09:51:15:218  INFO 21888 --- [main] o.s.cloud.context.scope.GenericScope     : BeanFactory id=8d9e96af-b0f8-3749-bdb6-ec2e116d20ed
09:51:15:348  INFO 21888 --- [main] trationDelegate$BeanPostProcessorChecker : Bean 'io.seata.spring.boot.autoconfigure.SeataCoreAutoConfiguration' of type [io.seata.spring.boot.autoconfigure.SeataCoreAutoConfiguration] is not eligible for getting processed by all BeanPostProcessors (for example: not eligible for auto-proxying)
09:51:15:351  INFO 21888 --- [main] trationDelegate$BeanPostProcessorChecker : Bean 'springApplicationContextProvider' of type [io.seata.spring.boot.autoconfigure.provider.SpringApplicationContextProvider] is not eligible for getting processed by all BeanPostProcessors (for example: not eligible for auto-proxying)
09:51:15:353  INFO 21888 --- [main] trationDelegate$BeanPostProcessorChecker : Bean 'io.seata.spring.boot.autoconfigure.SeataAutoConfiguration' of type [io.seata.spring.boot.autoconfigure.SeataAutoConfiguration] is not eligible for getting processed by all BeanPostProcessors (for example: not eligible for auto-proxying)
09:51:15:403  INFO 21888 --- [main] trationDelegate$BeanPostProcessorChecker : Bean 'failureHandler' of type [io.seata.tm.api.DefaultFailureHandlerImpl] is not eligible for getting processed by all BeanPostProcessors (for example: not eligible for auto-proxying)
09:51:15:424  INFO 21888 --- [main] trationDelegate$BeanPostProcessorChecker : Bean 'org.springframework.cloud.commons.config.CommonsConfigAutoConfiguration' of type [org.springframework.cloud.commons.config.CommonsConfigAutoConfiguration] is not eligible for getting processed by all BeanPostProcessors (for example: not eligible for auto-proxying)
09:51:15:427  INFO 21888 --- [main] trationDelegate$BeanPostProcessorChecker : Bean 'org.springframework.cloud.client.loadbalancer.LoadBalancerDefaultMappingsProviderAutoConfiguration' of type [org.springframework.cloud.client.loadbalancer.LoadBalancerDefaultMappingsProviderAutoConfiguration] is not eligible for getting processed by all BeanPostProcessors (for example: not eligible for auto-proxying)
09:51:15:430  INFO 21888 --- [main] trationDelegate$BeanPostProcessorChecker : Bean 'loadBalancerClientsDefaultsMappingsProvider' of type [org.springframework.cloud.client.loadbalancer.LoadBalancerDefaultMappingsProviderAutoConfiguration$$Lambda$829/0x0000000800793040] is not eligible for getting processed by all BeanPostProcessors (for example: not eligible for auto-proxying)
09:51:15:433  INFO 21888 --- [main] trationDelegate$BeanPostProcessorChecker : Bean 'defaultsBindHandlerAdvisor' of type [org.springframework.cloud.commons.config.DefaultsBindHandlerAdvisor] is not eligible for getting processed by all BeanPostProcessors (for example: not eligible for auto-proxying)
09:51:15:439  INFO 21888 --- [main] trationDelegate$BeanPostProcessorChecker : Bean 'springCloudAlibabaConfiguration' of type [io.seata.spring.boot.autoconfigure.properties.SpringCloudAlibabaConfiguration] is not eligible for getting processed by all BeanPostProcessors (for example: not eligible for auto-proxying)
09:51:15:442  INFO 21888 --- [main] trationDelegate$BeanPostProcessorChecker : Bean 'seataProperties' of type [io.seata.spring.boot.autoconfigure.properties.SeataProperties] is not eligible for getting processed by all BeanPostProcessors (for example: not eligible for auto-proxying)
09:51:15:447  INFO 21888 --- [main] i.s.s.b.a.SeataAutoConfiguration         : Automatically configure Seata
09:51:15:548  INFO 21888 --- [main] io.seata.config.ConfigurationFactory     : load Configuration from :Spring Configuration
09:51:15:555  INFO 21888 --- [main] io.seata.config.ConfigurationFactory     : load Configuration from :Spring Configuration
09:51:15:642  INFO 21888 --- [main] i.s.s.a.GlobalTransactionScanner         : Initializing Global Transaction Clients ... 
09:51:15:720  INFO 21888 --- [main] i.s.core.rpc.netty.NettyClientBootstrap  : NettyClientBootstrap has started
09:51:15:751  INFO 21888 --- [main] com.alibaba.nacos.common.remote.client   : [RpcClientFactory] create a new rpc client of a85bb8b5-6c2a-4a54-9639-b99356a9773b
09:51:15:751  INFO 21888 --- [main] com.alibaba.nacos.common.remote.client   : [a85bb8b5-6c2a-4a54-9639-b99356a9773b] RpcClient init label, labels = {module=naming, source=sdk}
09:51:15:754  INFO 21888 --- [main] com.alibaba.nacos.common.remote.client   : [a85bb8b5-6c2a-4a54-9639-b99356a9773b] RpcClient init, ServerListFactory = com.alibaba.nacos.client.naming.core.ServerListManager
09:51:15:754  INFO 21888 --- [main] com.alibaba.nacos.common.remote.client   : [a85bb8b5-6c2a-4a54-9639-b99356a9773b] Registry connection listener to current client:com.alibaba.nacos.client.naming.remote.gprc.redo.NamingGrpcRedoService
09:51:15:755  INFO 21888 --- [main] com.alibaba.nacos.common.remote.client   : [a85bb8b5-6c2a-4a54-9639-b99356a9773b] Register server push request handler:com.alibaba.nacos.client.naming.remote.gprc.NamingPushRequestHandler
09:51:15:755  INFO 21888 --- [main] com.alibaba.nacos.common.remote.client   : [a85bb8b5-6c2a-4a54-9639-b99356a9773b] Try to connect to server on start up, server: {serverIp = '192.168.137.128', server main port = 8848}
09:51:15:877  INFO 21888 --- [main] com.alibaba.nacos.common.remote.client   : [a85bb8b5-6c2a-4a54-9639-b99356a9773b] Success to connect to server [192.168.137.128:8848] on start up, connectionId = 1712454675757_192.168.137.1_59425
09:51:15:877  INFO 21888 --- [main] com.alibaba.nacos.common.remote.client   : [a85bb8b5-6c2a-4a54-9639-b99356a9773b] Register server push request handler:com.alibaba.nacos.common.remote.client.RpcClient$ConnectResetRequestHandler
09:51:15:877  INFO 21888 --- [com.alibaba.nacos.client.remote.worker] com.alibaba.nacos.common.remote.client   : [a85bb8b5-6c2a-4a54-9639-b99356a9773b] Notify connected event to listeners.
09:51:15:877  INFO 21888 --- [main] com.alibaba.nacos.common.remote.client   : [a85bb8b5-6c2a-4a54-9639-b99356a9773b] Register server push request handler:com.alibaba.nacos.common.remote.client.RpcClient$$Lambda$741/0x00000008004cbc40
09:51:15:923  INFO 21888 --- [main] i.s.c.r.netty.NettyClientChannelManager  : will connect to 192.168.137.128:8099
09:51:16:484  INFO 21888 --- [nacos-grpc-client-executor-6] com.alibaba.nacos.common.remote.client   : [a85bb8b5-6c2a-4a54-9639-b99356a9773b] Receive server push request, request = NotifySubscriberRequest, requestId = 65
09:51:16:490  INFO 21888 --- [nacos-grpc-client-executor-6] com.alibaba.nacos.common.remote.client   : [a85bb8b5-6c2a-4a54-9639-b99356a9773b] Ack server push request, request = NotifySubscriberRequest, requestId = 65
09:51:16:578  INFO 21888 --- [main] i.s.core.rpc.netty.NettyPoolableFactory  : NettyPool create channel to transactionRole:TMROLE,address:192.168.137.128:8099,msg:< RegisterTMRequest{applicationId='item-service', transactionServiceGroup='hmall'} >
09:51:17:344  WARN 21888 --- [NettyClientSelector_TMROLE_1_1] ServiceLoader$InnerEnhancedServiceLoader : Load [io.seata.serializer.hessian.HessianSerializer] class fail. com/caucho/hessian/io/AbstractHessianOutput
09:51:17:367  INFO 21888 --- [main] i.s.c.rpc.netty.TmNettyRemotingClient    : register TM success. client version:1.5.2, server version:1.5.2,channel:[id: 0x0738f7a1, L:/192.168.137.1:59426 - R:/192.168.137.128:8099]
09:51:17:372  INFO 21888 --- [main] i.s.core.rpc.netty.NettyPoolableFactory  : register success, cost 53 ms, version:1.5.2,role:TMROLE,channel:[id: 0x0738f7a1, L:/192.168.137.1:59426 - R:/192.168.137.128:8099]
09:51:17:372  INFO 21888 --- [main] i.s.s.a.GlobalTransactionScanner         : Transaction Manager Client is initialized. applicationId[item-service] txServiceGroup[hmall]
09:51:17:382  INFO 21888 --- [main] io.seata.rm.datasource.AsyncWorker       : Async Commit Buffer Limit: 10000
09:51:17:383  INFO 21888 --- [main] i.s.rm.datasource.xa.ResourceManagerXA   : ResourceManagerXA init ...
09:51:17:389  INFO 21888 --- [main] i.s.core.rpc.netty.NettyClientBootstrap  : NettyClientBootstrap has started
09:51:17:389  INFO 21888 --- [main] i.s.s.a.GlobalTransactionScanner         : Resource Manager is initialized. applicationId[item-service] txServiceGroup[hmall]
09:51:17:390  INFO 21888 --- [main] i.s.s.a.GlobalTransactionScanner         : Global Transaction Clients are initialized. 
09:51:17:392  INFO 21888 --- [main] trationDelegate$BeanPostProcessorChecker : Bean 'io.seata.spring.boot.autoconfigure.SeataDataSourceAutoConfiguration' of type [io.seata.spring.boot.autoconfigure.SeataDataSourceAutoConfiguration] is not eligible for getting processed by all BeanPostProcessors (for example: not eligible for auto-proxying)
09:51:17:730  INFO 21888 --- [main] trationDelegate$BeanPostProcessorChecker : Bean 'com.alibaba.cloud.seata.feign.SeataFeignClientAutoConfiguration$FeignBeanPostProcessorConfiguration' of type [com.alibaba.cloud.seata.feign.SeataFeignClientAutoConfiguration$FeignBeanPostProcessorConfiguration] is not eligible for getting processed by all BeanPostProcessors (for example: not eligible for auto-proxying)
09:51:17:732  INFO 21888 --- [main] trationDelegate$BeanPostProcessorChecker : Bean 'seataFeignObjectWrapper' of type [com.alibaba.cloud.seata.feign.SeataFeignObjectWrapper] is not eligible for getting processed by all BeanPostProcessors (for example: not eligible for auto-proxying)
09:51:18:249  INFO 21888 --- [main] com.zaxxer.hikari.HikariDataSource       : HikariPool-1 - Starting...
09:51:18:588  INFO 21888 --- [main] com.zaxxer.hikari.HikariDataSource       : HikariPool-1 - Start completed.
09:51:18:721  INFO 21888 --- [main] i.s.c.r.netty.NettyClientChannelManager  : will connect to 192.168.137.128:8099
09:51:18:721  INFO 21888 --- [main] i.s.c.rpc.netty.RmNettyRemotingClient    : RM will register :jdbc:mysql://192.168.137.128:3306/hm-item
09:51:18:721  INFO 21888 --- [main] i.s.core.rpc.netty.NettyPoolableFactory  : NettyPool create channel to transactionRole:RMROLE,address:192.168.137.128:8099,msg:< RegisterRMRequest{resourceIds='jdbc:mysql://192.168.137.128:3306/hm-item', applicationId='item-service', transactionServiceGroup='hmall'} >
09:51:18:729  INFO 21888 --- [main] i.s.c.rpc.netty.RmNettyRemotingClient    : register RM success. client version:1.5.2, server version:1.5.2,channel:[id: 0x337e4104, L:/192.168.137.1:59432 - R:/192.168.137.128:8099]
09:51:18:729  INFO 21888 --- [main] i.s.core.rpc.netty.NettyPoolableFactory  : register success, cost 5 ms, version:1.5.2,role:RMROLE,channel:[id: 0x337e4104, L:/192.168.137.1:59432 - R:/192.168.137.128:8099]
09:51:21:703  INFO 21888 --- [main] c.a.c.sentinel.SentinelWebMvcConfigurer  : [Sentinel Starter] register SentinelWebInterceptor with urlPatterns: [/**].
09:51:23:731  INFO 21888 --- [main] pertySourcedRequestMappingHandlerMapping : Mapped URL path [/v2/api-docs] onto method [springfox.documentation.swagger2.web.Swagger2ControllerWebMvc#getDocumentation(String, HttpServletRequest)]
09:51:25:501  INFO 21888 --- [main] com.alibaba.nacos.common.remote.client   : [RpcClientFactory] create a new rpc client of c31fab92-89c8-43f6-8a26-9036e9204b77
09:51:25:502  INFO 21888 --- [main] com.alibaba.nacos.common.remote.client   : [c31fab92-89c8-43f6-8a26-9036e9204b77] RpcClient init label, labels = {module=naming, source=sdk}
09:51:25:502  INFO 21888 --- [main] com.alibaba.nacos.common.remote.client   : [c31fab92-89c8-43f6-8a26-9036e9204b77] RpcClient init, ServerListFactory = com.alibaba.nacos.client.naming.core.ServerListManager
09:51:25:502  INFO 21888 --- [main] com.alibaba.nacos.common.remote.client   : [c31fab92-89c8-43f6-8a26-9036e9204b77] Registry connection listener to current client:com.alibaba.nacos.client.naming.remote.gprc.redo.NamingGrpcRedoService
09:51:25:502  INFO 21888 --- [main] com.alibaba.nacos.common.remote.client   : [c31fab92-89c8-43f6-8a26-9036e9204b77] Register server push request handler:com.alibaba.nacos.client.naming.remote.gprc.NamingPushRequestHandler
09:51:25:503  INFO 21888 --- [main] com.alibaba.nacos.common.remote.client   : [c31fab92-89c8-43f6-8a26-9036e9204b77] Try to connect to server on start up, server: {serverIp = '192.168.137.128', server main port = 8848}
09:51:25:626  INFO 21888 --- [main] com.alibaba.nacos.common.remote.client   : [c31fab92-89c8-43f6-8a26-9036e9204b77] Success to connect to server [192.168.137.128:8848] on start up, connectionId = 1712454685504_192.168.137.1_59458
09:51:25:626  INFO 21888 --- [main] com.alibaba.nacos.common.remote.client   : [c31fab92-89c8-43f6-8a26-9036e9204b77] Register server push request handler:com.alibaba.nacos.common.remote.client.RpcClient$ConnectResetRequestHandler
09:51:25:626  INFO 21888 --- [com.alibaba.nacos.client.remote.worker] com.alibaba.nacos.common.remote.client   : [c31fab92-89c8-43f6-8a26-9036e9204b77] Notify connected event to listeners.
09:51:25:626  INFO 21888 --- [main] com.alibaba.nacos.common.remote.client   : [c31fab92-89c8-43f6-8a26-9036e9204b77] Register server push request handler:com.alibaba.nacos.common.remote.client.RpcClient$$Lambda$741/0x00000008004cbc40
09:51:25:637  INFO 21888 --- [main] d.s.w.p.DocumentationPluginsBootstrapper : Documentation plugins bootstrapped
09:51:25:641  INFO 21888 --- [main] d.s.w.p.DocumentationPluginsBootstrapper : Found 1 custom documentation plugin(s)
09:51:25:681  INFO 21888 --- [main] s.d.s.w.s.ApiListingReferenceScanner     : Scanning for api listing references
09:51:25:842  INFO 21888 --- [main] com.hmall.item.es.DocumentTest           : Started DocumentTest in 18.684 seconds (JVM running for 20.853)
09:51:25:849  INFO 21888 --- [main] c.a.c.n.refresh.NacosContextRefresher    : [Nacos Config] Listening config: dataId=item-service.yaml, group=DEFAULT_GROUP
09:51:25:851  INFO 21888 --- [main] c.a.c.n.refresh.NacosContextRefresher    : [Nacos Config] Listening config: dataId=item-service-local.yaml, group=DEFAULT_GROUP
09:51:25:852  INFO 21888 --- [main] c.a.c.n.refresh.NacosContextRefresher    : [Nacos Config] Listening config: dataId=item-service, group=DEFAULT_GROUP
09:51:26:198  INFO 21888 --- [nacos-grpc-client-executor-6] com.alibaba.nacos.common.remote.client   : [c31fab92-89c8-43f6-8a26-9036e9204b77] Receive server push request, request = NotifySubscriberRequest, requestId = 66
09:51:26:205  INFO 21888 --- [nacos-grpc-client-executor-6] com.alibaba.nacos.common.remote.client   : [c31fab92-89c8-43f6-8a26-9036e9204b77] Ack server push request, request = NotifySubscriberRequest, requestId = 66
09:51:26:369 DEBUG 21888 --- [main] c.h.item.mapper.ItemMapper.selectById    : ==>  Preparing: SELECT id,name,price,stock,image,category,brand,spec,sold,comment_count,isAD,status,create_time,update_time,creater,updater FROM item WHERE id=?
09:51:26:418 DEBUG 21888 --- [main] c.h.item.mapper.ItemMapper.selectById    : ==> Parameters: 1533902(Long)
09:51:26:454 DEBUG 21888 --- [main] c.h.item.mapper.ItemMapper.selectById    : <==      Total: 1
09:51:26:649  WARN 21888 --- [Thread-5] c.a.nacos.common.notify.NotifyCenter     : [NotifyCenter] Start destroying Publisher
09:51:26:649  WARN 21888 --- [Thread-5] c.a.nacos.common.notify.NotifyCenter     : [NotifyCenter] Destruction of the end
09:51:26:649  WARN 21888 --- [Thread-1] c.a.n.common.http.HttpClientBeanHolder   : [HttpClientBeanHolder] Start destroying common HttpClient
09:51:26:649  WARN 21888 --- [Thread-1] c.a.n.common.http.HttpClientBeanHolder   : [HttpClientBeanHolder] Destruction of the end
09:51:27:325  INFO 21888 --- [SpringContextShutdownHook] com.alibaba.nacos.common.remote.client   : Shutdown rpc client, set status to shutdown
09:51:27:325  INFO 21888 --- [SpringContextShutdownHook] com.alibaba.nacos.common.remote.client   : Shutdown client event executor java.util.concurrent.ScheduledThreadPoolExecutor@6a6f9fde[Running, pool size = 2, active threads = 2, queued tasks = 0, completed tasks = 0]
09:51:27:325  INFO 21888 --- [SpringContextShutdownHook] com.alibaba.nacos.common.remote.client   : Close current connection 1712454685504_192.168.137.1_59458
09:51:27:328  INFO 21888 --- [nacos-grpc-client-executor-9] c.a.n.c.remote.client.grpc.GrpcClient    : [1712454685504_192.168.137.1_59458]Ignore complete event,isRunning:false,isAbandon=false
09:51:27:330  INFO 21888 --- [SpringContextShutdownHook] c.a.n.c.remote.client.grpc.GrpcClient    : Shutdown grpc executor java.util.concurrent.ThreadPoolExecutor@3ca722af[Running, pool size = 10, active threads = 0, queued tasks = 0, completed tasks = 10]
09:51:27:334  INFO 21888 --- [SpringContextShutdownHook] com.zaxxer.hikari.HikariDataSource       : HikariPool-1 - Shutdown initiated...
09:51:27:344  INFO 21888 --- [SpringContextShutdownHook] com.zaxxer.hikari.HikariDataSource       : HikariPool-1 - Shutdown completed.
09:51:27:347  INFO 21888 --- [NettyClientSelector_RMROLE_1_1] i.s.c.r.n.AbstractNettyRemotingClient    : channel inactive: [id: 0x337e4104, L:/192.168.137.1:59432 ! R:/192.168.137.128:8099]
09:51:27:347  INFO 21888 --- [NettyClientSelector_RMROLE_1_1] i.s.c.r.netty.NettyClientChannelManager  : return to pool, rm channel:[id: 0x337e4104, L:/192.168.137.1:59432 ! R:/192.168.137.128:8099]
09:51:27:348  INFO 21888 --- [NettyClientSelector_RMROLE_1_1] i.s.core.rpc.netty.NettyPoolableFactory  : channel valid false,channel:[id: 0x337e4104, L:/192.168.137.1:59432 ! R:/192.168.137.128:8099]
09:51:27:349  INFO 21888 --- [NettyClientSelector_RMROLE_1_1] i.s.core.rpc.netty.NettyPoolableFactory  : will destroy channel:[id: 0x337e4104, L:/192.168.137.1:59432 ! R:/192.168.137.128:8099]
09:51:27:349  INFO 21888 --- [NettyClientSelector_RMROLE_1_1] i.s.c.r.n.AbstractNettyRemotingClient    : ChannelHandlerContext(AbstractNettyRemotingClient$ClientHandler#0, [id: 0x337e4104, L:/192.168.137.1:59432 ! R:/192.168.137.128:8099]) will closed
09:51:27:349  INFO 21888 --- [NettyClientSelector_RMROLE_1_1] i.s.c.r.n.AbstractNettyRemotingClient    : ChannelHandlerContext(AbstractNettyRemotingClient$ClientHandler#0, [id: 0x337e4104, L:/192.168.137.1:59432 ! R:/192.168.137.128:8099]) will closed
