21:53:13:856  INFO 6180 --- [main] com.hmall.user.UserApplication           : The following 1 profile is active: "local"
21:53:16:495  INFO 6180 --- [main] o.s.cloud.context.scope.GenericScope     : BeanFactory id=0ce693bc-d418-31c6-ba40-96125b6fb7eb
21:53:17:332  INFO 6180 --- [main] o.s.b.w.embedded.tomcat.TomcatWebServer  : Tomcat initialized with port(s): 8084 (http)
21:53:17:333  INFO 6180 --- [main] o.a.catalina.core.AprLifecycleListener   : An older version [1.2.23] of the Apache Tomcat Native library is installed, while Tomcat recommends a minimum version of [1.2.30]
21:53:17:334  INFO 6180 --- [main] o.a.catalina.core.AprLifecycleListener   : Loaded Apache Tomcat Native library [1.2.23] using APR version [1.7.0].
21:53:17:334  INFO 6180 --- [main] o.a.catalina.core.AprLifecycleListener   : APR capabilities: IPv6 [true], sendfile [true], accept filters [false], random [true], UDS [false].
21:53:17:334  INFO 6180 --- [main] o.a.catalina.core.AprLifecycleListener   : APR/OpenSSL configuration: useAprConnector [false], useOpenSSL [true]
21:53:17:340  INFO 6180 --- [main] o.a.catalina.core.AprLifecycleListener   : OpenSSL successfully initialized [OpenSSL 1.1.1c  28 May 2019]
21:53:17:354  INFO 6180 --- [main] o.apache.catalina.core.StandardService   : Starting service [Tomcat]
21:53:17:355  INFO 6180 --- [main] org.apache.catalina.core.StandardEngine  : Starting Servlet engine: [Apache Tomcat/9.0.75]
21:53:17:608  INFO 6180 --- [main] o.a.c.c.C.[Tomcat].[localhost].[/]       : Initializing Spring embedded WebApplicationContext
21:53:17:608  INFO 6180 --- [main] w.s.c.ServletWebServerApplicationContext : Root WebApplicationContext: initialization completed in 3731 ms
21:53:21:970  INFO 6180 --- [main] c.a.c.sentinel.SentinelWebMvcConfigurer  : [Sentinel Starter] register SentinelWebInterceptor with urlPatterns: [/**].
21:53:23:635  INFO 6180 --- [main] pertySourcedRequestMappingHandlerMapping : Mapped URL path [/v2/api-docs] onto method [springfox.documentation.swagger2.web.Swagger2ControllerWebMvc#getDocumentation(String, HttpServletRequest)]
21:53:25:529  INFO 6180 --- [main] com.alibaba.nacos.common.remote.client   : [RpcClientFactory] create a new rpc client of fc9bbcc4-2372-4dd5-8501-c1480002f227
21:53:25:529  INFO 6180 --- [main] com.alibaba.nacos.common.remote.client   : [fc9bbcc4-2372-4dd5-8501-c1480002f227] RpcClient init label, labels = {module=naming, source=sdk}
21:53:25:531  INFO 6180 --- [main] com.alibaba.nacos.common.remote.client   : [fc9bbcc4-2372-4dd5-8501-c1480002f227] RpcClient init, ServerListFactory = com.alibaba.nacos.client.naming.core.ServerListManager
21:53:25:531  INFO 6180 --- [main] com.alibaba.nacos.common.remote.client   : [fc9bbcc4-2372-4dd5-8501-c1480002f227] Registry connection listener to current client:com.alibaba.nacos.client.naming.remote.gprc.redo.NamingGrpcRedoService
21:53:25:531  INFO 6180 --- [main] com.alibaba.nacos.common.remote.client   : [fc9bbcc4-2372-4dd5-8501-c1480002f227] Register server push request handler:com.alibaba.nacos.client.naming.remote.gprc.NamingPushRequestHandler
21:53:25:531  INFO 6180 --- [main] com.alibaba.nacos.common.remote.client   : [fc9bbcc4-2372-4dd5-8501-c1480002f227] Try to connect to server on start up, server: {serverIp = '192.168.137.128', server main port = 8848}
21:53:25:650  INFO 6180 --- [main] com.alibaba.nacos.common.remote.client   : [fc9bbcc4-2372-4dd5-8501-c1480002f227] Success to connect to server [192.168.137.128:8848] on start up, connectionId = 1712325205736_192.168.137.1_62939
21:53:25:650  INFO 6180 --- [main] com.alibaba.nacos.common.remote.client   : [fc9bbcc4-2372-4dd5-8501-c1480002f227] Register server push request handler:com.alibaba.nacos.common.remote.client.RpcClient$ConnectResetRequestHandler
21:53:25:651  INFO 6180 --- [main] com.alibaba.nacos.common.remote.client   : [fc9bbcc4-2372-4dd5-8501-c1480002f227] Register server push request handler:com.alibaba.nacos.common.remote.client.RpcClient$$Lambda$476/0x0000000800423040
21:53:25:650  INFO 6180 --- [com.alibaba.nacos.client.remote.worker] com.alibaba.nacos.common.remote.client   : [fc9bbcc4-2372-4dd5-8501-c1480002f227] Notify connected event to listeners.
21:53:25:697  INFO 6180 --- [main] o.s.b.w.embedded.tomcat.TomcatWebServer  : Tomcat started on port(s): 8084 (http) with context path ''
21:53:25:709  INFO 6180 --- [main] c.a.c.n.registry.NacosServiceRegistry    : nacos registry, DEFAULT_GROUP user-service 192.168.137.1:8084 register finished
21:53:26:266  INFO 6180 --- [nacos-grpc-client-executor-7] com.alibaba.nacos.common.remote.client   : [fc9bbcc4-2372-4dd5-8501-c1480002f227] Receive server push request, request = NotifySubscriberRequest, requestId = 13
21:53:26:277  INFO 6180 --- [nacos-grpc-client-executor-7] com.alibaba.nacos.common.remote.client   : [fc9bbcc4-2372-4dd5-8501-c1480002f227] Ack server push request, request = NotifySubscriberRequest, requestId = 13
21:53:27:030  INFO 6180 --- [main] d.s.w.p.DocumentationPluginsBootstrapper : Documentation plugins bootstrapped
21:53:27:033  INFO 6180 --- [main] d.s.w.p.DocumentationPluginsBootstrapper : Found 1 custom documentation plugin(s)
21:53:27:055  INFO 6180 --- [main] s.d.s.w.s.ApiListingReferenceScanner     : Scanning for api listing references
21:53:27:203  INFO 6180 --- [main] com.hmall.user.UserApplication           : Started UserApplication in 21.972 seconds (JVM running for 25.845)
21:53:27:207  INFO 6180 --- [main] c.a.c.n.refresh.NacosContextRefresher    : [Nacos Config] Listening config: dataId=user-service.yaml, group=DEFAULT_GROUP
21:53:27:208  INFO 6180 --- [main] c.a.c.n.refresh.NacosContextRefresher    : [Nacos Config] Listening config: dataId=user-service-local.yaml, group=DEFAULT_GROUP
21:53:27:209  INFO 6180 --- [main] c.a.c.n.refresh.NacosContextRefresher    : [Nacos Config] Listening config: dataId=user-service, group=DEFAULT_GROUP
21:54:29:840  INFO 6180 --- [http-nio-8084-exec-1] o.a.c.c.C.[Tomcat].[localhost].[/]       : Initializing Spring DispatcherServlet 'dispatcherServlet'
21:54:29:840  INFO 6180 --- [http-nio-8084-exec-1] o.s.web.servlet.DispatcherServlet        : Initializing Servlet 'dispatcherServlet'
21:54:29:841  INFO 6180 --- [http-nio-8084-exec-1] o.s.web.servlet.DispatcherServlet        : Completed initialization in 1 ms
21:54:30:108  INFO 6180 --- [http-nio-8084-exec-1] com.zaxxer.hikari.HikariDataSource       : HikariPool-1 - Starting...
21:54:30:305  INFO 6180 --- [http-nio-8084-exec-1] com.zaxxer.hikari.HikariDataSource       : HikariPool-1 - Start completed.
21:54:30:311 DEBUG 6180 --- [http-nio-8084-exec-1] c.h.user.mapper.UserMapper.selectOne     : ==>  Preparing: SELECT id,username,password,phone,create_time,update_time,status,balance FROM user WHERE (username = ?)
21:54:30:329 DEBUG 6180 --- [http-nio-8084-exec-1] c.h.user.mapper.UserMapper.selectOne     : ==> Parameters: jack(String)
21:54:30:354 DEBUG 6180 --- [http-nio-8084-exec-1] c.h.user.mapper.UserMapper.selectOne     : <==      Total: 1
21:56:17:710 DEBUG 6180 --- [http-nio-8084-exec-3] c.h.u.mapper.AddressMapper.selectList    : ==>  Preparing: SELECT id,user_id,province,city,town,mobile,street,contact,is_default,notes FROM address WHERE (user_id = ?)
21:56:17:711 DEBUG 6180 --- [http-nio-8084-exec-3] c.h.u.mapper.AddressMapper.selectList    : ==> Parameters: 1(Long)
21:56:17:716 DEBUG 6180 --- [http-nio-8084-exec-3] c.h.u.mapper.AddressMapper.selectList    : <==      Total: 4
22:02:17:826 DEBUG 6180 --- [http-nio-8084-exec-5] c.h.u.mapper.AddressMapper.selectList    : ==>  Preparing: SELECT id,user_id,province,city,town,mobile,street,contact,is_default,notes FROM address WHERE (user_id = ?)
22:02:17:827 DEBUG 6180 --- [http-nio-8084-exec-5] c.h.u.mapper.AddressMapper.selectList    : ==> Parameters: 1(Long)
22:02:17:829 DEBUG 6180 --- [http-nio-8084-exec-5] c.h.u.mapper.AddressMapper.selectList    : <==      Total: 4
22:06:47:132 DEBUG 6180 --- [http-nio-8084-exec-7] c.h.u.mapper.AddressMapper.selectList    : ==>  Preparing: SELECT id,user_id,province,city,town,mobile,street,contact,is_default,notes FROM address WHERE (user_id = ?)
22:06:47:133 DEBUG 6180 --- [http-nio-8084-exec-7] c.h.u.mapper.AddressMapper.selectList    : ==> Parameters: 1(Long)
22:06:47:135 DEBUG 6180 --- [http-nio-8084-exec-7] c.h.u.mapper.AddressMapper.selectList    : <==      Total: 4
22:13:36:617 DEBUG 6180 --- [http-nio-8084-exec-9] c.h.u.mapper.AddressMapper.selectList    : ==>  Preparing: SELECT id,user_id,province,city,town,mobile,street,contact,is_default,notes FROM address WHERE (user_id = ?)
22:13:36:618 DEBUG 6180 --- [http-nio-8084-exec-9] c.h.u.mapper.AddressMapper.selectList    : ==> Parameters: 1(Long)
22:13:36:623 DEBUG 6180 --- [http-nio-8084-exec-9] c.h.u.mapper.AddressMapper.selectList    : <==      Total: 4
22:13:42:572 DEBUG 6180 --- [http-nio-8084-exec-10] c.h.u.mapper.AddressMapper.selectList    : ==>  Preparing: SELECT id,user_id,province,city,town,mobile,street,contact,is_default,notes FROM address WHERE (user_id = ?)
22:13:42:572 DEBUG 6180 --- [http-nio-8084-exec-10] c.h.u.mapper.AddressMapper.selectList    : ==> Parameters: 1(Long)
22:13:42:574 DEBUG 6180 --- [http-nio-8084-exec-10] c.h.u.mapper.AddressMapper.selectList    : <==      Total: 4
22:25:23:801 DEBUG 6180 --- [http-nio-8084-exec-2] c.h.user.mapper.UserMapper.selectOne     : ==>  Preparing: SELECT id,username,password,phone,create_time,update_time,status,balance FROM user WHERE (username = ?)
22:25:23:801 DEBUG 6180 --- [http-nio-8084-exec-2] c.h.user.mapper.UserMapper.selectOne     : ==> Parameters: jack(String)
22:25:23:803 DEBUG 6180 --- [http-nio-8084-exec-2] c.h.user.mapper.UserMapper.selectOne     : <==      Total: 1
22:25:27:524 DEBUG 6180 --- [http-nio-8084-exec-3] c.h.u.mapper.AddressMapper.selectList    : ==>  Preparing: SELECT id,user_id,province,city,town,mobile,street,contact,is_default,notes FROM address WHERE (user_id = ?)
22:25:27:524 DEBUG 6180 --- [http-nio-8084-exec-3] c.h.u.mapper.AddressMapper.selectList    : ==> Parameters: 1(Long)
22:25:27:527 DEBUG 6180 --- [http-nio-8084-exec-3] c.h.u.mapper.AddressMapper.selectList    : <==      Total: 4
22:32:41:983 DEBUG 6180 --- [http-nio-8084-exec-5] c.h.u.mapper.AddressMapper.selectList    : ==>  Preparing: SELECT id,user_id,province,city,town,mobile,street,contact,is_default,notes FROM address WHERE (user_id = ?)
22:32:41:983 DEBUG 6180 --- [http-nio-8084-exec-5] c.h.u.mapper.AddressMapper.selectList    : ==> Parameters: 1(Long)
22:32:41:985 DEBUG 6180 --- [http-nio-8084-exec-5] c.h.u.mapper.AddressMapper.selectList    : <==      Total: 4
22:34:02:692 DEBUG 6180 --- [http-nio-8084-exec-7] c.h.u.mapper.AddressMapper.selectList    : ==>  Preparing: SELECT id,user_id,province,city,town,mobile,street,contact,is_default,notes FROM address WHERE (user_id = ?)
22:34:02:692 DEBUG 6180 --- [http-nio-8084-exec-7] c.h.u.mapper.AddressMapper.selectList    : ==> Parameters: 1(Long)
22:34:02:694 DEBUG 6180 --- [http-nio-8084-exec-7] c.h.u.mapper.AddressMapper.selectList    : <==      Total: 4
22:34:37:151  INFO 6180 --- [http-nio-8084-exec-8] c.h.user.service.impl.UserServiceImpl    : 开始扣款
22:34:37:152 DEBUG 6180 --- [http-nio-8084-exec-8] c.h.user.mapper.UserMapper.selectById    : ==>  Preparing: SELECT id,username,password,phone,create_time,update_time,status,balance FROM user WHERE id=?
22:34:37:153 DEBUG 6180 --- [http-nio-8084-exec-8] c.h.user.mapper.UserMapper.selectById    : ==> Parameters: 1(Long)
22:34:37:154 DEBUG 6180 --- [http-nio-8084-exec-8] c.h.user.mapper.UserMapper.selectById    : <==      Total: 1
22:34:37:228 DEBUG 6180 --- [http-nio-8084-exec-8] c.h.user.mapper.UserMapper.updateMoney   : ==>  Preparing: update user set balance = balance - 112500 where id = ?
22:34:37:228 DEBUG 6180 --- [http-nio-8084-exec-8] c.h.user.mapper.UserMapper.updateMoney   : ==> Parameters: 1(Long)
22:34:37:231 DEBUG 6180 --- [http-nio-8084-exec-8] c.h.user.mapper.UserMapper.updateMoney   : <==    Updates: 1
22:34:37:231  INFO 6180 --- [http-nio-8084-exec-8] c.h.user.service.impl.UserServiceImpl    : 扣款成功
22:35:04:970  WARN 6180 --- [Thread-1] c.a.n.common.http.HttpClientBeanHolder   : [HttpClientBeanHolder] Start destroying common HttpClient
22:35:04:970  WARN 6180 --- [Thread-5] c.a.nacos.common.notify.NotifyCenter     : [NotifyCenter] Start destroying Publisher
22:35:04:970  WARN 6180 --- [Thread-5] c.a.nacos.common.notify.NotifyCenter     : [NotifyCenter] Destruction of the end
22:35:04:971  WARN 6180 --- [Thread-1] c.a.n.common.http.HttpClientBeanHolder   : [HttpClientBeanHolder] Destruction of the end
22:35:05:802  INFO 6180 --- [SpringApplicationShutdownHook] c.a.c.n.registry.NacosServiceRegistry    : De-registering from Nacos Server now...
22:35:05:804  INFO 6180 --- [SpringApplicationShutdownHook] c.a.c.n.registry.NacosServiceRegistry    : De-registration finished.
22:35:06:127  INFO 6180 --- [SpringApplicationShutdownHook] com.alibaba.nacos.common.remote.client   : Shutdown rpc client, set status to shutdown
22:35:06:127  INFO 6180 --- [SpringApplicationShutdownHook] com.alibaba.nacos.common.remote.client   : Shutdown client event executor java.util.concurrent.ScheduledThreadPoolExecutor@4103d08c[Running, pool size = 2, active threads = 2, queued tasks = 0, completed tasks = 0]
22:35:06:127  INFO 6180 --- [SpringApplicationShutdownHook] com.alibaba.nacos.common.remote.client   : Close current connection 1712325205736_192.168.137.1_62939
22:35:06:129  INFO 6180 --- [nacos-grpc-client-executor-519] c.a.n.c.remote.client.grpc.GrpcClient    : [1712325205736_192.168.137.1_62939]Ignore complete event,isRunning:false,isAbandon=false
22:35:06:132  INFO 6180 --- [SpringApplicationShutdownHook] c.a.n.c.remote.client.grpc.GrpcClient    : Shutdown grpc executor java.util.concurrent.ThreadPoolExecutor@4324e625[Running, pool size = 5, active threads = 0, queued tasks = 0, completed tasks = 520]
22:35:06:136  INFO 6180 --- [SpringApplicationShutdownHook] com.zaxxer.hikari.HikariDataSource       : HikariPool-1 - Shutdown initiated...
22:35:06:151  INFO 6180 --- [SpringApplicationShutdownHook] com.zaxxer.hikari.HikariDataSource       : HikariPool-1 - Shutdown completed.
